This file contains any messages produced by compilers while
running configure, to aid debugging if configure makes a mistake.

It was created by configure, which was
generated by GNU Autoconf 2.67.  Invocation command line was

  $ ./configure 

## --------- ##
## Platform. ##
## --------- ##

hostname = Chriss-iPad
uname -m = iPad1,1
uname -r = 10.4.0
uname -s = Darwin
uname -v = Darwin Kernel Version 10.4.0: Wed Oct 20 20:14:45 PDT 2010; root:xnu-1504.58.28~3/RELEASE_ARM_S5L8930X

/usr/bin/uname -p = unknown
/bin/uname -X     = unknown

/bin/arch              = unknown
/usr/bin/arch -k       = unknown
/usr/convex/getsysinfo = unknown
/usr/bin/hostinfo      = Mach kernel version:
	 Darwin Kernel Version 10.4.0: Wed Oct 20 20:14:45 PDT 2010; root:xnu-1504.58.28~3/RELEASE_ARM_S5L8930X
Kernel configured for a single processor only.
1 processor is physically available.
1 processor is logically available.
Processor type: armv7 (arm v7)
Processor active: 0
Primary memory available: 247.00 megabytes
Default processor set: 42 tasks, 257 threads, 1 processors
Load average: 3.09, Mach factor: 0.19
/bin/machine           = unknown
/usr/bin/oslevel       = unknown
/bin/universe          = unknown

PATH: /usr/local/sbin
PATH: /usr/local/bin
PATH: /usr/sbin
PATH: /usr/bin
PATH: /sbin
PATH: /bin
PATH: /usr/bin/X11
PATH: /usr/games
PATH: /var/mobile/ocaml-3.12.0/bin


## ----------- ##
## Core tests. ##
## ----------- ##

configure:2577: checking for ICU version numbers
configure:2609: result: release 4.8.1.1, library 48.1.1, unicode version 6.0
configure:2648: checking build system type
configure:2662: result: arm-apple-darwin10.4.0
configure:2682: checking host system type
configure:2695: result: arm-apple-darwin10.4.0
configure:2715: checking target system type
configure:2728: result: arm-apple-darwin10.4.0
configure:2763: checking whether to build debug libraries
configure:2775: result: no
configure:2780: checking whether to build release libraries
configure:2792: result: yes
configure:2849: checking for gcc
configure:2876: result: /usr/bin/gcc
configure:3105: checking for C compiler version
configure:3114: /usr/bin/gcc --version >&5
gcc (GCC) 4.2.1 (Based on Apple Inc. build 5555)
Copyright (C) 2007 Free Software Foundation, Inc.
This is free software; see the source for copying conditions.  There is NO
warranty; not even for MERCHANTABILITY or FITNESS FOR A PARTICULAR PURPOSE.

configure:3125: $? = 0
configure:3114: /usr/bin/gcc -v >&5
Using built-in specs.
Target: arm-apple-darwin9
Configured with: ../llvm-gcc-4.2/configure --build=x86_64-unknown-linux-gnu --host=arm-apple-darwin9 --enable-static=no --enable-shared=yes --prefix=/usr --localstatedir=/var/cache/iphone-gcc --enable-languages=c,c++,objc,obj-c++ --enable-wchar_t=no --with-gxx-include-dir=/usr/include/c++/4.0.0
Thread model: posix
gcc version 4.2.1 (Based on Apple Inc. build 5555)
configure:3125: $? = 0
configure:3114: /usr/bin/gcc -V >&5
gcc: '-V' option must have argument
configure:3125: $? = 1
configure:3114: /usr/bin/gcc -qversion >&5
gcc: no input files
configure:3125: $? = 1
configure:3145: checking whether the C compiler works
configure:3167: /usr/bin/gcc    conftest.c  >&5
configure:3171: $? = 0
configure:3219: result: yes
configure:3222: checking for C compiler default output file name
configure:3224: result: a.out
configure:3230: checking for suffix of executables
configure:3237: /usr/bin/gcc -o conftest    conftest.c  >&5
configure:3241: $? = 0
configure:3263: result: 
configure:3285: checking whether we are cross compiling
configure:3293: /usr/bin/gcc -o conftest    conftest.c  >&5
configure:3297: $? = 0
configure:3304: ./conftest
configure:3308: $? = 0
configure:3323: result: no
configure:3328: checking for suffix of object files
configure:3350: /usr/bin/gcc -c   conftest.c >&5
configure:3354: $? = 0
configure:3375: result: o
configure:3379: checking whether we are using the GNU C compiler
configure:3398: /usr/bin/gcc -c   conftest.c >&5
configure:3398: $? = 0
configure:3407: result: yes
configure:3416: checking whether /usr/bin/gcc accepts -g
configure:3436: /usr/bin/gcc -c -g  conftest.c >&5
configure:3436: $? = 0
configure:3477: result: yes
configure:3494: checking for /usr/bin/gcc option to accept ISO C89
configure:3558: /usr/bin/gcc  -c   conftest.c >&5
configure:3558: $? = 0
configure:3571: result: none needed
configure:3649: checking for g++
configure:3665: found /usr/bin/g++
configure:3676: result: g++
configure:3703: checking for C++ compiler version
configure:3712: g++ --version >&5
g++ (GCC) 4.2.1 (Based on Apple Inc. build 5555)
Copyright (C) 2007 Free Software Foundation, Inc.
This is free software; see the source for copying conditions.  There is NO
warranty; not even for MERCHANTABILITY or FITNESS FOR A PARTICULAR PURPOSE.

configure:3723: $? = 0
configure:3712: g++ -v >&5
Using built-in specs.
Target: arm-apple-darwin9
Configured with: ../llvm-gcc-4.2/configure --build=x86_64-unknown-linux-gnu --host=arm-apple-darwin9 --enable-static=no --enable-shared=yes --prefix=/usr --localstatedir=/var/cache/iphone-gcc --enable-languages=c,c++,objc,obj-c++ --enable-wchar_t=no --with-gxx-include-dir=/usr/include/c++/4.0.0
Thread model: posix
gcc version 4.2.1 (Based on Apple Inc. build 5555)
configure:3723: $? = 0
configure:3712: g++ -V >&5
g++: '-V' option must have argument
configure:3723: $? = 1
configure:3712: g++ -qversion >&5
g++: no input files
configure:3723: $? = 1
configure:3727: checking whether we are using the GNU C++ compiler
configure:3746: g++ -c   conftest.cpp >&5
configure:3746: $? = 0
configure:3755: result: yes
configure:3764: checking whether g++ accepts -g
configure:3784: g++ -c -g  conftest.cpp >&5
configure:3784: $? = 0
configure:3825: result: yes
configure:3875: checking how to run the C preprocessor
configure:3906: /usr/bin/gcc -E  conftest.c
configure:3906: $? = 0
configure:3920: /usr/bin/gcc -E  conftest.c
conftest.c:9:28: error: ac_nonexistent.h: No such file or directory
configure:3920: $? = 1
configure: failed program was:
| /* confdefs.h */
| #define PACKAGE_NAME ""
| #define PACKAGE_TARNAME ""
| #define PACKAGE_VERSION ""
| #define PACKAGE_STRING ""
| #define PACKAGE_BUGREPORT ""
| #define PACKAGE_URL ""
| /* end confdefs.h.  */
| #include <ac_nonexistent.h>
configure:3945: result: /usr/bin/gcc -E
configure:3965: /usr/bin/gcc -E  conftest.c
configure:3965: $? = 0
configure:3979: /usr/bin/gcc -E  conftest.c
conftest.c:9:28: error: ac_nonexistent.h: No such file or directory
configure:3979: $? = 1
configure: failed program was:
| /* confdefs.h */
| #define PACKAGE_NAME ""
| #define PACKAGE_TARNAME ""
| #define PACKAGE_VERSION ""
| #define PACKAGE_STRING ""
| #define PACKAGE_BUGREPORT ""
| #define PACKAGE_URL ""
| /* end confdefs.h.  */
| #include <ac_nonexistent.h>
configure:4022: checking for a BSD-compatible install
configure:4090: result: /usr/bin/install -c
configure:4122: g++ -o conftest  -O2   conftest.cpp  >&5
configure:4122: $? = 0
configure:4150: checking for gmake
configure:4168: found /usr/local/bin/gmake
configure:4180: result: /usr/local/bin/gmake
configure:4225: checking for doxygen
configure:4259: result: no
configure:4279: checking checking for executable suffix
configure:4286: result: 
configure:4292: checking whether strict compiling is on
configure:4308: result: yes
configure:4356: checking for grep that handles long lines and -e
configure:4414: result: /bin/grep
configure:4419: checking for egrep
configure:4481: result: /bin/grep -E
configure:4486: checking for ANSI C header files
configure:4506: /usr/bin/gcc -c  -O2 -Wall -ansi -pedantic -Wshadow -Wpointer-arith -Wmissing-prototypes -Wwrite-strings -Wno-long-long  conftest.c >&5
configure:4506: $? = 0
configure:4579: /usr/bin/gcc -o conftest  -O2 -Wall -ansi -pedantic -Wshadow -Wpointer-arith -Wmissing-prototypes -Wwrite-strings -Wno-long-long   conftest.c  >&5
configure:4579: $? = 0
configure:4579: ./conftest
configure:4579: $? = 0
configure:4590: result: yes
configure:4603: checking for sys/types.h
configure:4603: /usr/bin/gcc -c  -O2 -Wall -ansi -pedantic -Wshadow -Wpointer-arith -Wmissing-prototypes -Wwrite-strings -Wno-long-long  conftest.c >&5
configure:4603: $? = 0
configure:4603: result: yes
configure:4603: checking for sys/stat.h
configure:4603: /usr/bin/gcc -c  -O2 -Wall -ansi -pedantic -Wshadow -Wpointer-arith -Wmissing-prototypes -Wwrite-strings -Wno-long-long  conftest.c >&5
configure:4603: $? = 0
configure:4603: result: yes
configure:4603: checking for stdlib.h
configure:4603: /usr/bin/gcc -c  -O2 -Wall -ansi -pedantic -Wshadow -Wpointer-arith -Wmissing-prototypes -Wwrite-strings -Wno-long-long  conftest.c >&5
configure:4603: $? = 0
configure:4603: result: yes
configure:4603: checking for string.h
configure:4603: /usr/bin/gcc -c  -O2 -Wall -ansi -pedantic -Wshadow -Wpointer-arith -Wmissing-prototypes -Wwrite-strings -Wno-long-long  conftest.c >&5
configure:4603: $? = 0
configure:4603: result: yes
configure:4603: checking for memory.h
configure:4603: /usr/bin/gcc -c  -O2 -Wall -ansi -pedantic -Wshadow -Wpointer-arith -Wmissing-prototypes -Wwrite-strings -Wno-long-long  conftest.c >&5
configure:4603: $? = 0
configure:4603: result: yes
configure:4603: checking for strings.h
configure:4603: /usr/bin/gcc -c  -O2 -Wall -ansi -pedantic -Wshadow -Wpointer-arith -Wmissing-prototypes -Wwrite-strings -Wno-long-long  conftest.c >&5
configure:4603: $? = 0
configure:4603: result: yes
configure:4603: checking for inttypes.h
configure:4603: /usr/bin/gcc -c  -O2 -Wall -ansi -pedantic -Wshadow -Wpointer-arith -Wmissing-prototypes -Wwrite-strings -Wno-long-long  conftest.c >&5
configure:4603: $? = 0
configure:4603: result: yes
configure:4603: checking for stdint.h
configure:4603: /usr/bin/gcc -c  -O2 -Wall -ansi -pedantic -Wshadow -Wpointer-arith -Wmissing-prototypes -Wwrite-strings -Wno-long-long  conftest.c >&5
configure:4603: $? = 0
configure:4603: result: yes
configure:4603: checking for unistd.h
configure:4603: /usr/bin/gcc -c  -O2 -Wall -ansi -pedantic -Wshadow -Wpointer-arith -Wmissing-prototypes -Wwrite-strings -Wno-long-long  conftest.c >&5
configure:4603: $? = 0
configure:4603: result: yes
configure:4652: checking size of void *
configure:4657: /usr/bin/gcc -o conftest  -O2 -Wall -ansi -pedantic -Wshadow -Wpointer-arith -Wmissing-prototypes -Wwrite-strings -Wno-long-long   conftest.c  >&5
configure:4657: $? = 0
configure:4657: ./conftest
configure:4657: $? = 0
configure:4671: result: 4
configure:4681: checking whether runnable 64 bit binaries are built by default
configure:4738: result: no
configure:5082: checking which Makefile fragment to use for arm-apple-darwin10.4.0
configure:5163: result: mh-darwin
configure:5212: checking for floor in -lm
configure:5237: /usr/bin/gcc -o conftest  -O2 -Wall -ansi -pedantic -Wshadow -Wpointer-arith -Wmissing-prototypes -Wwrite-strings -Wno-long-long   conftest.c -lm   >&5
conftest.c:27: warning: conflicting types for built-in function 'floor'
configure:5237: $? = 0
configure:5246: result: yes
configure:5262: checking whether to build shared libraries
configure:5277: result: yes
configure:5282: checking whether to build static libraries
configure:5294: result: no
configure:5299: checking whether to enable auto cleanup of libraries
configure:5311: result: no
configure:5350: checking whether to enable draft APIs
configure:5362: result: yes
configure:5371: checking for library API export
configure:5394: /usr/bin/gcc -o conftest  -O2 -Wall -ansi -pedantic -Wshadow -Wpointer-arith -Wmissing-prototypes -Wwrite-strings -Wno-long-long -fvisibility=hidden   conftest.c -lm  >&5
configure:5394: $? = 0
configure:5449: result: yes
configure:5498: checking for ranlib
configure:5514: found /usr/bin/ranlib
configure:5525: result: ranlib
configure:5593: checking for ar
configure:5609: found /usr/bin/ar
configure:5620: result: ar
configure:5647: checking whether to enable renaming of symbols
configure:5660: result: yes
configure:5664: checking whether to enable function and data tracing
configure:5677: result: no
configure:5683: checking whether to enable dynamic loading of plugins
configure:5704: checking dlfcn.h usability
configure:5704: /usr/bin/gcc -c  -O2 -Wall -ansi -pedantic -Wshadow -Wpointer-arith -Wmissing-prototypes -Wwrite-strings -Wno-long-long  conftest.c >&5
configure:5704: $? = 0
configure:5704: result: yes
configure:5704: checking dlfcn.h presence
configure:5704: /usr/bin/gcc -E  conftest.c
configure:5704: $? = 0
configure:5704: result: yes
configure:5704: checking for dlfcn.h
configure:5704: result: yes
configure:5717: checking for library containing dlopen
configure:5748: /usr/bin/gcc -o conftest  -O2 -Wall -ansi -pedantic -Wshadow -Wpointer-arith -Wmissing-prototypes -Wwrite-strings -Wno-long-long   conftest.c -lm  >&5
configure:5748: $? = 0
configure:5765: result: none required
configure:5775: checking for dlopen
configure:5775: /usr/bin/gcc -o conftest  -O2 -Wall -ansi -pedantic -Wshadow -Wpointer-arith -Wmissing-prototypes -Wwrite-strings -Wno-long-long   conftest.c -lm  >&5
configure:5775: $? = 0
configure:5775: result: yes
configure:5795: checking for gettimeofday
configure:5795: /usr/bin/gcc -o conftest  -O2 -Wall -ansi -pedantic -Wshadow -Wpointer-arith -Wmissing-prototypes -Wwrite-strings -Wno-long-long   conftest.c -lm  >&5
configure:5795: $? = 0
configure:5795: result: yes
configure:5824: checking for definition of U_INLINE for C
configure:5842: /usr/bin/gcc -c  -O2 -Wall -ansi -pedantic -Wshadow -Wpointer-arith -Wmissing-prototypes -Wwrite-strings -Wno-long-long  conftest.c >&5
conftest.c:28: error: expected '=', ',', ';', 'asm' or '__attribute__' before 'int'
configure:5842: $? = 1
configure: failed program was:
| /* confdefs.h */
| #define PACKAGE_NAME ""
| #define PACKAGE_TARNAME ""
| #define PACKAGE_VERSION ""
| #define PACKAGE_STRING ""
| #define PACKAGE_BUGREPORT ""
| #define PACKAGE_URL ""
| #define STDC_HEADERS 1
| #define HAVE_SYS_TYPES_H 1
| #define HAVE_SYS_STAT_H 1
| #define HAVE_STDLIB_H 1
| #define HAVE_STRING_H 1
| #define HAVE_MEMORY_H 1
| #define HAVE_STRINGS_H 1
| #define HAVE_INTTYPES_H 1
| #define HAVE_STDINT_H 1
| #define HAVE_UNISTD_H 1
| #define SIZEOF_VOID_P 4
| #define HAVE_LIBM 1
| #define HAVE_DLFCN_H 1
| #define HAVE_DLOPEN 1
| #define HAVE_GETTIMEOFDAY 1
| /* end confdefs.h.  */
| 
| int
| main ()
| {
| return 0;} inline int foo() {
|   ;
|   return 0;
| }
configure:5842: /usr/bin/gcc -c  -O2 -Wall -ansi -pedantic -Wshadow -Wpointer-arith -Wmissing-prototypes -Wwrite-strings -Wno-long-long  conftest.c >&5
conftest.c:28: warning: no previous prototype for 'foo'
configure:5842: $? = 0
configure:5849: result: __inline__
configure:5868: checking if we have a C++ compiler
configure:5881: g++ -c  -O2 -W -Wall -ansi -pedantic -Wpointer-arith -Wwrite-strings -Wno-long-long  conftest.cpp >&5
configure:5881: $? = 0
configure:5889: result: congratulations
configure:5897: checking if #include <string> works
configure:5910: g++ -c  -O2 -W -Wall -ansi -pedantic -Wpointer-arith -Wwrite-strings -Wno-long-long  conftest.cpp >&5
configure:5910: $? = 0
configure:5916: result: yes
configure:5961: checking for pthread_attr_init in -lpthread
configure:5986: /usr/bin/gcc -o conftest  -O2 -Wall -ansi -pedantic -Wshadow -Wpointer-arith -Wmissing-prototypes -Wwrite-strings -Wno-long-long   conftest.c -lpthread  -lm  >&5
configure:5986: $? = 0
configure:5995: result: yes
configure:6200: checking for mmap
configure:6219: /usr/bin/gcc -o conftest  -O2 -Wall -ansi -pedantic -Wshadow -Wpointer-arith -Wmissing-prototypes -Wwrite-strings -Wno-long-long   conftest.c -lpthread -lm  >&5
configure:6219: $? = 0
configure:6228: result: yes
configure:6236: checking for genccode assembly
configure:6270: result: 
configure:6276: checking for inttypes.h
configure:6276: result: yes
configure:6303: checking dirent.h usability
configure:6303: /usr/bin/gcc -c  -O2 -Wall -ansi -pedantic -Wshadow -Wpointer-arith -Wmissing-prototypes -Wwrite-strings -Wno-long-long  conftest.c >&5
configure:6303: $? = 0
configure:6303: result: yes
configure:6303: checking dirent.h presence
configure:6303: /usr/bin/gcc -E  conftest.c
configure:6303: $? = 0
configure:6303: result: yes
configure:6303: checking for dirent.h
configure:6303: result: yes
configure:6352: checking for iostream usability
configure:6365: g++ -c  -O2 -W -Wall -ansi -pedantic -Wpointer-arith -Wwrite-strings -Wno-long-long  conftest.cpp >&5
configure:6365: $? = 0
configure:6378: result: yes
configure:6443: checking whether byte ordering is bigendian
configure:6458: /usr/bin/gcc -c  -O2 -Wall -ansi -pedantic -Wshadow -Wpointer-arith -Wmissing-prototypes -Wwrite-strings -Wno-long-long  conftest.c >&5
configure:6458: $? = 0
configure:6503: /usr/bin/gcc -c  -O2 -Wall -ansi -pedantic -Wshadow -Wpointer-arith -Wmissing-prototypes -Wwrite-strings -Wno-long-long  conftest.c >&5
configure:6503: $? = 0
configure:6521: /usr/bin/gcc -c  -O2 -Wall -ansi -pedantic -Wshadow -Wpointer-arith -Wmissing-prototypes -Wwrite-strings -Wno-long-long  conftest.c >&5
conftest.c: In function 'main':
conftest.c:34: error: 'not' undeclared (first use in this function)
conftest.c:34: error: (Each undeclared identifier is reported only once
conftest.c:34: error: for each function it appears in.)
conftest.c:34: error: expected ';' before 'big'
configure:6521: $? = 1
configure: failed program was:
| /* confdefs.h */
| #define PACKAGE_NAME ""
| #define PACKAGE_TARNAME ""
| #define PACKAGE_VERSION ""
| #define PACKAGE_STRING ""
| #define PACKAGE_BUGREPORT ""
| #define PACKAGE_URL ""
| #define STDC_HEADERS 1
| #define HAVE_SYS_TYPES_H 1
| #define HAVE_SYS_STAT_H 1
| #define HAVE_STDLIB_H 1
| #define HAVE_STRING_H 1
| #define HAVE_MEMORY_H 1
| #define HAVE_STRINGS_H 1
| #define HAVE_INTTYPES_H 1
| #define HAVE_STDINT_H 1
| #define HAVE_UNISTD_H 1
| #define SIZEOF_VOID_P 4
| #define HAVE_LIBM 1
| #define HAVE_DLFCN_H 1
| #define HAVE_DLOPEN 1
| #define HAVE_GETTIMEOFDAY 1
| #define HAVE_LIBPTHREAD 1
| #define HAVE_INTTYPES_H 1
| #define HAVE_DIRENT_H 1
| /* end confdefs.h.  */
| #include <sys/types.h>
| 		#include <sys/param.h>
| 
| int
| main ()
| {
| #if BYTE_ORDER != BIG_ENDIAN
| 		 not big endian
| 		#endif
| 
|   ;
|   return 0;
| }
configure:6649: result: no
configure:6679: checking for nl_langinfo
configure:6679: /usr/bin/gcc -o conftest  -O2 -Wall -ansi -pedantic -Wshadow -Wpointer-arith -Wmissing-prototypes -Wwrite-strings -Wno-long-long   conftest.c -lpthread -lm  >&5
configure:6679: $? = 0
configure:6679: result: yes
configure:6687: checking for nl_langinfo's argument to obtain the codeset
configure:6705: /usr/bin/gcc -o conftest  -O2 -Wall -ansi -pedantic -Wshadow -Wpointer-arith -Wmissing-prototypes -Wwrite-strings -Wno-long-long   conftest.c -lpthread -lm  >&5
configure:6705: $? = 0
configure:6712: result: CODESET
configure:6730: checking for namespace support
configure:6749: g++ -o conftest  -O2 -W -Wall -ansi -pedantic -Wpointer-arith -Wwrite-strings -Wno-long-long   conftest.cpp -lpthread -lm  >&5
configure:6749: $? = 0
configure:6758: result: yes
configure:6767: checking for properly overriding new and delete
configure:6793: g++ -o conftest  -O2 -W -Wall -ansi -pedantic -Wpointer-arith -Wwrite-strings -Wno-long-long   conftest.cpp -lpthread -lm  >&5
configure:6793: $? = 0
configure:6802: result: yes
configure:6807: checking for placement new and delete
configure:6833: g++ -o conftest  -O2 -W -Wall -ansi -pedantic -Wpointer-arith -Wwrite-strings -Wno-long-long   conftest.cpp -lpthread -lm  >&5
configure:6833: $? = 0
configure:6842: result: yes
configure:6860: checking for gcc atomic functions
configure:6881: /usr/bin/gcc -o conftest  -O2 -Wall -ansi -pedantic -Wshadow -Wpointer-arith -Wmissing-prototypes -Wwrite-strings -Wno-long-long   conftest.c -lpthread -lm  >&5
conftest.c: In function 'main':
conftest.c:37: warning: value computed is not used
configure:6881: $? = 0
configure:6882: result: yes
configure:6898: checking for popen
configure:6898: /usr/bin/gcc -o conftest  -O2 -Wall -ansi -pedantic -Wshadow -Wpointer-arith -Wmissing-prototypes -Wwrite-strings -Wno-long-long   conftest.c -lpthread -lm  >&5
configure:6898: $? = 0
configure:6898: result: yes
configure:6911: checking for tzset
configure:6911: /usr/bin/gcc -o conftest  -O2 -Wall -ansi -pedantic -Wshadow -Wpointer-arith -Wmissing-prototypes -Wwrite-strings -Wno-long-long   conftest.c -lpthread -lm  >&5
configure:6911: $? = 0
configure:6911: result: yes
configure:6937: checking for tzname
configure:6960: /usr/bin/gcc -o conftest  -O2 -Wall -ansi -pedantic -Wshadow -Wpointer-arith -Wmissing-prototypes -Wwrite-strings -Wno-long-long   conftest.c -lpthread -lm  >&5
configure:6960: $? = 0
configure:6968: result: yes
configure:7010: checking for timezone
configure:7033: /usr/bin/gcc -o conftest  -O2 -Wall -ansi -pedantic -Wshadow -Wpointer-arith -Wmissing-prototypes -Wwrite-strings -Wno-long-long   conftest.c -lpthread -lm  >&5
configure:7033: $? = 0
configure:7041: result: yes
configure:7114: checking for int8_t
configure:7114: /usr/bin/gcc -c  -O2 -Wall -ansi -pedantic -Wshadow -Wpointer-arith -Wmissing-prototypes -Wwrite-strings -Wno-long-long  conftest.c >&5
configure:7114: $? = 0
configure:7114: /usr/bin/gcc -c  -O2 -Wall -ansi -pedantic -Wshadow -Wpointer-arith -Wmissing-prototypes -Wwrite-strings -Wno-long-long  conftest.c >&5
conftest.c: In function 'main':
conftest.c:63: error: expected expression before ')' token
configure:7114: $? = 1
configure: failed program was:
| /* confdefs.h */
| #define PACKAGE_NAME ""
| #define PACKAGE_TARNAME ""
| #define PACKAGE_VERSION ""
| #define PACKAGE_STRING ""
| #define PACKAGE_BUGREPORT ""
| #define PACKAGE_URL ""
| #define STDC_HEADERS 1
| #define HAVE_SYS_TYPES_H 1
| #define HAVE_SYS_STAT_H 1
| #define HAVE_STDLIB_H 1
| #define HAVE_STRING_H 1
| #define HAVE_MEMORY_H 1
| #define HAVE_STRINGS_H 1
| #define HAVE_INTTYPES_H 1
| #define HAVE_STDINT_H 1
| #define HAVE_UNISTD_H 1
| #define SIZEOF_VOID_P 4
| #define HAVE_LIBM 1
| #define HAVE_DLFCN_H 1
| #define HAVE_DLOPEN 1
| #define HAVE_GETTIMEOFDAY 1
| #define HAVE_LIBPTHREAD 1
| #define HAVE_INTTYPES_H 1
| #define HAVE_DIRENT_H 1
| /* end confdefs.h.  */
| #include <stdio.h>
| #ifdef HAVE_SYS_TYPES_H
| # include <sys/types.h>
| #endif
| #ifdef HAVE_SYS_STAT_H
| # include <sys/stat.h>
| #endif
| #ifdef STDC_HEADERS
| # include <stdlib.h>
| # include <stddef.h>
| #else
| # ifdef HAVE_STDLIB_H
| #  include <stdlib.h>
| # endif
| #endif
| #ifdef HAVE_STRING_H
| # if !defined STDC_HEADERS && defined HAVE_MEMORY_H
| #  include <memory.h>
| # endif
| # include <string.h>
| #endif
| #ifdef HAVE_STRINGS_H
| # include <strings.h>
| #endif
| #ifdef HAVE_INTTYPES_H
| # include <inttypes.h>
| #endif
| #ifdef HAVE_STDINT_H
| # include <stdint.h>
| #endif
| #ifdef HAVE_UNISTD_H
| # include <unistd.h>
| #endif
| int
| main ()
| {
| if (sizeof ((int8_t)))
| 	    return 0;
|   ;
|   return 0;
| }
configure:7114: result: yes
configure:7125: checking for uint8_t
configure:7125: /usr/bin/gcc -c  -O2 -Wall -ansi -pedantic -Wshadow -Wpointer-arith -Wmissing-prototypes -Wwrite-strings -Wno-long-long  conftest.c >&5
configure:7125: $? = 0
configure:7125: /usr/bin/gcc -c  -O2 -Wall -ansi -pedantic -Wshadow -Wpointer-arith -Wmissing-prototypes -Wwrite-strings -Wno-long-long  conftest.c >&5
conftest.c: In function 'main':
conftest.c:63: error: expected expression before ')' token
configure:7125: $? = 1
configure: failed program was:
| /* confdefs.h */
| #define PACKAGE_NAME ""
| #define PACKAGE_TARNAME ""
| #define PACKAGE_VERSION ""
| #define PACKAGE_STRING ""
| #define PACKAGE_BUGREPORT ""
| #define PACKAGE_URL ""
| #define STDC_HEADERS 1
| #define HAVE_SYS_TYPES_H 1
| #define HAVE_SYS_STAT_H 1
| #define HAVE_STDLIB_H 1
| #define HAVE_STRING_H 1
| #define HAVE_MEMORY_H 1
| #define HAVE_STRINGS_H 1
| #define HAVE_INTTYPES_H 1
| #define HAVE_STDINT_H 1
| #define HAVE_UNISTD_H 1
| #define SIZEOF_VOID_P 4
| #define HAVE_LIBM 1
| #define HAVE_DLFCN_H 1
| #define HAVE_DLOPEN 1
| #define HAVE_GETTIMEOFDAY 1
| #define HAVE_LIBPTHREAD 1
| #define HAVE_INTTYPES_H 1
| #define HAVE_DIRENT_H 1
| /* end confdefs.h.  */
| #include <stdio.h>
| #ifdef HAVE_SYS_TYPES_H
| # include <sys/types.h>
| #endif
| #ifdef HAVE_SYS_STAT_H
| # include <sys/stat.h>
| #endif
| #ifdef STDC_HEADERS
| # include <stdlib.h>
| # include <stddef.h>
| #else
| # ifdef HAVE_STDLIB_H
| #  include <stdlib.h>
| # endif
| #endif
| #ifdef HAVE_STRING_H
| # if !defined STDC_HEADERS && defined HAVE_MEMORY_H
| #  include <memory.h>
| # endif
| # include <string.h>
| #endif
| #ifdef HAVE_STRINGS_H
| # include <strings.h>
| #endif
| #ifdef HAVE_INTTYPES_H
| # include <inttypes.h>
| #endif
| #ifdef HAVE_STDINT_H
| # include <stdint.h>
| #endif
| #ifdef HAVE_UNISTD_H
| # include <unistd.h>
| #endif
| int
| main ()
| {
| if (sizeof ((uint8_t)))
| 	    return 0;
|   ;
|   return 0;
| }
configure:7125: result: yes
configure:7136: checking for int16_t
configure:7136: /usr/bin/gcc -c  -O2 -Wall -ansi -pedantic -Wshadow -Wpointer-arith -Wmissing-prototypes -Wwrite-strings -Wno-long-long  conftest.c >&5
configure:7136: $? = 0
configure:7136: /usr/bin/gcc -c  -O2 -Wall -ansi -pedantic -Wshadow -Wpointer-arith -Wmissing-prototypes -Wwrite-strings -Wno-long-long  conftest.c >&5
conftest.c: In function 'main':
conftest.c:63: error: expected expression before ')' token
configure:7136: $? = 1
configure: failed program was:
| /* confdefs.h */
| #define PACKAGE_NAME ""
| #define PACKAGE_TARNAME ""
| #define PACKAGE_VERSION ""
| #define PACKAGE_STRING ""
| #define PACKAGE_BUGREPORT ""
| #define PACKAGE_URL ""
| #define STDC_HEADERS 1
| #define HAVE_SYS_TYPES_H 1
| #define HAVE_SYS_STAT_H 1
| #define HAVE_STDLIB_H 1
| #define HAVE_STRING_H 1
| #define HAVE_MEMORY_H 1
| #define HAVE_STRINGS_H 1
| #define HAVE_INTTYPES_H 1
| #define HAVE_STDINT_H 1
| #define HAVE_UNISTD_H 1
| #define SIZEOF_VOID_P 4
| #define HAVE_LIBM 1
| #define HAVE_DLFCN_H 1
| #define HAVE_DLOPEN 1
| #define HAVE_GETTIMEOFDAY 1
| #define HAVE_LIBPTHREAD 1
| #define HAVE_INTTYPES_H 1
| #define HAVE_DIRENT_H 1
| /* end confdefs.h.  */
| #include <stdio.h>
| #ifdef HAVE_SYS_TYPES_H
| # include <sys/types.h>
| #endif
| #ifdef HAVE_SYS_STAT_H
| # include <sys/stat.h>
| #endif
| #ifdef STDC_HEADERS
| # include <stdlib.h>
| # include <stddef.h>
| #else
| # ifdef HAVE_STDLIB_H
| #  include <stdlib.h>
| # endif
| #endif
| #ifdef HAVE_STRING_H
| # if !defined STDC_HEADERS && defined HAVE_MEMORY_H
| #  include <memory.h>
| # endif
| # include <string.h>
| #endif
| #ifdef HAVE_STRINGS_H
| # include <strings.h>
| #endif
| #ifdef HAVE_INTTYPES_H
| # include <inttypes.h>
| #endif
| #ifdef HAVE_STDINT_H
| # include <stdint.h>
| #endif
| #ifdef HAVE_UNISTD_H
| # include <unistd.h>
| #endif
| int
| main ()
| {
| if (sizeof ((int16_t)))
| 	    return 0;
|   ;
|   return 0;
| }
configure:7136: result: yes
configure:7147: checking for uint16_t
configure:7147: /usr/bin/gcc -c  -O2 -Wall -ansi -pedantic -Wshadow -Wpointer-arith -Wmissing-prototypes -Wwrite-strings -Wno-long-long  conftest.c >&5
configure:7147: $? = 0
configure:7147: /usr/bin/gcc -c  -O2 -Wall -ansi -pedantic -Wshadow -Wpointer-arith -Wmissing-prototypes -Wwrite-strings -Wno-long-long  conftest.c >&5
conftest.c: In function 'main':
conftest.c:63: error: expected expression before ')' token
configure:7147: $? = 1
configure: failed program was:
| /* confdefs.h */
| #define PACKAGE_NAME ""
| #define PACKAGE_TARNAME ""
| #define PACKAGE_VERSION ""
| #define PACKAGE_STRING ""
| #define PACKAGE_BUGREPORT ""
| #define PACKAGE_URL ""
| #define STDC_HEADERS 1
| #define HAVE_SYS_TYPES_H 1
| #define HAVE_SYS_STAT_H 1
| #define HAVE_STDLIB_H 1
| #define HAVE_STRING_H 1
| #define HAVE_MEMORY_H 1
| #define HAVE_STRINGS_H 1
| #define HAVE_INTTYPES_H 1
| #define HAVE_STDINT_H 1
| #define HAVE_UNISTD_H 1
| #define SIZEOF_VOID_P 4
| #define HAVE_LIBM 1
| #define HAVE_DLFCN_H 1
| #define HAVE_DLOPEN 1
| #define HAVE_GETTIMEOFDAY 1
| #define HAVE_LIBPTHREAD 1
| #define HAVE_INTTYPES_H 1
| #define HAVE_DIRENT_H 1
| /* end confdefs.h.  */
| #include <stdio.h>
| #ifdef HAVE_SYS_TYPES_H
| # include <sys/types.h>
| #endif
| #ifdef HAVE_SYS_STAT_H
| # include <sys/stat.h>
| #endif
| #ifdef STDC_HEADERS
| # include <stdlib.h>
| # include <stddef.h>
| #else
| # ifdef HAVE_STDLIB_H
| #  include <stdlib.h>
| # endif
| #endif
| #ifdef HAVE_STRING_H
| # if !defined STDC_HEADERS && defined HAVE_MEMORY_H
| #  include <memory.h>
| # endif
| # include <string.h>
| #endif
| #ifdef HAVE_STRINGS_H
| # include <strings.h>
| #endif
| #ifdef HAVE_INTTYPES_H
| # include <inttypes.h>
| #endif
| #ifdef HAVE_STDINT_H
| # include <stdint.h>
| #endif
| #ifdef HAVE_UNISTD_H
| # include <unistd.h>
| #endif
| int
| main ()
| {
| if (sizeof ((uint16_t)))
| 	    return 0;
|   ;
|   return 0;
| }
configure:7147: result: yes
configure:7158: checking for int32_t
configure:7158: /usr/bin/gcc -c  -O2 -Wall -ansi -pedantic -Wshadow -Wpointer-arith -Wmissing-prototypes -Wwrite-strings -Wno-long-long  conftest.c >&5
configure:7158: $? = 0
configure:7158: /usr/bin/gcc -c  -O2 -Wall -ansi -pedantic -Wshadow -Wpointer-arith -Wmissing-prototypes -Wwrite-strings -Wno-long-long  conftest.c >&5
conftest.c: In function 'main':
conftest.c:63: error: expected expression before ')' token
configure:7158: $? = 1
configure: failed program was:
| /* confdefs.h */
| #define PACKAGE_NAME ""
| #define PACKAGE_TARNAME ""
| #define PACKAGE_VERSION ""
| #define PACKAGE_STRING ""
| #define PACKAGE_BUGREPORT ""
| #define PACKAGE_URL ""
| #define STDC_HEADERS 1
| #define HAVE_SYS_TYPES_H 1
| #define HAVE_SYS_STAT_H 1
| #define HAVE_STDLIB_H 1
| #define HAVE_STRING_H 1
| #define HAVE_MEMORY_H 1
| #define HAVE_STRINGS_H 1
| #define HAVE_INTTYPES_H 1
| #define HAVE_STDINT_H 1
| #define HAVE_UNISTD_H 1
| #define SIZEOF_VOID_P 4
| #define HAVE_LIBM 1
| #define HAVE_DLFCN_H 1
| #define HAVE_DLOPEN 1
| #define HAVE_GETTIMEOFDAY 1
| #define HAVE_LIBPTHREAD 1
| #define HAVE_INTTYPES_H 1
| #define HAVE_DIRENT_H 1
| /* end confdefs.h.  */
| #include <stdio.h>
| #ifdef HAVE_SYS_TYPES_H
| # include <sys/types.h>
| #endif
| #ifdef HAVE_SYS_STAT_H
| # include <sys/stat.h>
| #endif
| #ifdef STDC_HEADERS
| # include <stdlib.h>
| # include <stddef.h>
| #else
| # ifdef HAVE_STDLIB_H
| #  include <stdlib.h>
| # endif
| #endif
| #ifdef HAVE_STRING_H
| # if !defined STDC_HEADERS && defined HAVE_MEMORY_H
| #  include <memory.h>
| # endif
| # include <string.h>
| #endif
| #ifdef HAVE_STRINGS_H
| # include <strings.h>
| #endif
| #ifdef HAVE_INTTYPES_H
| # include <inttypes.h>
| #endif
| #ifdef HAVE_STDINT_H
| # include <stdint.h>
| #endif
| #ifdef HAVE_UNISTD_H
| # include <unistd.h>
| #endif
| int
| main ()
| {
| if (sizeof ((int32_t)))
| 	    return 0;
|   ;
|   return 0;
| }
configure:7158: result: yes
configure:7169: checking for uint32_t
configure:7169: /usr/bin/gcc -c  -O2 -Wall -ansi -pedantic -Wshadow -Wpointer-arith -Wmissing-prototypes -Wwrite-strings -Wno-long-long  conftest.c >&5
configure:7169: $? = 0
configure:7169: /usr/bin/gcc -c  -O2 -Wall -ansi -pedantic -Wshadow -Wpointer-arith -Wmissing-prototypes -Wwrite-strings -Wno-long-long  conftest.c >&5
conftest.c: In function 'main':
conftest.c:63: error: expected expression before ')' token
configure:7169: $? = 1
configure: failed program was:
| /* confdefs.h */
| #define PACKAGE_NAME ""
| #define PACKAGE_TARNAME ""
| #define PACKAGE_VERSION ""
| #define PACKAGE_STRING ""
| #define PACKAGE_BUGREPORT ""
| #define PACKAGE_URL ""
| #define STDC_HEADERS 1
| #define HAVE_SYS_TYPES_H 1
| #define HAVE_SYS_STAT_H 1
| #define HAVE_STDLIB_H 1
| #define HAVE_STRING_H 1
| #define HAVE_MEMORY_H 1
| #define HAVE_STRINGS_H 1
| #define HAVE_INTTYPES_H 1
| #define HAVE_STDINT_H 1
| #define HAVE_UNISTD_H 1
| #define SIZEOF_VOID_P 4
| #define HAVE_LIBM 1
| #define HAVE_DLFCN_H 1
| #define HAVE_DLOPEN 1
| #define HAVE_GETTIMEOFDAY 1
| #define HAVE_LIBPTHREAD 1
| #define HAVE_INTTYPES_H 1
| #define HAVE_DIRENT_H 1
| /* end confdefs.h.  */
| #include <stdio.h>
| #ifdef HAVE_SYS_TYPES_H
| # include <sys/types.h>
| #endif
| #ifdef HAVE_SYS_STAT_H
| # include <sys/stat.h>
| #endif
| #ifdef STDC_HEADERS
| # include <stdlib.h>
| # include <stddef.h>
| #else
| # ifdef HAVE_STDLIB_H
| #  include <stdlib.h>
| # endif
| #endif
| #ifdef HAVE_STRING_H
| # if !defined STDC_HEADERS && defined HAVE_MEMORY_H
| #  include <memory.h>
| # endif
| # include <string.h>
| #endif
| #ifdef HAVE_STRINGS_H
| # include <strings.h>
| #endif
| #ifdef HAVE_INTTYPES_H
| # include <inttypes.h>
| #endif
| #ifdef HAVE_STDINT_H
| # include <stdint.h>
| #endif
| #ifdef HAVE_UNISTD_H
| # include <unistd.h>
| #endif
| int
| main ()
| {
| if (sizeof ((uint32_t)))
| 	    return 0;
|   ;
|   return 0;
| }
configure:7169: result: yes
configure:7180: checking for int64_t
configure:7180: /usr/bin/gcc -c  -O2 -Wall -ansi -pedantic -Wshadow -Wpointer-arith -Wmissing-prototypes -Wwrite-strings -Wno-long-long  conftest.c >&5
configure:7180: $? = 0
configure:7180: /usr/bin/gcc -c  -O2 -Wall -ansi -pedantic -Wshadow -Wpointer-arith -Wmissing-prototypes -Wwrite-strings -Wno-long-long  conftest.c >&5
conftest.c: In function 'main':
conftest.c:63: error: expected expression before ')' token
configure:7180: $? = 1
configure: failed program was:
| /* confdefs.h */
| #define PACKAGE_NAME ""
| #define PACKAGE_TARNAME ""
| #define PACKAGE_VERSION ""
| #define PACKAGE_STRING ""
| #define PACKAGE_BUGREPORT ""
| #define PACKAGE_URL ""
| #define STDC_HEADERS 1
| #define HAVE_SYS_TYPES_H 1
| #define HAVE_SYS_STAT_H 1
| #define HAVE_STDLIB_H 1
| #define HAVE_STRING_H 1
| #define HAVE_MEMORY_H 1
| #define HAVE_STRINGS_H 1
| #define HAVE_INTTYPES_H 1
| #define HAVE_STDINT_H 1
| #define HAVE_UNISTD_H 1
| #define SIZEOF_VOID_P 4
| #define HAVE_LIBM 1
| #define HAVE_DLFCN_H 1
| #define HAVE_DLOPEN 1
| #define HAVE_GETTIMEOFDAY 1
| #define HAVE_LIBPTHREAD 1
| #define HAVE_INTTYPES_H 1
| #define HAVE_DIRENT_H 1
| /* end confdefs.h.  */
| #include <stdio.h>
| #ifdef HAVE_SYS_TYPES_H
| # include <sys/types.h>
| #endif
| #ifdef HAVE_SYS_STAT_H
| # include <sys/stat.h>
| #endif
| #ifdef STDC_HEADERS
| # include <stdlib.h>
| # include <stddef.h>
| #else
| # ifdef HAVE_STDLIB_H
| #  include <stdlib.h>
| # endif
| #endif
| #ifdef HAVE_STRING_H
| # if !defined STDC_HEADERS && defined HAVE_MEMORY_H
| #  include <memory.h>
| # endif
| # include <string.h>
| #endif
| #ifdef HAVE_STRINGS_H
| # include <strings.h>
| #endif
| #ifdef HAVE_INTTYPES_H
| # include <inttypes.h>
| #endif
| #ifdef HAVE_STDINT_H
| # include <stdint.h>
| #endif
| #ifdef HAVE_UNISTD_H
| # include <unistd.h>
| #endif
| int
| main ()
| {
| if (sizeof ((int64_t)))
| 	    return 0;
|   ;
|   return 0;
| }
configure:7180: result: yes
configure:7191: checking for uint64_t
configure:7191: /usr/bin/gcc -c  -O2 -Wall -ansi -pedantic -Wshadow -Wpointer-arith -Wmissing-prototypes -Wwrite-strings -Wno-long-long  conftest.c >&5
configure:7191: $? = 0
configure:7191: /usr/bin/gcc -c  -O2 -Wall -ansi -pedantic -Wshadow -Wpointer-arith -Wmissing-prototypes -Wwrite-strings -Wno-long-long  conftest.c >&5
conftest.c: In function 'main':
conftest.c:63: error: expected expression before ')' token
configure:7191: $? = 1
configure: failed program was:
| /* confdefs.h */
| #define PACKAGE_NAME ""
| #define PACKAGE_TARNAME ""
| #define PACKAGE_VERSION ""
| #define PACKAGE_STRING ""
| #define PACKAGE_BUGREPORT ""
| #define PACKAGE_URL ""
| #define STDC_HEADERS 1
| #define HAVE_SYS_TYPES_H 1
| #define HAVE_SYS_STAT_H 1
| #define HAVE_STDLIB_H 1
| #define HAVE_STRING_H 1
| #define HAVE_MEMORY_H 1
| #define HAVE_STRINGS_H 1
| #define HAVE_INTTYPES_H 1
| #define HAVE_STDINT_H 1
| #define HAVE_UNISTD_H 1
| #define SIZEOF_VOID_P 4
| #define HAVE_LIBM 1
| #define HAVE_DLFCN_H 1
| #define HAVE_DLOPEN 1
| #define HAVE_GETTIMEOFDAY 1
| #define HAVE_LIBPTHREAD 1
| #define HAVE_INTTYPES_H 1
| #define HAVE_DIRENT_H 1
| /* end confdefs.h.  */
| #include <stdio.h>
| #ifdef HAVE_SYS_TYPES_H
| # include <sys/types.h>
| #endif
| #ifdef HAVE_SYS_STAT_H
| # include <sys/stat.h>
| #endif
| #ifdef STDC_HEADERS
| # include <stdlib.h>
| # include <stddef.h>
| #else
| # ifdef HAVE_STDLIB_H
| #  include <stdlib.h>
| # endif
| #endif
| #ifdef HAVE_STRING_H
| # if !defined STDC_HEADERS && defined HAVE_MEMORY_H
| #  include <memory.h>
| # endif
| # include <string.h>
| #endif
| #ifdef HAVE_STRINGS_H
| # include <strings.h>
| #endif
| #ifdef HAVE_INTTYPES_H
| # include <inttypes.h>
| #endif
| #ifdef HAVE_STDINT_H
| # include <stdint.h>
| #endif
| #ifdef HAVE_UNISTD_H
| # include <unistd.h>
| #endif
| int
| main ()
| {
| if (sizeof ((uint64_t)))
| 	    return 0;
|   ;
|   return 0;
| }
configure:7191: result: yes
configure:7260: checking wchar.h usability
configure:7260: /usr/bin/gcc -c  -O2 -Wall -ansi -pedantic -Wshadow -Wpointer-arith -Wmissing-prototypes -Wwrite-strings -Wno-long-long  conftest.c >&5
configure:7260: $? = 0
configure:7260: result: yes
configure:7260: checking wchar.h presence
configure:7260: /usr/bin/gcc -E  conftest.c
configure:7260: $? = 0
configure:7260: result: yes
configure:7260: checking for wchar.h
configure:7260: result: yes
configure:7276: checking for library containing wcscpy
configure:7307: /usr/bin/gcc -o conftest  -O2 -Wall -ansi -pedantic -Wshadow -Wpointer-arith -Wmissing-prototypes -Wwrite-strings -Wno-long-long   conftest.c -lpthread -lm  >&5
configure:7307: $? = 0
configure:7324: result: none required
configure:7345: checking size of wchar_t
configure:7350: /usr/bin/gcc -o conftest  -O2 -Wall -ansi -pedantic -Wshadow -Wpointer-arith -Wmissing-prototypes -Wwrite-strings -Wno-long-long   conftest.c -lpthread -lm  >&5
configure:7350: $? = 0
configure:7350: ./conftest
configure:7350: $? = 0
configure:7373: result: 4
configure:7392: checking for UTF-16 string literal support
configure:7528: result: unknown
configure:7662: checking for a library suffix to use
configure:7676: result: none
configure:7891: creating ./config.status

## ---------------------- ##
## Running config.status. ##
## ---------------------- ##

This file was extended by config.status, which was
generated by GNU Autoconf 2.67.  Invocation command line was

  CONFIG_FILES    = 
  CONFIG_HEADERS  = 
  CONFIG_LINKS    = 
  CONFIG_COMMANDS = 
  $ ./config.status 

on Chriss-iPad

config.status:982: creating icudefs.mk
config.status:982: creating Makefile
config.status:982: creating data/pkgdataMakefile
config.status:982: creating config/Makefile.inc
config.status:982: creating config/icu.pc
config.status:982: creating config/pkgdataMakefile
config.status:982: creating data/Makefile
config.status:982: creating stubdata/Makefile
config.status:982: creating common/Makefile
config.status:982: creating i18n/Makefile
config.status:982: creating layout/Makefile
config.status:982: creating layoutex/Makefile
config.status:982: creating io/Makefile
config.status:982: creating extra/Makefile
config.status:982: creating extra/uconv/Makefile
config.status:982: creating extra/uconv/pkgdataMakefile
config.status:982: creating extra/scrptrun/Makefile
config.status:982: creating tools/Makefile
config.status:982: creating tools/ctestfw/Makefile
config.status:982: creating tools/toolutil/Makefile
config.status:982: creating tools/makeconv/Makefile
config.status:982: creating tools/genrb/Makefile
config.status:982: creating tools/genccode/Makefile
config.status:982: creating tools/gencmn/Makefile
config.status:982: creating tools/gencnval/Makefile
config.status:982: creating tools/genctd/Makefile
config.status:982: creating tools/gentest/Makefile
config.status:982: creating tools/gennorm2/Makefile
config.status:982: creating tools/genbrk/Makefile
config.status:982: creating tools/gensprep/Makefile
config.status:982: creating tools/icuinfo/Makefile
config.status:982: creating tools/icupkg/Makefile
config.status:982: creating tools/icuswap/Makefile
config.status:982: creating tools/pkgdata/Makefile
config.status:982: creating tools/tzcode/Makefile
config.status:982: creating tools/gencfu/Makefile
config.status:982: creating test/Makefile
config.status:982: creating test/compat/Makefile
config.status:982: creating test/testdata/Makefile
config.status:982: creating test/testdata/pkgdataMakefile
config.status:982: creating test/hdrtst/Makefile
config.status:982: creating test/intltest/Makefile
config.status:982: creating test/cintltst/Makefile
config.status:982: creating test/iotest/Makefile
config.status:982: creating test/letest/Makefile
config.status:982: creating test/perf/Makefile
config.status:982: creating test/perf/collationperf/Makefile
config.status:982: creating test/perf/dicttrieperf/Makefile
config.status:982: creating test/perf/ubrkperf/Makefile
config.status:982: creating test/perf/charperf/Makefile
config.status:982: creating test/perf/convperf/Makefile
config.status:982: creating test/perf/normperf/Makefile
config.status:982: creating test/perf/DateFmtPerf/Makefile
config.status:982: creating test/perf/strsrchperf/Makefile
config.status:982: creating test/perf/unisetperf/Makefile
config.status:982: creating test/perf/usetperf/Makefile
config.status:982: creating test/perf/ustrperf/Makefile
config.status:982: creating test/perf/utfperf/Makefile
config.status:982: creating test/perf/utrie2perf/Makefile
config.status:982: creating samples/Makefile
config.status:982: creating samples/date/Makefile
config.status:982: creating samples/cal/Makefile
config.status:982: creating samples/layout/Makefile
config.status:982: creating common/unicode/platform.h
config.status:982: creating common/icucfg.h
configure:9149: checking the version of "/usr/local/bin/gmake"
configure:9152: result: ok

## ---------------- ##
## Cache variables. ##
## ---------------- ##

ac_cv_build=arm-apple-darwin10.4.0
ac_cv_c_bigendian=no
ac_cv_c_compiler_gnu=yes
ac_cv_c_inline=__inline__
ac_cv_cxx_compiler_gnu=yes
ac_cv_env_CCC_set=
ac_cv_env_CCC_value=
ac_cv_env_CC_set=set
ac_cv_env_CC_value=/usr/bin/gcc
ac_cv_env_CFLAGS_set=
ac_cv_env_CFLAGS_value=
ac_cv_env_CPPFLAGS_set=
ac_cv_env_CPPFLAGS_value=
ac_cv_env_CPP_set=
ac_cv_env_CPP_value=
ac_cv_env_CXXFLAGS_set=
ac_cv_env_CXXFLAGS_value=
ac_cv_env_CXX_set=
ac_cv_env_CXX_value=
ac_cv_env_LDFLAGS_set=
ac_cv_env_LDFLAGS_value=
ac_cv_env_LIBS_set=
ac_cv_env_LIBS_value=
ac_cv_env_build_alias_set=
ac_cv_env_build_alias_value=
ac_cv_env_host_alias_set=
ac_cv_env_host_alias_value=
ac_cv_env_target_alias_set=
ac_cv_env_target_alias_value=
ac_cv_func_dlopen=yes
ac_cv_func_gettimeofday=yes
ac_cv_func_mmap_ok=yes
ac_cv_func_nl_langinfo=yes
ac_cv_func_popen=yes
ac_cv_func_tzset=yes
ac_cv_header_dirent_h=yes
ac_cv_header_dlfcn_h=yes
ac_cv_header_inttypes_h=yes
ac_cv_header_iostream=yes
ac_cv_header_memory_h=yes
ac_cv_header_stdc=yes
ac_cv_header_stdint_h=yes
ac_cv_header_stdlib_h=yes
ac_cv_header_stdstring=yes
ac_cv_header_string_h=yes
ac_cv_header_strings_h=yes
ac_cv_header_sys_stat_h=yes
ac_cv_header_sys_types_h=yes
ac_cv_header_unistd_h=yes
ac_cv_header_wchar_h=yes
ac_cv_host=arm-apple-darwin10.4.0
ac_cv_lib_m_floor=yes
ac_cv_lib_pthread_pthread_attr_init=yes
ac_cv_namespace_ok=yes
ac_cv_nl_langinfo_codeset=CODESET
ac_cv_objext=o
ac_cv_override_cxx_allocation_ok=yes
ac_cv_override_placement_new_ok=yes
ac_cv_path_EGREP='/bin/grep -E'
ac_cv_path_GREP=/bin/grep
ac_cv_path_U_MAKE=/usr/local/bin/gmake
ac_cv_path_install='/usr/bin/install -c'
ac_cv_prog_CPP='/usr/bin/gcc -E'
ac_cv_prog_ac_ct_AR=ar
ac_cv_prog_ac_ct_CC=/usr/bin/gcc
ac_cv_prog_ac_ct_CXX=g++
ac_cv_prog_ac_ct_RANLIB=ranlib
ac_cv_prog_cc_c89=
ac_cv_prog_cc_g=yes
ac_cv_prog_cxx_g=yes
ac_cv_search_dlopen='none required'
ac_cv_search_wcscpy='none required'
ac_cv_sizeof_void_p=4
ac_cv_sizeof_wchar_t=4
ac_cv_target=arm-apple-darwin10.4.0
ac_cv_type_int16_t=yes
ac_cv_type_int32_t=yes
ac_cv_type_int64_t=yes
ac_cv_type_int8_t=yes
ac_cv_type_uint16_t=yes
ac_cv_type_uint32_t=yes
ac_cv_type_uint64_t=yes
ac_cv_type_uint8_t=yes
ac_cv_var_timezone=yes
ac_cv_var_tzname=yes
icu_cv_host_frag=mh-darwin

## ----------------- ##
## Output variables. ##
## ----------------- ##

AR='ar'
ARFLAGS=''
CC='/usr/bin/gcc'
CFLAGS=' -O2 -Wall -ansi -pedantic -Wshadow -Wpointer-arith -Wmissing-prototypes -Wwrite-strings -Wno-long-long $(THREADSCFLAGS)'
COMPILE_LINK_ENVVAR=''
CPP='/usr/bin/gcc -E'
CPPFLAGS=' $(THREADSCPPFLAGS)'
CXX='g++'
CXXFLAGS=' -O2 -W -Wall -ansi -pedantic -Wpointer-arith -Wwrite-strings -Wno-long-long $(THREADSCXXFLAGS)'
DATA_PACKAGING_MODE='dll'
DEFS='-DHAVE_CONFIG_H'
DOXYGEN=''
ECHO_C=''
ECHO_N='-n'
ECHO_T=''
EGREP='/bin/grep -E'
ENABLE_DEBUG='0'
ENABLE_RELEASE='1'
ENABLE_RPATH='NO'
ENABLE_SHARED='YES'
ENABLE_STATIC=''
EXEEXT=''
EXTRAS_TRUE=''
GENCCODE_ASSEMBLY=''
GREP='/bin/grep'
HAVE_INT16_T='1'
HAVE_INT32_T='1'
HAVE_INT64_T='1'
HAVE_INT8_T='1'
HAVE_MMAP='1'
HAVE_UINT16_T='1'
HAVE_UINT32_T='1'
HAVE_UINT64_T='1'
HAVE_UINT8_T='1'
ICUDATA_CHAR='l'
ICUIO_TRUE=''
ICULIBSUFFIX=''
ICULIBSUFFIXCNAME=''
ICU_ECHO_C=''
ICU_ECHO_N='-n'
ICU_ECHO_T=''
ICU_USE_THREADS='1'
INSTALL_DATA='${INSTALL} -m 644'
INSTALL_PROGRAM='${INSTALL}'
INSTALL_SCRIPT='${INSTALL}'
LAYOUT_TRUE=''
LDFLAGS=''
LIBCFLAGS='-fvisibility=hidden'
LIBCXXFLAGS='-fvisibility=hidden'
LIBOBJS=''
LIBS='-lpthread -lm '
LIB_M=''
LIB_THREAD=''
LIB_VERSION='48.1.1'
LIB_VERSION_MAJOR='48'
LTLIBOBJS=''
OBJEXT='o'
PACKAGE='icu'
PACKAGE_BUGREPORT=''
PACKAGE_NAME=''
PACKAGE_STRING=''
PACKAGE_TARNAME=''
PACKAGE_URL=''
PACKAGE_VERSION=''
PATH_SEPARATOR=':'
RANLIB='ranlib'
SAMPLES_TRUE=''
SHELL='/bin/sh'
TESTS_TRUE=''
THREADS_TRUE=''
UCLN_NO_AUTO_CLEANUP='1'
UNICODE_VERSION='6.0'
U_CHECK_DYLOAD='1'
U_CHECK_GNUC_UTF16_STRING='0'
U_CHECK_UTF16_STRING='1'
U_DEFAULT_SHOW_DRAFT='1'
U_DISABLE_RENAMING='0'
U_ENABLE_DYLOAD='1'
U_ENABLE_TRACING='0'
U_HAVE_DIRENT_H='1'
U_HAVE_GCC_ATOMICS='1'
U_HAVE_INTTYPES_H='1'
U_HAVE_LIB_SUFFIX='0'
U_HAVE_NAMESPACE='1'
U_HAVE_NL_LANGINFO_CODESET='1'
U_HAVE_PLACEMENT_NEW='1'
U_HAVE_POPEN='1'
U_HAVE_STD_STRING='1'
U_HAVE_TIMEZONE='1'
U_HAVE_TZNAME='1'
U_HAVE_TZSET='1'
U_HAVE_WCHAR_H='1'
U_HAVE_WCSCPY='1'
U_INLINE='__inline__'
U_IOSTREAM_SOURCE='199711'
U_IS_BIG_ENDIAN='0'
U_MAKE='/usr/local/bin/gmake'
U_NL_LANGINFO_CODESET='CODESET'
U_OVERRIDE_CXX_ALLOCATION='1'
U_SIZEOF_WCHAR_T='4'
U_TIMEZONE='timezone'
U_TZNAME='tzname'
U_TZSET='tzset'
U_USE_GCC_VISIBILITY_ATTRIBUTE='1'
U_USING_CYGWIN_MSVC='0'
VERSION='4.8.1.1'
ac_ct_CC='/usr/bin/gcc'
ac_ct_CXX='g++'
bindir='${exec_prefix}/bin'
build='arm-apple-darwin10.4.0'
build_alias=''
build_cpu='arm'
build_os='darwin10.4.0'
build_vendor='apple'
cross_buildroot=''
cross_compiling='no'
datadir='${datarootdir}'
datarootdir='${prefix}/share'
docdir='${datarootdir}/doc/${PACKAGE}'
dvidir='${docdir}'
exec_prefix='${prefix}'
host='arm-apple-darwin10.4.0'
host_alias=''
host_cpu='arm'
host_os='darwin10.4.0'
host_vendor='apple'
htmldir='${docdir}'
includedir='${prefix}/include'
infodir='${datarootdir}/info'
libdir='${exec_prefix}/lib'
libexecdir='${exec_prefix}/libexec'
localedir='${datarootdir}/locale'
localstatedir='${prefix}/var'
mandir='${datarootdir}/man'
oldincludedir='/usr/include'
pdfdir='${docdir}'
pkgicudatadir='${datarootdir}'
platform='U_DARWIN'
platform_make_fragment='$(top_srcdir)/config/mh-darwin'
platform_make_fragment_name='mh-darwin'
prefix='/usr/local'
program_transform_name='s,x,x,'
psdir='${docdir}'
sbindir='${exec_prefix}/sbin'
sharedstatedir='${prefix}/com'
sysconfdir='${prefix}/etc'
target='arm-apple-darwin10.4.0'
target_alias=''
target_cpu='arm'
target_os='darwin10.4.0'
target_vendor='apple'
thepkgicudatadir='${prefix}/share'

## ----------- ##
## confdefs.h. ##
## ----------- ##

/* confdefs.h */
#define PACKAGE_NAME ""
#define PACKAGE_TARNAME ""
#define PACKAGE_VERSION ""
#define PACKAGE_STRING ""
#define PACKAGE_BUGREPORT ""
#define PACKAGE_URL ""
#define STDC_HEADERS 1
#define HAVE_SYS_TYPES_H 1
#define HAVE_SYS_STAT_H 1
#define HAVE_STDLIB_H 1
#define HAVE_STRING_H 1
#define HAVE_MEMORY_H 1
#define HAVE_STRINGS_H 1
#define HAVE_INTTYPES_H 1
#define HAVE_STDINT_H 1
#define HAVE_UNISTD_H 1
#define SIZEOF_VOID_P 4
#define HAVE_LIBM 1
#define HAVE_DLFCN_H 1
#define HAVE_DLOPEN 1
#define HAVE_GETTIMEOFDAY 1
#define HAVE_LIBPTHREAD 1
#define HAVE_INTTYPES_H 1
#define HAVE_DIRENT_H 1
#define HAVE_WCHAR_H 1
#define SIZEOF_WCHAR_T 4

configure: exit 0

## ---------------------- ##
## Running config.status. ##
## ---------------------- ##

This file was extended by config.status, which was
generated by GNU Autoconf 2.67.  Invocation command line was

  CONFIG_FILES    = common/Makefile
  CONFIG_HEADERS  = 
  CONFIG_LINKS    = 
  CONFIG_COMMANDS = 
  $ ./config.status 

on Chriss-iPad

config.status:982: creating common/Makefile

## ---------------------- ##
## Running config.status. ##
## ---------------------- ##

This file was extended by config.status, which was
generated by GNU Autoconf 2.67.  Invocation command line was

  CONFIG_FILES    = tools/makeconv/makeconv.1
  CONFIG_HEADERS  = 
  CONFIG_LINKS    = 
  CONFIG_COMMANDS = 
  $ ./config.status 

on Chriss-iPad

config.status:982: creating tools/makeconv/makeconv.1

## ---------------------- ##
## Running config.status. ##
## ---------------------- ##

This file was extended by config.status, which was
generated by GNU Autoconf 2.67.  Invocation command line was

  CONFIG_FILES    = tools/genrb/derb.1
  CONFIG_HEADERS  = 
  CONFIG_LINKS    = 
  CONFIG_COMMANDS = 
  $ ./config.status 

on Chriss-iPad

config.status:982: creating tools/genrb/derb.1

## ---------------------- ##
## Running config.status. ##
## ---------------------- ##

This file was extended by config.status, which was
generated by GNU Autoconf 2.67.  Invocation command line was

  CONFIG_FILES    = tools/genrb/genrb.1
  CONFIG_HEADERS  = 
  CONFIG_LINKS    = 
  CONFIG_COMMANDS = 
  $ ./config.status 

on Chriss-iPad

config.status:982: creating tools/genrb/genrb.1

## ---------------------- ##
## Running config.status. ##
## ---------------------- ##

This file was extended by config.status, which was
generated by GNU Autoconf 2.67.  Invocation command line was

  CONFIG_FILES    = tools/genbrk/genbrk.1
  CONFIG_HEADERS  = 
  CONFIG_LINKS    = 
  CONFIG_COMMANDS = 
  $ ./config.status 

on Chriss-iPad

config.status:982: creating tools/genbrk/genbrk.1

## ---------------------- ##
## Running config.status. ##
## ---------------------- ##

This file was extended by config.status, which was
generated by GNU Autoconf 2.67.  Invocation command line was

  CONFIG_FILES    = tools/genctd/genctd.1
  CONFIG_HEADERS  = 
  CONFIG_LINKS    = 
  CONFIG_COMMANDS = 
  $ ./config.status 

on Chriss-iPad

config.status:982: creating tools/genctd/genctd.1

## ---------------------- ##
## Running config.status. ##
## ---------------------- ##

This file was extended by config.status, which was
generated by GNU Autoconf 2.67.  Invocation command line was

  CONFIG_FILES    = tools/gencnval/gencnval.1
  CONFIG_HEADERS  = 
  CONFIG_LINKS    = 
  CONFIG_COMMANDS = 
  $ ./config.status 

on Chriss-iPad

config.status:982: creating tools/gencnval/gencnval.1

## ---------------------- ##
## Running config.status. ##
## ---------------------- ##

This file was extended by config.status, which was
generated by GNU Autoconf 2.67.  Invocation command line was

  CONFIG_FILES    = tools/gensprep/gensprep.8
  CONFIG_HEADERS  = 
  CONFIG_LINKS    = 
  CONFIG_COMMANDS = 
  $ ./config.status 

on Chriss-iPad

config.status:982: creating tools/gensprep/gensprep.8

## ---------------------- ##
## Running config.status. ##
## ---------------------- ##

This file was extended by config.status, which was
generated by GNU Autoconf 2.67.  Invocation command line was

  CONFIG_FILES    = tools/genccode/genccode.8
  CONFIG_HEADERS  = 
  CONFIG_LINKS    = 
  CONFIG_COMMANDS = 
  $ ./config.status 

on Chriss-iPad

config.status:982: creating tools/genccode/genccode.8

## ---------------------- ##
## Running config.status. ##
## ---------------------- ##

This file was extended by config.status, which was
generated by GNU Autoconf 2.67.  Invocation command line was

  CONFIG_FILES    = tools/gencmn/gencmn.8
  CONFIG_HEADERS  = 
  CONFIG_LINKS    = 
  CONFIG_COMMANDS = 
  $ ./config.status 

on Chriss-iPad

config.status:982: creating tools/gencmn/gencmn.8

## ---------------------- ##
## Running config.status. ##
## ---------------------- ##

This file was extended by config.status, which was
generated by GNU Autoconf 2.67.  Invocation command line was

  CONFIG_FILES    = tools/icupkg/icupkg.8
  CONFIG_HEADERS  = 
  CONFIG_LINKS    = 
  CONFIG_COMMANDS = 
  $ ./config.status 

on Chriss-iPad

config.status:982: creating tools/icupkg/icupkg.8

## ---------------------- ##
## Running config.status. ##
## ---------------------- ##

This file was extended by config.status, which was
generated by GNU Autoconf 2.67.  Invocation command line was

  CONFIG_FILES    = tools/pkgdata/pkgdata.1
  CONFIG_HEADERS  = 
  CONFIG_LINKS    = 
  CONFIG_COMMANDS = 
  $ ./config.status 

on Chriss-iPad

config.status:982: creating tools/pkgdata/pkgdata.1

## ---------------------- ##
## Running config.status. ##
## ---------------------- ##

This file was extended by config.status, which was
generated by GNU Autoconf 2.67.  Invocation command line was

  CONFIG_FILES    = extra/uconv/uconv.1
  CONFIG_HEADERS  = 
  CONFIG_LINKS    = 
  CONFIG_COMMANDS = 
  $ ./config.status 

on Chriss-iPad

config.status:982: creating extra/uconv/uconv.1

## ---------------------- ##
## Running config.status. ##
## ---------------------- ##

This file was extended by config.status, which was
generated by GNU Autoconf 2.67.  Invocation command line was

  CONFIG_FILES    = ./config/icu-config.1
  CONFIG_HEADERS  = 
  CONFIG_LINKS    = 
  CONFIG_COMMANDS = 
  $ ./config.status 

on Chriss-iPad

config.status:982: creating ./config/icu-config.1
