# This is the CMakeCache file.
# For build in directory: /home/chris/cmake-2.8.10.2
# It was generated by CMake: /private/var/chris/cmake-2.8.10.2/Bootstrap.cmk/cmake
# You can edit this file to change values found and used by cmake.
# If you do not want to change any of the values, simply exit the editor.
# If you do want to change a value, simply edit, save, and exit the editor.
# The syntax for the file is as follows:
# KEY:TYPE=VALUE
# KEY is the name of a variable in the cache.
# TYPE is a hint to GUI's for the type of VALUE, DO NOT EDIT TYPE!.
# VALUE is the current value for the KEY.

########################
# EXTERNAL cache entries
########################

//Build the CMake Curses Dialog ccmake
BUILD_CursesDialog:BOOL=ON

//Build the documentation (Doxygen).
BUILD_DOCUMENTATION:BOOL=OFF

//Build Qt dialog for CMake
BUILD_QtDialog:BOOL=OFF

//Build the testing tree.
BUILD_TESTING:BOOL=ON

//Path to a program.
BZRCOMMAND:FILEPATH=BZRCOMMAND-NOTFOUND

//Path to a program.
BZR_EXECUTABLE:FILEPATH=BZR_EXECUTABLE-NOTFOUND

//Path to a program.
CMAKE_AR:FILEPATH=/usr/bin/ar

//Should curl be built shared
CMAKE_BUILD_CURL_SHARED:BOOL=OFF

//Choose the type of build, options are: None(CMAKE_CXX_FLAGS or
// CMAKE_C_FLAGS used) Debug Release RelWithDebInfo MinSizeRel.
CMAKE_BUILD_TYPE:STRING=

//Enable/Disable color output during build.
CMAKE_COLOR_MAKEFILE:BOOL=ON

//Path to a program.
CMAKE_CTEST_COMMAND:FILEPATH=/usr/local/bin/ctest

//CXX compiler.
CMAKE_CXX_COMPILER:FILEPATH=/usr/bin/g++

//Flags used by the compiler during all build types.
CMAKE_CXX_FLAGS:STRING=

//Flags used by the compiler during debug builds.
CMAKE_CXX_FLAGS_DEBUG:STRING=-g

//Flags used by the compiler during release minsize builds.
CMAKE_CXX_FLAGS_MINSIZEREL:STRING=-Os -DNDEBUG

//Flags used by the compiler during release builds (/MD /Ob1 /Oi
// /Ot /Oy /Gs will produce slightly less optimized but smaller
// files).
CMAKE_CXX_FLAGS_RELEASE:STRING=-O3 -DNDEBUG

//Flags used by the compiler during Release with Debug Info builds.
CMAKE_CXX_FLAGS_RELWITHDEBINFO:STRING=-O2 -g -DNDEBUG

//C compiler.
CMAKE_C_COMPILER:FILEPATH=/usr/bin/gcc

//Flags used by the compiler during all build types.
CMAKE_C_FLAGS:STRING=

//Flags used by the compiler during debug builds.
CMAKE_C_FLAGS_DEBUG:STRING=-g

//Flags used by the compiler during release minsize builds.
CMAKE_C_FLAGS_MINSIZEREL:STRING=-Os -DNDEBUG

//Flags used by the compiler during release builds (/MD /Ob1 /Oi
// /Ot /Oy /Gs will produce slightly less optimized but smaller
// files).
CMAKE_C_FLAGS_RELEASE:STRING=-O3 -DNDEBUG

//Flags used by the compiler during Release with Debug Info builds.
CMAKE_C_FLAGS_RELWITHDEBINFO:STRING=-O2 -g -DNDEBUG

//Install location for data (relative to prefix).
CMAKE_DATA_DIR:PATH=/share/cmake-2.8

//Install location for documentation (relative to prefix).
CMAKE_DOC_DIR:PATH=/doc/cmake-2.8

//Flags used by the linker.
CMAKE_EXE_LINKER_FLAGS:STRING=' '

//Flags used by the linker during debug builds.
CMAKE_EXE_LINKER_FLAGS_DEBUG:STRING=

//Flags used by the linker during release minsize builds.
CMAKE_EXE_LINKER_FLAGS_MINSIZEREL:STRING=

//Flags used by the linker during release builds.
CMAKE_EXE_LINKER_FLAGS_RELEASE:STRING=

//Flags used by the linker during Release with Debug Info builds.
CMAKE_EXE_LINKER_FLAGS_RELWITHDEBINFO:STRING=

//Enable/Disable output of compile commands during generation.
CMAKE_EXPORT_COMPILE_COMMANDS:BOOL=OFF

//Value Computed by CMake
CMAKE_FORM_BINARY_DIR:STATIC=/home/chris/cmake-2.8.10.2/Source/CursesDialog/form

//Value Computed by CMake
CMAKE_FORM_SOURCE_DIR:STATIC=/home/chris/cmake-2.8.10.2/Source/CursesDialog/form

//Fortran compiler
CMAKE_Fortran_COMPILER:FILEPATH=NOTFOUND

//Fortran flags
CMAKE_Fortran_FLAGS:STRING=

//Install Microsoft runtime debug libraries with CMake.
CMAKE_INSTALL_DEBUG_LIBRARIES:BOOL=OFF

//Path to a program.
CMAKE_INSTALL_NAME_TOOL:FILEPATH=/usr/bin/install_name_tool

//Install path prefix, prepended onto install directories.
CMAKE_INSTALL_PREFIX:PATH=/usr/local

//Path to a program.
CMAKE_LINKER:FILEPATH=/usr/bin/ld

//Path to a program.
CMAKE_MAKE_PROGRAM:FILEPATH=/usr/local/bin/gmake

//Install location for man pages (relative to prefix).
CMAKE_MAN_DIR:PATH=/man

//Flags used by the linker during the creation of modules.
CMAKE_MODULE_LINKER_FLAGS:STRING=' '

//Flags used by the linker during debug builds.
CMAKE_MODULE_LINKER_FLAGS_DEBUG:STRING=

//Flags used by the linker during release minsize builds.
CMAKE_MODULE_LINKER_FLAGS_MINSIZEREL:STRING=

//Flags used by the linker during release builds.
CMAKE_MODULE_LINKER_FLAGS_RELEASE:STRING=

//Flags used by the linker during Release with Debug Info builds.
CMAKE_MODULE_LINKER_FLAGS_RELWITHDEBINFO:STRING=

//Path to a program.
CMAKE_NM:FILEPATH=/usr/bin/nm

//Path to a program.
CMAKE_OBJCOPY:FILEPATH=/usr/bin/objcopy

//Path to a program.
CMAKE_OBJDUMP:FILEPATH=/usr/bin/objdump

//Build architectures for OSX
CMAKE_OSX_ARCHITECTURES:STRING=

//The product will be built against the headers and libraries located
// inside the indicated SDK.
CMAKE_OSX_SYSROOT:STRING=

//Value Computed by CMake
CMAKE_PROJECT_NAME:STATIC=CMake

//Path to a program.
CMAKE_RANLIB:FILEPATH=/usr/bin/ranlib

//Regenerate YACC and LEXX files
CMAKE_REGENERATE_YACCLEX:BOOL=OFF

//Should the long tests be run (such as Bootstrap).
CMAKE_RUN_LONG_TESTS:BOOL=ON

//Flags used by the linker during the creation of dll's.
CMAKE_SHARED_LINKER_FLAGS:STRING=' '

//Flags used by the linker during debug builds.
CMAKE_SHARED_LINKER_FLAGS_DEBUG:STRING=

//Flags used by the linker during release minsize builds.
CMAKE_SHARED_LINKER_FLAGS_MINSIZEREL:STRING=

//Flags used by the linker during release builds.
CMAKE_SHARED_LINKER_FLAGS_RELEASE:STRING=

//Flags used by the linker during Release with Debug Info builds.
CMAKE_SHARED_LINKER_FLAGS_RELWITHDEBINFO:STRING=

//If set, runtime paths are not added when installing shared libraries,
// but are added when building.
CMAKE_SKIP_INSTALL_RPATH:BOOL=NO

//Perform strict testing to record property and variable access.
// Can be used to report any undefined properties or variables
CMAKE_STRICT:BOOL=OFF

//Path to a program.
CMAKE_STRIP:FILEPATH=/usr/bin/strip

//Generator used when running tests
CMAKE_TEST_GENERATOR:STRING=

//Generator used when running tests
CMAKE_TEST_MAKEPROGRAM:FILEPATH=

//Enable folder grouping of projects in IDEs.
CMAKE_USE_FOLDERS:BOOL=ON

//Add StyleCheck target and KWStyle test: run KWStyle to check
// for coding standard violations.
CMAKE_USE_KWSTYLE:BOOL=OFF

//Use OpenSSL code with curl.
CMAKE_USE_OPENSSL:BOOL=OFF

//If true, cmake will use relative paths in makefiles and projects.
CMAKE_USE_RELATIVE_PATHS:BOOL=OFF

//Use system-installed bzip2
CMAKE_USE_SYSTEM_BZIP2:BOOL=OFF

//Use system-installed curl
CMAKE_USE_SYSTEM_CURL:BOOL=OFF

//Use system-installed expat
CMAKE_USE_SYSTEM_EXPAT:BOOL=OFF

//Use system-installed libarchive
CMAKE_USE_SYSTEM_LIBARCHIVE:BOOL=OFF

//Use system-installed zlib
CMAKE_USE_SYSTEM_ZLIB:BOOL=OFF

//If this value is on, makefiles will be generated without the
// .SILENT directive, and all commands will be echoed to the console
// during the make.  This is useful for debugging only. With Visual
// Studio IDE projects all commands are done without /nologo.
CMAKE_VERBOSE_MAKEFILE:BOOL=FALSE

//Value Computed by CMake
CMCompress_BINARY_DIR:STATIC=/home/chris/cmake-2.8.10.2/Utilities/cmcompress

//Value Computed by CMake
CMCompress_SOURCE_DIR:STATIC=/home/chris/cmake-2.8.10.2/Utilities/cmcompress

//Value Computed by CMake
CMEXPAT_BINARY_DIR:STATIC=/home/chris/cmake-2.8.10.2/Utilities/cmexpat

//Value Computed by CMake
CMEXPAT_SOURCE_DIR:STATIC=/home/chris/cmake-2.8.10.2/Utilities/cmexpat

//Value Computed by CMake
CMZLIB_BINARY_DIR:STATIC=/home/chris/cmake-2.8.10.2/Utilities/cmzlib

//Value Computed by CMake
CMZLIB_SOURCE_DIR:STATIC=/home/chris/cmake-2.8.10.2/Utilities/cmzlib

//Dependencies for the target
CMakeLib_LIB_DEPENDS:STATIC=general;cmsys;general;cmexpat;general;cmzlib;general;cmlibarchive;general;cmbzip2;general;cmcompress;general;cmcurl;

//Value Computed by CMake
CMake_BINARY_DIR:STATIC=/home/chris/cmake-2.8.10.2

//Value Computed by CMake
CMake_SOURCE_DIR:STATIC=/home/chris/cmake-2.8.10.2

//Test CMake Installation
CMake_TEST_INSTALL:BOOL=OFF

//Path to program used to compress files for transfer to the dart
// server
COMPRESSIONCOMMAND:FILEPATH=/bin/gzip

//Path to the coverage program that CTest uses for performing coverage
// inspection
COVERAGE_COMMAND:FILEPATH=/usr/bin/gcov

//Extra command line flags to pass to the coverage tool
COVERAGE_EXTRA_FLAGS:STRING=-l

//Enable to build OSX bundles
CPACK_BINARY_BUNDLE:BOOL=OFF

//Enable to build Debian packages
CPACK_BINARY_DEB:BOOL=OFF

//Enable to build OSX Drag And Drop package
CPACK_BINARY_DRAGNDROP:BOOL=OFF

//Enable to build NSIS packages
CPACK_BINARY_NSIS:BOOL=OFF

//Enable to build OSX X11 packages
CPACK_BINARY_OSXX11:BOOL=OFF

//Enable to build PackageMaker packages
CPACK_BINARY_PACKAGEMAKER:BOOL=ON

//Enable to build RPM packages
CPACK_BINARY_RPM:BOOL=OFF

//Enable to build STGZ packages
CPACK_BINARY_STGZ:BOOL=ON

//Enable to build TBZ2 packages
CPACK_BINARY_TBZ2:BOOL=OFF

//Enable to build TGZ packages
CPACK_BINARY_TGZ:BOOL=ON

//Enable to build TBZ2 source packages
CPACK_SOURCE_TBZ2:BOOL=ON

//Enable to build TGZ source packages
CPACK_SOURCE_TGZ:BOOL=ON

//Enable to build TZ source packages
CPACK_SOURCE_TZ:BOOL=ON

//Enable to build ZIP source packages
CPACK_SOURCE_ZIP:BOOL=OFF

//Dependencies for the target
CPackLib_LIB_DEPENDS:STATIC=general;CMakeLib;

//How many times to retry timed-out CTest submissions.
CTEST_SUBMIT_RETRY_COUNT:STRING=3

//How long to wait between timed-out CTest submissions.
CTEST_SUBMIT_RETRY_DELAY:STRING=5

//Should the tests that use '--build-target package' be run?
CTEST_TEST_CPACK:BOOL=ON

//Should the tests that run a full sub ctest process be run?
CTEST_TEST_CTEST:BOOL=OFF

//Enable xmlrpc submission method in CTest.
CTEST_USE_XMLRPC:BOOL=OFF

//Dependencies for the target
CTestLib_LIB_DEPENDS:STATIC=general;CMakeLib;general;cmcurl;

//Do libCurl testing
CURL_TESTING:BOOL=OFF

//Path to a file.
CURSES_CURSES_H_PATH:PATH=/usr/include

//Path to a library.
CURSES_CURSES_LIBRARY:FILEPATH=/usr/lib/libcurses.dylib

//Path to a library.
CURSES_EXTRA_LIBRARY:FILEPATH=CURSES_EXTRA_LIBRARY-NOTFOUND

//Path to a library.
CURSES_FORM_LIBRARY:FILEPATH=/usr/lib/libform.dylib

//Path to a file.
CURSES_HAVE_CURSES_H:FILEPATH=/usr/include/curses.h

//The curses include path
CURSES_INCLUDE_PATH:FILEPATH=/usr/include

//The curses library
CURSES_LIBRARY:FILEPATH=/usr/lib/libcurses.dylib

//Path to a library.
CURSES_NCURSES_LIBRARY:FILEPATH=/usr/local/lib/libncurses.dylib

//Path to a program.
CVSCOMMAND:FILEPATH=CVSCOMMAND-NOTFOUND

//CVS command line client
CVS_EXECUTABLE:FILEPATH=CVS_EXECUTABLE-NOTFOUND

//Options passed to the cvs update command.
CVS_UPDATE_OPTIONS:STRING=-d -A -P

//Limit of reported errors, -1 reports all.
DART_BUILD_ERROR_REPORT_LIMIT:BOOL=OFF

//Limit of reported warnings, -1 reports all.
DART_BUILD_WARNING_REPORT_LIMIT:BOOL=OFF

//If you have Dart installed, where is it located?
DART_ROOT:PATH=DART_ROOT-NOTFOUND

//Maximum time allowed before CTest will kill the test.
DART_TESTING_TIMEOUT:STRING=1500

//Show the actual output of the build, or if off show a . for each
// 1024 bytes.
DART_VERBOSE_BUILD:BOOL=OFF

//Should Dart server send email when build errors are found in
// Continuous builds?
DELIVER_CONTINUOUS_EMAIL:BOOL=Off

//Path to a program.
DPKG_EXECUTABLE:FILEPATH=/usr/bin/dpkg

//The curses form library
FORM_LIBRARY:FILEPATH=/usr/lib/libform.dylib

//Path to a program.
GITCOMMAND:FILEPATH=/usr/bin/git

//Path to a program.
GIT_EXECUTABLE:FILEPATH=/usr/bin/git

//Path to gunzip executable
GUNZIPCOMMAND:FILEPATH=/bin/gunzip

//Path to a program.
HGCOMMAND:FILEPATH=HGCOMMAND-NOTFOUND

//Path to a program.
HG_EXECUTABLE:FILEPATH=HG_EXECUTABLE-NOTFOUND

//Path to java command, used by the Dart server to create html.
JAVACOMMAND:FILEPATH=/usr/bin/java

//Path to a program.
Java_JAR_EXECUTABLE:FILEPATH=Java_JAR_EXECUTABLE-NOTFOUND

//Path to a program.
Java_JAVAC_EXECUTABLE:FILEPATH=Java_JAVAC_EXECUTABLE-NOTFOUND

//Path to a program.
Java_JAVADOC_EXECUTABLE:FILEPATH=Java_JAVADOC_EXECUTABLE-NOTFOUND

//Path to a program.
Java_JAVAH_EXECUTABLE:FILEPATH=Java_JAVAH_EXECUTABLE-NOTFOUND

//Path to a program.
Java_JAVA_EXECUTABLE:FILEPATH=/usr/bin/java

//Path to a program.
KWSTYLE_EXECUTABLE:FILEPATH=KWSTYLE_EXECUTABLE-NOTFOUND

//Value Computed by CMake
LIBCURL_BINARY_DIR:STATIC=/home/chris/cmake-2.8.10.2/Utilities/cmcurl

//Value Computed by CMake
LIBCURL_SOURCE_DIR:STATIC=/home/chris/cmake-2.8.10.2/Utilities/cmcurl

//Path to a file.
LIBXML2_INCLUDE_DIR:PATH=/usr/local/include/libxml2

//Path to a library.
LIBXML2_LIBRARIES:FILEPATH=/usr/local/lib/libxml2.dylib

//Path to a program.
LIBXML2_XMLLINT_EXECUTABLE:FILEPATH=/usr/local/bin/xmllint

//Command to build the project
MAKECOMMAND:STRING=/usr/local/bin/gmake -i

//Path to the memory checking command, used for memory error detection.
MEMORYCHECK_COMMAND:FILEPATH=MEMORYCHECK_COMMAND-NOTFOUND

//File that contains suppressions for the memory checker
MEMORYCHECK_SUPPRESSIONS_FILE:FILEPATH=

//Path to a program.
MINGW_CC_LINUX2WIN_EXECUTABLE:FILEPATH=MINGW_CC_LINUX2WIN_EXECUTABLE-NOTFOUND

//Path to a program.
MINGW_CXX_LINUX2WIN_EXECUTABLE:FILEPATH=MINGW_CXX_LINUX2WIN_EXECUTABLE-NOTFOUND

//Path to a program.
MINGW_RC_LINUX2WIN_EXECUTABLE:FILEPATH=MINGW_RC_LINUX2WIN_EXECUTABLE-NOTFOUND

//makensis program location
NSIS_MAKENSIS_EXECUTABLE:FILEPATH=NSIS_MAKENSIS_EXECUTABLE-NOTFOUND

//pkg-config executable
PKG_CONFIG_EXECUTABLE:FILEPATH=/usr/local/bin/pkg-config

//The qmake executable for the Qt installation to use
QT_QMAKE_EXECUTABLE:FILEPATH=QT_QMAKE_EXECUTABLE-NOTFOUND

//Path to a file.
RANDOM_FILE:FILEPATH=/dev/urandom

//Path to a program.
RPMBUILD_EXECUTABLE:FILEPATH=RPMBUILD_EXECUTABLE-NOTFOUND

//Path to scp command, used by CTest for submitting results to
// a Dart server
SCPCOMMAND:FILEPATH=/usr/bin/scp

//Path to a program.
SDCC_EXECUTABLE:FILEPATH=SDCC_EXECUTABLE-NOTFOUND

//Name of the computer/site where compile is being run
SITE:STRING=Chriss-iPad

//Path to the SLURM sbatch executable
SLURM_SBATCH_COMMAND:FILEPATH=SLURM_SBATCH_COMMAND-NOTFOUND

//Path to the SLURM srun executable
SLURM_SRUN_COMMAND:FILEPATH=SLURM_SRUN_COMMAND-NOTFOUND

//Path to a program.
SVNCOMMAND:FILEPATH=/usr/bin/svn

//Path to a program.
Subversion_SVNADMIN_EXECUTABLE:FILEPATH=/usr/bin/svnadmin

//subversion command line client
Subversion_SVN_EXECUTABLE:FILEPATH=/usr/bin/svn

//Value Computed by CMake
bzip2_BINARY_DIR:STATIC=/home/chris/cmake-2.8.10.2/Utilities/cmbzip2

//Value Computed by CMake
bzip2_SOURCE_DIR:STATIC=/home/chris/cmake-2.8.10.2/Utilities/cmbzip2

//Dependencies for the target
cmForm_LIB_DEPENDS:STATIC=general;/usr/lib/libcurses.dylib;

//Dependencies for target
cmbzip2_LIB_DEPENDS:STATIC=

//Dependencies for target
cmcompress_LIB_DEPENDS:STATIC=

//Dependencies for the target
cmcurl_LIB_DEPENDS:STATIC=general;cmzlib;

//Dependencies for target
cmexpat_LIB_DEPENDS:STATIC=

//Dependencies for the target
cmlibarchive_LIB_DEPENDS:STATIC=general;cmzlib;general;cmbzip2;general;-framework CoreServices;

//Dependencies for target
cmsysTestDynload_LIB_DEPENDS:STATIC=

//Value Computed by CMake
cmsys_BINARY_DIR:STATIC=/home/chris/cmake-2.8.10.2/Source/kwsys

//Dependencies for target
cmsys_LIB_DEPENDS:STATIC=

//Value Computed by CMake
cmsys_SOURCE_DIR:STATIC=/home/chris/cmake-2.8.10.2/Source/kwsys

//Dependencies for target
cmsys_c_LIB_DEPENDS:STATIC=

//Dependencies for target
cmzlib_LIB_DEPENDS:STATIC=

//Dependencies for target
foo_LIB_DEPENDS:STATIC=

//Value Computed by CMake
libarchive_BINARY_DIR:STATIC=/home/chris/cmake-2.8.10.2/Utilities/cmlibarchive

//Value Computed by CMake
libarchive_SOURCE_DIR:STATIC=/home/chris/cmake-2.8.10.2/Utilities/cmlibarchive


########################
# INTERNAL cache entries
########################

//Result of TRY_COMPILE
ARCHIVE_CRYPTO_MD5_LIBC:INTERNAL=FALSE
//Result of TRY_COMPILE
ARCHIVE_CRYPTO_MD5_LIBMD:INTERNAL=FALSE
//Result of TRY_COMPILE
ARCHIVE_CRYPTO_MD5_LIBSYSTEM:INTERNAL=FALSE
//Result of TRY_COMPILE
ARCHIVE_CRYPTO_RMD160_LIBC:INTERNAL=FALSE
//Result of TRY_COMPILE
ARCHIVE_CRYPTO_RMD160_LIBMD:INTERNAL=FALSE
//Result of TRY_COMPILE
ARCHIVE_CRYPTO_SHA1_LIBC:INTERNAL=FALSE
//Result of TRY_COMPILE
ARCHIVE_CRYPTO_SHA1_LIBMD:INTERNAL=FALSE
//Result of TRY_COMPILE
ARCHIVE_CRYPTO_SHA1_LIBSYSTEM:INTERNAL=FALSE
//Result of TRY_COMPILE
ARCHIVE_CRYPTO_SHA256_LIBC:INTERNAL=FALSE
//Result of TRY_COMPILE
ARCHIVE_CRYPTO_SHA256_LIBC2:INTERNAL=FALSE
//Result of TRY_COMPILE
ARCHIVE_CRYPTO_SHA256_LIBC3:INTERNAL=FALSE
//Result of TRY_COMPILE
ARCHIVE_CRYPTO_SHA256_LIBMD:INTERNAL=FALSE
//Result of TRY_COMPILE
ARCHIVE_CRYPTO_SHA256_LIBSYSTEM:INTERNAL=FALSE
//Result of TRY_COMPILE
ARCHIVE_CRYPTO_SHA384_LIBC:INTERNAL=FALSE
//Result of TRY_COMPILE
ARCHIVE_CRYPTO_SHA384_LIBC2:INTERNAL=FALSE
//Result of TRY_COMPILE
ARCHIVE_CRYPTO_SHA384_LIBC3:INTERNAL=FALSE
//Result of TRY_COMPILE
ARCHIVE_CRYPTO_SHA384_LIBSYSTEM:INTERNAL=FALSE
//Result of TRY_COMPILE
ARCHIVE_CRYPTO_SHA512_LIBC:INTERNAL=FALSE
//Result of TRY_COMPILE
ARCHIVE_CRYPTO_SHA512_LIBC2:INTERNAL=FALSE
//Result of TRY_COMPILE
ARCHIVE_CRYPTO_SHA512_LIBC3:INTERNAL=FALSE
//Result of TRY_COMPILE
ARCHIVE_CRYPTO_SHA512_LIBMD:INTERNAL=FALSE
//Result of TRY_COMPILE
ARCHIVE_CRYPTO_SHA512_LIBSYSTEM:INTERNAL=FALSE
//ADVANCED property for variable: BUILD_DOCUMENTATION
BUILD_DOCUMENTATION-ADVANCED:INTERNAL=1
//Have library cmbzip2
BZIP2_NEED_PREFIX:INTERNAL=
//ADVANCED property for variable: BZRCOMMAND
BZRCOMMAND-ADVANCED:INTERNAL=1
//ADVANCED property for variable: BZR_EXECUTABLE
BZR_EXECUTABLE-ADVANCED:INTERNAL=1
//Result of TRY_COMPILE
CMAKE_ANSI_FOR_SCOPE:INTERNAL=TRUE
//Have include iostream
CMAKE_ANSI_STREAM_HEADERS:INTERNAL=1
//ADVANCED property for variable: CMAKE_AR
CMAKE_AR-ADVANCED:INTERNAL=1
//ADVANCED property for variable: CMAKE_BUILD_TOOL
CMAKE_BUILD_TOOL-ADVANCED:INTERNAL=1
//What is the target build tool cmake is generating for.
CMAKE_BUILD_TOOL:INTERNAL=/usr/local/bin/gmake
//This is the directory where this CMakeCache.txt was created
CMAKE_CACHEFILE_DIR:INTERNAL=/home/chris/cmake-2.8.10.2
//Major version of cmake used to create the current loaded cache
CMAKE_CACHE_MAJOR_VERSION:INTERNAL=2
//Minor version of cmake used to create the current loaded cache
CMAKE_CACHE_MINOR_VERSION:INTERNAL=8
//Patch version of cmake used to create the current loaded cache
CMAKE_CACHE_PATCH_VERSION:INTERNAL=10
//ADVANCED property for variable: CMAKE_COLOR_MAKEFILE
CMAKE_COLOR_MAKEFILE-ADVANCED:INTERNAL=1
//Path to CMake executable.
CMAKE_COMMAND:INTERNAL=/private/var/chris/cmake-2.8.10.2/Bootstrap.cmk/cmake
//ADVANCED property for variable: CMAKE_CTEST_COMMAND
CMAKE_CTEST_COMMAND-ADVANCED:INTERNAL=1
//ADVANCED property for variable: CMAKE_CXX_COMPILER
CMAKE_CXX_COMPILER-ADVANCED:INTERNAL=1
//ADVANCED property for variable: CMAKE_CXX_FLAGS
CMAKE_CXX_FLAGS-ADVANCED:INTERNAL=1
//ADVANCED property for variable: CMAKE_CXX_FLAGS_DEBUG
CMAKE_CXX_FLAGS_DEBUG-ADVANCED:INTERNAL=1
//ADVANCED property for variable: CMAKE_CXX_FLAGS_MINSIZEREL
CMAKE_CXX_FLAGS_MINSIZEREL-ADVANCED:INTERNAL=1
//ADVANCED property for variable: CMAKE_CXX_FLAGS_RELEASE
CMAKE_CXX_FLAGS_RELEASE-ADVANCED:INTERNAL=1
//ADVANCED property for variable: CMAKE_CXX_FLAGS_RELWITHDEBINFO
CMAKE_CXX_FLAGS_RELWITHDEBINFO-ADVANCED:INTERNAL=1
//ADVANCED property for variable: CMAKE_C_COMPILER
CMAKE_C_COMPILER-ADVANCED:INTERNAL=1
//ADVANCED property for variable: CMAKE_C_FLAGS
CMAKE_C_FLAGS-ADVANCED:INTERNAL=1
//ADVANCED property for variable: CMAKE_C_FLAGS_DEBUG
CMAKE_C_FLAGS_DEBUG-ADVANCED:INTERNAL=1
//ADVANCED property for variable: CMAKE_C_FLAGS_MINSIZEREL
CMAKE_C_FLAGS_MINSIZEREL-ADVANCED:INTERNAL=1
//ADVANCED property for variable: CMAKE_C_FLAGS_RELEASE
CMAKE_C_FLAGS_RELEASE-ADVANCED:INTERNAL=1
//ADVANCED property for variable: CMAKE_C_FLAGS_RELWITHDEBINFO
CMAKE_C_FLAGS_RELWITHDEBINFO-ADVANCED:INTERNAL=1
//ADVANCED property for variable: CMAKE_DATA_DIR
CMAKE_DATA_DIR-ADVANCED:INTERNAL=1
//ADVANCED property for variable: CMAKE_DOC_DIR
CMAKE_DOC_DIR-ADVANCED:INTERNAL=1
//Executable file format
CMAKE_EXECUTABLE_FORMAT:INTERNAL=Unknown
//ADVANCED property for variable: CMAKE_EXE_LINKER_FLAGS
CMAKE_EXE_LINKER_FLAGS-ADVANCED:INTERNAL=1
//ADVANCED property for variable: CMAKE_EXE_LINKER_FLAGS_DEBUG
CMAKE_EXE_LINKER_FLAGS_DEBUG-ADVANCED:INTERNAL=1
//ADVANCED property for variable: CMAKE_EXE_LINKER_FLAGS_MINSIZEREL
CMAKE_EXE_LINKER_FLAGS_MINSIZEREL-ADVANCED:INTERNAL=1
//ADVANCED property for variable: CMAKE_EXE_LINKER_FLAGS_RELEASE
CMAKE_EXE_LINKER_FLAGS_RELEASE-ADVANCED:INTERNAL=1
//ADVANCED property for variable: CMAKE_EXE_LINKER_FLAGS_RELWITHDEBINFO
CMAKE_EXE_LINKER_FLAGS_RELWITHDEBINFO-ADVANCED:INTERNAL=1
//ADVANCED property for variable: CMAKE_EXPORT_COMPILE_COMMANDS
CMAKE_EXPORT_COMPILE_COMMANDS-ADVANCED:INTERNAL=1
//ADVANCED property for variable: CMAKE_Fortran_COMPILER
CMAKE_Fortran_COMPILER-ADVANCED:INTERNAL=1
//ADVANCED property for variable: CMAKE_Fortran_FLAGS
CMAKE_Fortran_FLAGS-ADVANCED:INTERNAL=1
//Name of generator.
CMAKE_GENERATOR:INTERNAL=Unix Makefiles
//Result of TRY_COMPILE
CMAKE_HAS_ANSI_STRING_STREAM:INTERNAL=TRUE
//Start directory with the top level CMakeLists.txt file for this
// project
CMAKE_HOME_DIRECTORY:INTERNAL=/home/chris/cmake-2.8.10.2
//ADVANCED property for variable: CMAKE_INSTALL_DEBUG_LIBRARIES
CMAKE_INSTALL_DEBUG_LIBRARIES-ADVANCED:INTERNAL=1
//ADVANCED property for variable: CMAKE_INSTALL_NAME_TOOL
CMAKE_INSTALL_NAME_TOOL-ADVANCED:INTERNAL=1
//ADVANCED property for variable: CMAKE_LINKER
CMAKE_LINKER-ADVANCED:INTERNAL=1
//ADVANCED property for variable: CMAKE_MAKE_PROGRAM
CMAKE_MAKE_PROGRAM-ADVANCED:INTERNAL=1
//ADVANCED property for variable: CMAKE_MAN_DIR
CMAKE_MAN_DIR-ADVANCED:INTERNAL=1
//ADVANCED property for variable: CMAKE_MODULE_LINKER_FLAGS
CMAKE_MODULE_LINKER_FLAGS-ADVANCED:INTERNAL=1
//ADVANCED property for variable: CMAKE_MODULE_LINKER_FLAGS_DEBUG
CMAKE_MODULE_LINKER_FLAGS_DEBUG-ADVANCED:INTERNAL=1
//ADVANCED property for variable: CMAKE_MODULE_LINKER_FLAGS_MINSIZEREL
CMAKE_MODULE_LINKER_FLAGS_MINSIZEREL-ADVANCED:INTERNAL=1
//ADVANCED property for variable: CMAKE_MODULE_LINKER_FLAGS_RELEASE
CMAKE_MODULE_LINKER_FLAGS_RELEASE-ADVANCED:INTERNAL=1
//ADVANCED property for variable: CMAKE_MODULE_LINKER_FLAGS_RELWITHDEBINFO
CMAKE_MODULE_LINKER_FLAGS_RELWITHDEBINFO-ADVANCED:INTERNAL=1
//ADVANCED property for variable: CMAKE_NM
CMAKE_NM-ADVANCED:INTERNAL=1
//Does the compiler support ansi for scope.
CMAKE_NO_ANSI_FOR_SCOPE:INTERNAL=0
//ADVANCED property for variable: CMAKE_NO_ANSI_STREAM_HEADERS
CMAKE_NO_ANSI_STREAM_HEADERS-ADVANCED:INTERNAL=1
//Does the compiler support headers like iostream.
CMAKE_NO_ANSI_STREAM_HEADERS:INTERNAL=0
//Does the compiler support sstream
CMAKE_NO_ANSI_STRING_STREAM:INTERNAL=0
//Does the compiler support std::.
CMAKE_NO_STD_NAMESPACE:INTERNAL=0
//number of local generators
CMAKE_NUMBER_OF_LOCAL_GENERATORS:INTERNAL=25
//ADVANCED property for variable: CMAKE_OBJCOPY
CMAKE_OBJCOPY-ADVANCED:INTERNAL=1
//ADVANCED property for variable: CMAKE_OBJDUMP
CMAKE_OBJDUMP-ADVANCED:INTERNAL=1
//ADVANCED property for variable: CMAKE_RANLIB
CMAKE_RANLIB-ADVANCED:INTERNAL=1
//ADVANCED property for variable: CMAKE_REGENERATE_YACCLEX
CMAKE_REGENERATE_YACCLEX-ADVANCED:INTERNAL=1
//Path to CMake installation.
CMAKE_ROOT:INTERNAL=/private/var/chris/cmake-2.8.10.2
//ADVANCED property for variable: CMAKE_RUN_LONG_TESTS
CMAKE_RUN_LONG_TESTS-ADVANCED:INTERNAL=1
//ADVANCED property for variable: CMAKE_SHARED_LINKER_FLAGS
CMAKE_SHARED_LINKER_FLAGS-ADVANCED:INTERNAL=1
//ADVANCED property for variable: CMAKE_SHARED_LINKER_FLAGS_DEBUG
CMAKE_SHARED_LINKER_FLAGS_DEBUG-ADVANCED:INTERNAL=1
//ADVANCED property for variable: CMAKE_SHARED_LINKER_FLAGS_MINSIZEREL
CMAKE_SHARED_LINKER_FLAGS_MINSIZEREL-ADVANCED:INTERNAL=1
//ADVANCED property for variable: CMAKE_SHARED_LINKER_FLAGS_RELEASE
CMAKE_SHARED_LINKER_FLAGS_RELEASE-ADVANCED:INTERNAL=1
//ADVANCED property for variable: CMAKE_SHARED_LINKER_FLAGS_RELWITHDEBINFO
CMAKE_SHARED_LINKER_FLAGS_RELWITHDEBINFO-ADVANCED:INTERNAL=1
//CHECK_TYPE_SIZE: sizeof(unsigned short)
CMAKE_SIZEOF_UNSIGNED_SHORT:INTERNAL=2
//ADVANCED property for variable: CMAKE_SKIP_INSTALL_RPATH
CMAKE_SKIP_INSTALL_RPATH-ADVANCED:INTERNAL=1
//ADVANCED property for variable: CMAKE_SKIP_RPATH
CMAKE_SKIP_RPATH-ADVANCED:INTERNAL=1
//CMake does not need RPATHs.
CMAKE_SKIP_RPATH:INTERNAL=ON
//Result of TRY_COMPILE
CMAKE_STD_NAMESPACE:INTERNAL=TRUE
//ADVANCED property for variable: CMAKE_STRICT
CMAKE_STRICT-ADVANCED:INTERNAL=1
//ADVANCED property for variable: CMAKE_STRIP
CMAKE_STRIP-ADVANCED:INTERNAL=1
//uname command
CMAKE_UNAME:INTERNAL=/bin/uname
//ADVANCED property for variable: CMAKE_USE_FOLDERS
CMAKE_USE_FOLDERS-ADVANCED:INTERNAL=1
//ADVANCED property for variable: CMAKE_USE_KWSTYLE
CMAKE_USE_KWSTYLE-ADVANCED:INTERNAL=1
//ADVANCED property for variable: CMAKE_USE_OPENSSL
CMAKE_USE_OPENSSL-ADVANCED:INTERNAL=1
//ADVANCED property for variable: CMAKE_USE_RELATIVE_PATHS
CMAKE_USE_RELATIVE_PATHS-ADVANCED:INTERNAL=1
//ADVANCED property for variable: CMAKE_VERBOSE_MAKEFILE
CMAKE_VERBOSE_MAKEFILE-ADVANCED:INTERNAL=1
//Result of TEST_BIG_ENDIAN
CMEXPAT_BIGENDIAN:INTERNAL=0
//ADVANCED property for variable: CMake_TEST_INSTALL
CMake_TEST_INSTALL-ADVANCED:INTERNAL=1
//ADVANCED property for variable: COMPRESSIONCOMMAND
COMPRESSIONCOMMAND-ADVANCED:INTERNAL=1
//ADVANCED property for variable: COVERAGE_COMMAND
COVERAGE_COMMAND-ADVANCED:INTERNAL=1
//ADVANCED property for variable: COVERAGE_EXTRA_FLAGS
COVERAGE_EXTRA_FLAGS-ADVANCED:INTERNAL=1
//ADVANCED property for variable: CPACK_BINARY_BUNDLE
CPACK_BINARY_BUNDLE-ADVANCED:INTERNAL=1
//ADVANCED property for variable: CPACK_BINARY_DEB
CPACK_BINARY_DEB-ADVANCED:INTERNAL=1
//ADVANCED property for variable: CPACK_BINARY_DRAGNDROP
CPACK_BINARY_DRAGNDROP-ADVANCED:INTERNAL=1
//ADVANCED property for variable: CPACK_BINARY_NSIS
CPACK_BINARY_NSIS-ADVANCED:INTERNAL=1
//ADVANCED property for variable: CPACK_BINARY_OSXX11
CPACK_BINARY_OSXX11-ADVANCED:INTERNAL=1
//ADVANCED property for variable: CPACK_BINARY_PACKAGEMAKER
CPACK_BINARY_PACKAGEMAKER-ADVANCED:INTERNAL=1
//ADVANCED property for variable: CPACK_BINARY_RPM
CPACK_BINARY_RPM-ADVANCED:INTERNAL=1
//ADVANCED property for variable: CPACK_BINARY_STGZ
CPACK_BINARY_STGZ-ADVANCED:INTERNAL=1
//ADVANCED property for variable: CPACK_BINARY_TBZ2
CPACK_BINARY_TBZ2-ADVANCED:INTERNAL=1
//ADVANCED property for variable: CPACK_BINARY_TGZ
CPACK_BINARY_TGZ-ADVANCED:INTERNAL=1
//ADVANCED property for variable: CPACK_SOURCE_TBZ2
CPACK_SOURCE_TBZ2-ADVANCED:INTERNAL=1
//ADVANCED property for variable: CPACK_SOURCE_TGZ
CPACK_SOURCE_TGZ-ADVANCED:INTERNAL=1
//ADVANCED property for variable: CPACK_SOURCE_TZ
CPACK_SOURCE_TZ-ADVANCED:INTERNAL=1
//ADVANCED property for variable: CPACK_SOURCE_ZIP
CPACK_SOURCE_ZIP-ADVANCED:INTERNAL=1
//ADVANCED property for variable: CTEST_SUBMIT_RETRY_COUNT
CTEST_SUBMIT_RETRY_COUNT-ADVANCED:INTERNAL=1
//ADVANCED property for variable: CTEST_SUBMIT_RETRY_DELAY
CTEST_SUBMIT_RETRY_DELAY-ADVANCED:INTERNAL=1
//ADVANCED property for variable: CTEST_TEST_CPACK
CTEST_TEST_CPACK-ADVANCED:INTERNAL=1
//ADVANCED property for variable: CTEST_TEST_CTEST
CTEST_TEST_CTEST-ADVANCED:INTERNAL=1
//ADVANCED property for variable: CTEST_USE_XMLRPC
CTEST_USE_XMLRPC-ADVANCED:INTERNAL=1
//ADVANCED property for variable: CURL_TESTING
CURL_TESTING-ADVANCED:INTERNAL=1
//ADVANCED property for variable: CURSES_CURSES_HAS_WSYNCUP
CURSES_CURSES_HAS_WSYNCUP-ADVANCED:INTERNAL=1
//Have library /usr/lib/libcurses.dylib
CURSES_CURSES_HAS_WSYNCUP:INTERNAL=1
//ADVANCED property for variable: CURSES_CURSES_LIBRARY
CURSES_CURSES_LIBRARY-ADVANCED:INTERNAL=1
//ADVANCED property for variable: CURSES_EXTRA_LIBRARY
CURSES_EXTRA_LIBRARY-ADVANCED:INTERNAL=1
//ADVANCED property for variable: CURSES_INCLUDE_PATH
CURSES_INCLUDE_PATH-ADVANCED:INTERNAL=1
//ADVANCED property for variable: CURSES_LIBRARY
CURSES_LIBRARY-ADVANCED:INTERNAL=1
//ADVANCED property for variable: CURSES_NCURSES_LIBRARY
CURSES_NCURSES_LIBRARY-ADVANCED:INTERNAL=1
//ADVANCED property for variable: CVSCOMMAND
CVSCOMMAND-ADVANCED:INTERNAL=1
//ADVANCED property for variable: CVS_EXECUTABLE
CVS_EXECUTABLE-ADVANCED:INTERNAL=1
//ADVANCED property for variable: CVS_UPDATE_OPTIONS
CVS_UPDATE_OPTIONS-ADVANCED:INTERNAL=1
//ADVANCED property for variable: DART_BUILD_ERROR_REPORT_LIMIT
DART_BUILD_ERROR_REPORT_LIMIT-ADVANCED:INTERNAL=1
//ADVANCED property for variable: DART_BUILD_WARNING_REPORT_LIMIT
DART_BUILD_WARNING_REPORT_LIMIT-ADVANCED:INTERNAL=1
//ADVANCED property for variable: DART_ROOT
DART_ROOT-ADVANCED:INTERNAL=1
//ADVANCED property for variable: DART_TESTING_TIMEOUT
DART_TESTING_TIMEOUT-ADVANCED:INTERNAL=1
//ADVANCED property for variable: DART_VERBOSE_BUILD
DART_VERBOSE_BUILD-ADVANCED:INTERNAL=1
//ADVANCED property for variable: DELIVER_CONTINUOUS_EMAIL
DELIVER_CONTINUOUS_EMAIL-ADVANCED:INTERNAL=1
//CHECK_TYPE_SIZE: sizeof(dev_t)
DEV_T:INTERNAL=4
//Enable ACL support
ENABLE_ACL:INTERNAL=OFF
//Enable iconv support
ENABLE_ICONV:INTERNAL=OFF
//Enable use of Nettle
ENABLE_NETTLE:INTERNAL=OFF
//Enable use of OpenSSL
ENABLE_OPENSSL:INTERNAL=OFF
//Enable extended attribute support
ENABLE_XATTR:INTERNAL=OFF
//No configurable exe dir.
EXECUTABLE_OUTPUT_PATH:INTERNAL=
//Details about finding BZip2
FIND_PACKAGE_MESSAGE_DETAILS_BZip2:INTERNAL=[cmbzip2][/home/chris/cmake-2.8.10.2/Utilities/cmbzip2][v1.0.5()]
//Details about finding ZLIB
FIND_PACKAGE_MESSAGE_DETAILS_ZLIB:INTERNAL=[cmzlib][/home/chris/cmake-2.8.10.2/Utilities][v()]
//ADVANCED property for variable: FORM_LIBRARY
FORM_LIBRARY-ADVANCED:INTERNAL=1
//CHECK_TYPE_SIZE: sizeof(gid_t)
GID_T:INTERNAL=4
//ADVANCED property for variable: GITCOMMAND
GITCOMMAND-ADVANCED:INTERNAL=1
//ADVANCED property for variable: GIT_EXECUTABLE
GIT_EXECUTABLE-ADVANCED:INTERNAL=1
//ADVANCED property for variable: GUNZIPCOMMAND
GUNZIPCOMMAND-ADVANCED:INTERNAL=1
//Have includes sys/types.h;acl/libacl.h
HAVE_ACL_LIBACL_H:INTERNAL=
//Have include stdio.h;stddef.h;sys/types.h;inttypes.h;alloca.h
HAVE_ALLOCA_H:INTERNAL=1
//Have include stdio.h;stddef.h;sys/types.h;inttypes.h;alloca.h;arpa/inet.h
HAVE_ARPA_INET_H:INTERNAL=1
//Have includes stdio.h;stddef.h;sys/types.h;inttypes.h;alloca.h;arpa/inet.h;dlfcn.h;fcntl.h;memory.h;netdb.h;sys/poll.h;assert.h;limits.h;sys/socket.h;netinet/in.h;net/if.h;netinet/tcp.h;sys/select.h;utime.h;netinet/in.h;pwd.h;stdint.h;stdlib.h;string.h;strings.h;sys/param.h;sys/stat.h;sys/time.h;sys/resource.h;termios.h;time.h;unistd.h;sys/sockio.h;locale.h;setjmp.h;signal.h;sys/ioctl.h;sys/utsname.h;arpa/tftp.h
HAVE_ARPA_TFTP_H:INTERNAL=
//Have include stdio.h;stddef.h;sys/types.h;inttypes.h;alloca.h;arpa/inet.h;dlfcn.h;fcntl.h;memory.h;netdb.h;sys/poll.h;assert.h
HAVE_ASSERT_H:INTERNAL=1
//Have symbol basename
HAVE_BASENAME:INTERNAL=1
//Have function chflags
HAVE_CHFLAGS:INTERNAL=1
//Have function chown
HAVE_CHOWN:INTERNAL=1
//Have function chroot
HAVE_CHROOT:INTERNAL=1
//Have symbol closesocket
HAVE_CLOSESOCKET:INTERNAL=
//Result of TRY_COMPILE
HAVE_CMAKE_SIZEOF_UNSIGNED_SHORT:INTERNAL=TRUE
//Result of TRY_COMPILE
HAVE_CMEXPAT_BIGENDIAN:INTERNAL=TRUE
//Have include sys/types.h;ctype.h;copyfile.h
HAVE_COPYFILE_H:INTERNAL=1
//Have function ctime_r
HAVE_CTIME_R:INTERNAL=1
//Have include sys/types.h;ctype.h
HAVE_CTYPE_H:INTERNAL=1
//Have function cygwin_conv_path
HAVE_CYGWIN_CONV_PATH:INTERNAL=
//Test HAVE_C_FLAG_Wno_long_double
HAVE_C_FLAG_Wno_long_double:INTERNAL=
//Have symbol INT64_MAX
HAVE_DECL_INT64_MAX:INTERNAL=1
//Have symbol INT64_MIN
HAVE_DECL_INT64_MIN:INTERNAL=1
//Have symbol SIZE_MAX
HAVE_DECL_SIZE_MAX:INTERNAL=1
//Have symbol SSIZE_MAX
HAVE_DECL_SSIZE_MAX:INTERNAL=1
//Have symbol UINT32_MAX
HAVE_DECL_UINT32_MAX:INTERNAL=1
//Have symbol UINT64_MAX
HAVE_DECL_UINT64_MAX:INTERNAL=1
//Result of TRY_COMPILE
HAVE_DEV_T:INTERNAL=TRUE
//Have includes sys/types.h;ctype.h;copyfile.h;direct.h
HAVE_DIRECT_H:INTERNAL=
//Test HAVE_DIRENT_H
HAVE_DIRENT_H:INTERNAL=1
//Have include stdio.h;stddef.h;sys/types.h;inttypes.h;alloca.h;arpa/inet.h;dlfcn.h
HAVE_DLFCN_H:INTERNAL=1
//Have library 
HAVE_DLOPEN:INTERNAL=1
//Have symbol D_MD_ORDER
HAVE_D_MD_ORDER:INTERNAL=1
//Have symbol EFTYPE
HAVE_EFTYPE:INTERNAL=1
//Have symbol EILSEQ
HAVE_EILSEQ:INTERNAL=1
//Have include elf.h
HAVE_ELF_H:INTERNAL=
//Have symbol environ
HAVE_ENVIRON_NOT_REQUIRE_PROTOTYPE:INTERNAL=
//Have include stdio.h;stddef.h;sys/types.h;inttypes.h;alloca.h;arpa/inet.h;dlfcn.h;fcntl.h;memory.h;netdb.h;sys/poll.h;assert.h;limits.h;sys/socket.h;netinet/in.h;net/if.h;netinet/tcp.h;sys/select.h;utime.h;netinet/in.h;pwd.h;stdint.h;stdlib.h;string.h;strings.h;sys/param.h;sys/stat.h;sys/time.h;sys/resource.h;termios.h;time.h;unistd.h;sys/sockio.h;locale.h;setjmp.h;signal.h;sys/ioctl.h;sys/utsname.h;errno.h
HAVE_ERRNO_H:INTERNAL=1
//Have includes sys/types.h;ctype.h;copyfile.h;dlfcn.h;errno.h;ext2fs/ext2_fs.h
HAVE_EXT2FS_EXT2_FS_H:INTERNAL=
//Have function fchdir
HAVE_FCHDIR:INTERNAL=1
//Have function fchflags
HAVE_FCHFLAGS:INTERNAL=1
//Have function fchmod
HAVE_FCHMOD:INTERNAL=1
//Have function fchown
HAVE_FCHOWN:INTERNAL=1
//Have function fcntl
HAVE_FCNTL:INTERNAL=1
//Have include stdio.h;stddef.h;sys/types.h;inttypes.h;alloca.h;arpa/inet.h;dlfcn.h;fcntl.h
HAVE_FCNTL_H:INTERNAL=1
//Have function fdopendir
HAVE_FDOPENDIR:INTERNAL=
//Have include features.h
HAVE_FEATURES_H:INTERNAL=
//Curl test 
HAVE_FILE_OFFSET_BITS:INTERNAL=1
//Curl test 
HAVE_FIONBIO:INTERNAL=
//Have symbol fork
HAVE_FORK:INTERNAL=1
//Have function fseeko
HAVE_FSEEKO:INTERNAL=1
//Have function fstat
HAVE_FSTAT:INTERNAL=1
//Have function fstatat
HAVE_FSTATAT:INTERNAL=
//Have function fstatfs
HAVE_FSTATFS:INTERNAL=1
//Have function fstatvfs
HAVE_FSTATVFS:INTERNAL=1
//Have symbol ftruncate
HAVE_FTRUNCATE:INTERNAL=1
//Have function futimens
HAVE_FUTIMENS:INTERNAL=
//Have function futimes
HAVE_FUTIMES:INTERNAL=1
//Have function futimesat
HAVE_FUTIMESAT:INTERNAL=
//Curl test 
HAVE_GETADDRINFO:INTERNAL=1
//Have symbol geteuid
HAVE_GETEUID:INTERNAL=1
//Have function getgrgid_r
HAVE_GETGRGID_R:INTERNAL=1
//Have function getgrnam_r
HAVE_GETGRNAM_R:INTERNAL=1
//Have symbol gethostbyaddr
HAVE_GETHOSTBYADDR:INTERNAL=1
//Have symbol gethostbyaddr_r
HAVE_GETHOSTBYADDR_R:INTERNAL=
//Curl test 
HAVE_GETHOSTBYADDR_R_5_REENTRANT:INTERNAL=
//Curl test 
HAVE_GETHOSTBYADDR_R_7:INTERNAL=
//Curl test 
HAVE_GETHOSTBYADDR_R_7_REENTRANT:INTERNAL=
//Curl test 
HAVE_GETHOSTBYADDR_R_8:INTERNAL=
//Curl test 
HAVE_GETHOSTBYADDR_R_8_REENTRANT:INTERNAL=
//Have symbol gethostbyname
HAVE_GETHOSTBYNAME:INTERNAL=1
//Have symbol gethostbyname_r
HAVE_GETHOSTBYNAME_R:INTERNAL=
//Curl test 
HAVE_GETHOSTBYNAME_R_3:INTERNAL=
//Curl test 
HAVE_GETHOSTBYNAME_R_3_REENTRANT:INTERNAL=
//Curl test 
HAVE_GETHOSTBYNAME_R_5:INTERNAL=
//Curl test 
HAVE_GETHOSTBYNAME_R_5_REENTRANT:INTERNAL=
//Curl test 
HAVE_GETHOSTBYNAME_R_6:INTERNAL=
//Curl test 
HAVE_GETHOSTBYNAME_R_6_REENTRANT:INTERNAL=
//Have symbol getpass_r
HAVE_GETPASS_R:INTERNAL=
//Have function getpid
HAVE_GETPID:INTERNAL=1
//Have symbol getprotobyname
HAVE_GETPROTOBYNAME:INTERNAL=1
//Have function getpwnam_r
HAVE_GETPWNAM_R:INTERNAL=1
//Have symbol getpwuid
HAVE_GETPWUID:INTERNAL=1
//Have function getpwuid_r
HAVE_GETPWUID_R:INTERNAL=1
//Have symbol getrlimit
HAVE_GETRLIMIT:INTERNAL=1
//Have symbol gettimeofday
HAVE_GETTIMEOFDAY:INTERNAL=1
//Have function getvfsbyname
HAVE_GETVFSBYNAME:INTERNAL=1
//Result of TRY_COMPILE
HAVE_GID_T:INTERNAL=TRUE
//Have symbol gmtime_r
HAVE_GMTIME_R:INTERNAL=1
//Have include sys/types.h;ctype.h;copyfile.h;dlfcn.h;errno.h;fcntl.h;grp.h
HAVE_GRP_H:INTERNAL=1
//Have includes stdio.h;stddef.h;sys/types.h;inttypes.h;alloca.h;arpa/inet.h;dlfcn.h;fcntl.h;memory.h;netdb.h;sys/poll.h;assert.h;limits.h;sys/socket.h;netinet/in.h;net/if.h;netinet/tcp.h;sys/select.h;utime.h;netinet/in.h;pwd.h;stdint.h;stdlib.h;string.h;strings.h;sys/param.h;sys/stat.h;sys/time.h;sys/resource.h;termios.h;time.h;unistd.h;sys/sockio.h;locale.h;setjmp.h;signal.h;sys/ioctl.h;sys/utsname.h;idna.h
HAVE_IDNA_H:INTERNAL=
//Have symbol idna_strerror
HAVE_IDNA_STRERROR:INTERNAL=
//Have symbol idn_free
HAVE_IDN_FREE:INTERNAL=
//Have includes stdio.h;stddef.h;sys/types.h;inttypes.h;alloca.h;arpa/inet.h;dlfcn.h;fcntl.h;memory.h;netdb.h;sys/poll.h;assert.h;limits.h;sys/socket.h;netinet/in.h;net/if.h;netinet/tcp.h;sys/select.h;utime.h;netinet/in.h;pwd.h;stdint.h;stdlib.h;string.h;strings.h;sys/param.h;sys/stat.h;sys/time.h;sys/resource.h;termios.h;time.h;unistd.h;sys/sockio.h;locale.h;setjmp.h;signal.h;sys/ioctl.h;sys/utsname.h;idn-free.h
HAVE_IDN_FREE_H:INTERNAL=
//Result of TRY_COMPILE
HAVE_ID_T:INTERNAL=TRUE
//Have symbol inet_addr
HAVE_INET_ADDR:INTERNAL=1
//Have symbol inet_ntoa
HAVE_INET_NTOA:INTERNAL=1
//Have symbol inet_ntoa_r
HAVE_INET_NTOA_R:INTERNAL=
//Curl test 
HAVE_INET_NTOA_R_DECL:INTERNAL=
//Curl test 
HAVE_INET_NTOA_R_DECL_REENTRANT:INTERNAL=
//Have symbol inet_pton
HAVE_INET_PTON:INTERNAL=1
//Result of TRY_COMPILE
HAVE_INT16_T:INTERNAL=TRUE
//Result of TRY_COMPILE
HAVE_INT32_T:INTERNAL=TRUE
//Result of TRY_COMPILE
HAVE_INT64_T:INTERNAL=TRUE
//Result of TRY_COMPILE
HAVE_INTMAX_T:INTERNAL=TRUE
//Result of TRY_COMPILE
HAVE_INTPTR_T:INTERNAL=TRUE
//Have include stdio.h;stddef.h;sys/types.h;inttypes.h
HAVE_INTTYPES_H:INTERNAL=1
//Curl test 
HAVE_IN_ADDR_T:INTERNAL=1
//Curl test 
HAVE_IOCTLSOCKET:INTERNAL=
//Curl test 
HAVE_IOCTLSOCKET_CASE:INTERNAL=
//Have includes stdio.h;stddef.h;sys/types.h;inttypes.h;alloca.h;arpa/inet.h;dlfcn.h;fcntl.h;memory.h;netdb.h;sys/poll.h;assert.h;limits.h;sys/socket.h;netinet/in.h;net/if.h;netinet/tcp.h;sys/select.h;utime.h;netinet/in.h;pwd.h;stdint.h;stdlib.h;string.h;strings.h;sys/param.h;sys/stat.h;sys/time.h;sys/resource.h;termios.h;io.h
HAVE_IO_H:INTERNAL=
//Result of TRY_COMPILE
HAVE_KWSYS_SIZEOF_CHAR:INTERNAL=TRUE
//Result of TRY_COMPILE
HAVE_KWSYS_SIZEOF_SHORT:INTERNAL=TRUE
//Result of TRY_COMPILE
HAVE_KWSYS_SIZEOF___INT64:INTERNAL=FALSE
//Have include sys/types.h;ctype.h;copyfile.h;dlfcn.h;errno.h;fcntl.h;grp.h;inttypes.h;langinfo.h
HAVE_LANGINFO_H:INTERNAL=1
//Have function lchflags
HAVE_LCHFLAGS:INTERNAL=1
//Have function lchmod
HAVE_LCHMOD:INTERNAL=1
//Have function lchown
HAVE_LCHOWN:INTERNAL=1
//Have include stdio.h;stddef.h;sys/types.h;inttypes.h;alloca.h;arpa/inet.h;dlfcn.h;fcntl.h;memory.h;netdb.h;sys/poll.h;assert.h;limits.h;sys/socket.h;netinet/in.h;net/if.h;netinet/tcp.h;sys/select.h;utime.h;netinet/in.h;pwd.h;stdint.h;stdlib.h;string.h;strings.h;sys/param.h;sys/stat.h;sys/time.h;sys/resource.h;termios.h;time.h;unistd.h;sys/sockio.h;locale.h;setjmp.h;signal.h;sys/ioctl.h;sys/utsname.h;errno.h;libgen.h
HAVE_LIBGEN_H:INTERNAL=1
//Have library idn;
HAVE_LIBIDN:INTERNAL=
//Have library network;
HAVE_LIBNETWORK:INTERNAL=
//Have library socket;
HAVE_LIBSOCKET:INTERNAL=
//Have library winmm;
HAVE_LIBWINMM:INTERNAL=
//Have library ws2_32;
HAVE_LIBWS2_32:INTERNAL=
//Have include stdio.h;stddef.h;sys/types.h;inttypes.h;alloca.h;arpa/inet.h;dlfcn.h;fcntl.h;memory.h;netdb.h;sys/poll.h;assert.h;limits.h
HAVE_LIMITS_H:INTERNAL=1
//Have function link
HAVE_LINK:INTERNAL=1
//Have includes sys/types.h;ctype.h;copyfile.h;dlfcn.h;errno.h;fcntl.h;grp.h;inttypes.h;langinfo.h;limits.h;linux/fiemap.h
HAVE_LINUX_FIEMAP_H:INTERNAL=
//Have includes sys/types.h;ctype.h;copyfile.h;dlfcn.h;errno.h;fcntl.h;grp.h;inttypes.h;langinfo.h;limits.h;linux/fs.h
HAVE_LINUX_FS_H:INTERNAL=
//Have includes sys/types.h;ctype.h;copyfile.h;dlfcn.h;errno.h;fcntl.h;grp.h;inttypes.h;langinfo.h;limits.h;linux/magic.h
HAVE_LINUX_MAGIC_H:INTERNAL=
//Have includes sys/types.h;ctype.h;copyfile.h;dlfcn.h;errno.h;fcntl.h;grp.h;inttypes.h;langinfo.h;limits.h;linux/types.h
HAVE_LINUX_TYPES_H:INTERNAL=
//Have include stdio.h;stddef.h;sys/types.h;inttypes.h;alloca.h;arpa/inet.h;dlfcn.h;fcntl.h;memory.h;netdb.h;sys/poll.h;assert.h;limits.h;sys/socket.h;netinet/in.h;net/if.h;netinet/tcp.h;sys/select.h;utime.h;netinet/in.h;pwd.h;stdint.h;stdlib.h;string.h;strings.h;sys/param.h;sys/stat.h;sys/time.h;sys/resource.h;termios.h;time.h;unistd.h;sys/sockio.h;locale.h
HAVE_LOCALE_H:INTERNAL=1
//Have symbol localtime_r
HAVE_LOCALTIME_R:INTERNAL=1
//Have function lstat
HAVE_LSTAT:INTERNAL=1
//Have function lutimes
HAVE_LUTIMES:INTERNAL=1
//Have includes stdio.h;stddef.h;sys/types.h;inttypes.h;alloca.h;arpa/inet.h;dlfcn.h;fcntl.h;malloc.h
HAVE_MALLOC_H:INTERNAL=
//Have function mbrtowc
HAVE_MBRTOWC:INTERNAL=1
//Have function mbsnrtowcs
HAVE_MBSNRTOWCS:INTERNAL=1
//Have function memmove
HAVE_MEMMOVE:INTERNAL=1
//Have include stdio.h;stddef.h;sys/types.h;inttypes.h;alloca.h;arpa/inet.h;dlfcn.h;fcntl.h;memory.h
HAVE_MEMORY_H:INTERNAL=1
//Have function mkdir
HAVE_MKDIR:INTERNAL=1
//Have function mkfifo
HAVE_MKFIFO:INTERNAL=1
//Have function mknod
HAVE_MKNOD:INTERNAL=1
//Have function mkstemp
HAVE_MKSTEMP:INTERNAL=1
//Result of TRY_COMPILE
HAVE_MODE_T:INTERNAL=TRUE
//Test HAVE_MSG_NOSIGNAL
HAVE_MSG_NOSIGNAL:INTERNAL=
//Have include stdio.h;stddef.h;sys/types.h;inttypes.h;alloca.h;arpa/inet.h;dlfcn.h;fcntl.h;memory.h;netdb.h
HAVE_NETDB_H:INTERNAL=1
//Have includes stdio.h;stddef.h;sys/types.h;inttypes.h;alloca.h;arpa/inet.h;dlfcn.h;fcntl.h;memory.h;netdb.h;sys/poll.h;assert.h;limits.h;sys/socket.h;netinet/in.h;net/if.h;netinet/if_ether.h
HAVE_NETINET_IF_ETHER_H:INTERNAL=
//Have include stdio.h;stddef.h;sys/types.h;inttypes.h;alloca.h;arpa/inet.h;dlfcn.h;fcntl.h;memory.h;netdb.h;sys/poll.h;assert.h;limits.h;sys/socket.h;netinet/in.h
HAVE_NETINET_IN_H:INTERNAL=1
//Have include stdio.h;stddef.h;sys/types.h;inttypes.h;alloca.h;arpa/inet.h;dlfcn.h;fcntl.h;memory.h;netdb.h;sys/poll.h;assert.h;limits.h;sys/socket.h;netinet/in.h;net/if.h;netinet/tcp.h
HAVE_NETINET_TCP_H:INTERNAL=1
//Have include stdio.h;stddef.h;sys/types.h;inttypes.h;alloca.h;arpa/inet.h;dlfcn.h;fcntl.h;memory.h;netdb.h;sys/poll.h;assert.h;limits.h;sys/socket.h;netinet/in.h;net/if.h
HAVE_NET_IF_H:INTERNAL=1
//Have function nl_langinfo
HAVE_NL_LANGINFO:INTERNAL=1
//Result of TRY_COMPILE
HAVE_OFF_T:INTERNAL=TRUE
//Have function openat
HAVE_OPENAT:INTERNAL=
//Curl test 
HAVE_O_NONBLOCK:INTERNAL=1
//Curl test 
HAVE_O_NONBLOCKHAVE_GETHOSTBYADDR_R_5:INTERNAL=
//Have include sys/types.h;ctype.h;copyfile.h;dlfcn.h;errno.h;fcntl.h;grp.h;inttypes.h;langinfo.h;limits.h;locale.h;memory.h;paths.h
HAVE_PATHS_H:INTERNAL=1
//Have symbol perror
HAVE_PERROR:INTERNAL=1
//Result of TRY_COMPILE
HAVE_PID_T:INTERNAL=TRUE
//Have symbol pipe
HAVE_PIPE:INTERNAL=1
//Have symbol poll
HAVE_POLL:INTERNAL=1
//Have include sys/types.h;ctype.h;copyfile.h;dlfcn.h;errno.h;fcntl.h;grp.h;inttypes.h;langinfo.h;limits.h;locale.h;memory.h;paths.h;poll.h
HAVE_POLL_H:INTERNAL=1
//Have include process.h
HAVE_PROCESS_H:INTERNAL=
//Have include stdio.h;stddef.h;sys/types.h;inttypes.h;alloca.h;arpa/inet.h;dlfcn.h;fcntl.h;memory.h;netdb.h;sys/poll.h;assert.h;limits.h;sys/socket.h;netinet/in.h;net/if.h;netinet/tcp.h;sys/select.h;utime.h;netinet/in.h;pwd.h
HAVE_PWD_H:INTERNAL=1
//Test HAVE_READDIR_R
HAVE_READDIR_R:INTERNAL=1
//Have function readlink
HAVE_READLINK:INTERNAL=1
//Test HAVE_READLINKAT
HAVE_READLINKAT:INTERNAL=
//Have include sys/types.h;ctype.h;copyfile.h;dlfcn.h;errno.h;fcntl.h;grp.h;inttypes.h;langinfo.h;limits.h;locale.h;memory.h;paths.h;poll.h;pwd.h;regex.h
HAVE_REGEX_H:INTERNAL=1
//Have symbol select
HAVE_SELECT:INTERNAL=1
//Have function setenv
HAVE_SETENV:INTERNAL=1
//Have include stdio.h;stddef.h;sys/types.h;inttypes.h;alloca.h;arpa/inet.h;dlfcn.h;fcntl.h;memory.h;netdb.h;sys/poll.h;assert.h;limits.h;sys/socket.h;netinet/in.h;net/if.h;netinet/tcp.h;sys/select.h;utime.h;netinet/in.h;pwd.h;stdint.h;stdlib.h;string.h;strings.h;sys/param.h;sys/stat.h;sys/time.h;sys/resource.h;termios.h;time.h;unistd.h;sys/sockio.h;locale.h;setjmp.h
HAVE_SETJMP_H:INTERNAL=1
//Have symbol setlocale
HAVE_SETLOCALE:INTERNAL=1
//Have symbol setrlimit
HAVE_SETRLIMIT:INTERNAL=1
//Have symbol setvbuf
HAVE_SETVBUF:INTERNAL=1
//Have includes stdio.h;stddef.h;sys/types.h;inttypes.h;alloca.h;arpa/inet.h;dlfcn.h;fcntl.h;memory.h;netdb.h;sys/poll.h;assert.h;limits.h;sys/socket.h;netinet/in.h;net/if.h;netinet/tcp.h;sys/select.h;utime.h;netinet/in.h;pwd.h;sgtty.h
HAVE_SGTTY_H:INTERNAL=
//Have symbol sigaction
HAVE_SIGACTION:INTERNAL=1
//Have symbol siginterrupt
HAVE_SIGINTERRUPT:INTERNAL=1
//Have symbol signal
HAVE_SIGNAL_FUNC:INTERNAL=1
//Have include stdio.h;stddef.h;sys/types.h;inttypes.h;alloca.h;arpa/inet.h;dlfcn.h;fcntl.h;memory.h;netdb.h;sys/poll.h;assert.h;limits.h;sys/socket.h;netinet/in.h;net/if.h;netinet/tcp.h;sys/select.h;utime.h;netinet/in.h;pwd.h;stdint.h;stdlib.h;string.h;strings.h;sys/param.h;sys/stat.h;sys/time.h;sys/resource.h;termios.h;time.h;unistd.h;sys/sockio.h;locale.h;setjmp.h;signal.h
HAVE_SIGNAL_H:INTERNAL=1
//Have symbol SIGALRM
HAVE_SIGNAL_MACRO:INTERNAL=1
//Have symbol sigsetjmp
HAVE_SIGSETJMP:INTERNAL=1
//Test HAVE_SIG_ATOMIC_T_NOT_VOLATILE
HAVE_SIG_ATOMIC_T_NOT_VOLATILE:INTERNAL=1
//Result of TRY_COMPILE
HAVE_SIZEOF_CURL_OFF_T:INTERNAL=TRUE
//Result of TRY_COMPILE
HAVE_SIZEOF_LONG:INTERNAL=TRUE
//Result of TRY_COMPILE
HAVE_SIZEOF_LONG_LONG:INTERNAL=TRUE
//Result of TRY_COMPILE
HAVE_SIZEOF_SIG_ATOMIC_T:INTERNAL=TRUE
//Result of TRY_COMPILE
HAVE_SIZEOF_SIZE_T:INTERNAL=TRUE
//Result of TRY_COMPILE
HAVE_SIZEOF_SSIZE_T:INTERNAL=TRUE
//Result of TRY_COMPILE
HAVE_SIZEOF_STRUCT_SOCKADDR_STORAGE:INTERNAL=TRUE
//Result of TRY_COMPILE
HAVE_SIZEOF_TIME_T:INTERNAL=TRUE
//Result of TRY_COMPILE
HAVE_SIZEOF_WCHAR_T:INTERNAL=TRUE
//Result of TRY_COMPILE
HAVE_SIZEOF___INT64:INTERNAL=FALSE
//Result of TRY_COMPILE
HAVE_SIZE_OF_INT:INTERNAL=TRUE
//Result of TRY_COMPILE
HAVE_SIZE_OF_LONG:INTERNAL=TRUE
//Result of TRY_COMPILE
HAVE_SIZE_OF_LONG_LONG:INTERNAL=TRUE
//Result of TRY_COMPILE
HAVE_SIZE_OF_SHORT:INTERNAL=TRUE
//Result of TRY_COMPILE
HAVE_SIZE_OF_UNSIGNED:INTERNAL=TRUE
//Result of TRY_COMPILE
HAVE_SIZE_OF_UNSIGNED_LONG:INTERNAL=TRUE
//Result of TRY_COMPILE
HAVE_SIZE_OF_UNSIGNED_LONG_LONG:INTERNAL=TRUE
//Result of TRY_COMPILE
HAVE_SIZE_OF_UNSIGNED_SHORT:INTERNAL=TRUE
//Result of TRY_COMPILE
HAVE_SIZE_T:INTERNAL=TRUE
//Have symbol socket
HAVE_SOCKET:INTERNAL=1
//Have includes stdio.h;stddef.h;sys/types.h;inttypes.h;alloca.h;arpa/inet.h;dlfcn.h;fcntl.h;memory.h;netdb.h;sys/poll.h;assert.h;limits.h;sys/socket.h;netinet/in.h;net/if.h;netinet/tcp.h;sys/select.h;utime.h;netinet/in.h;pwd.h;stdint.h;stdlib.h;string.h;strings.h;sys/param.h;sys/stat.h;sys/time.h;sys/resource.h;termios.h;time.h;unistd.h;sockio.h
HAVE_SOCKIO_H:INTERNAL=
//Curl test 
HAVE_SOCKLEN_T:INTERNAL=1
//Curl test 
HAVE_SO_NONBLOCK:INTERNAL=
//Result of TRY_COMPILE
HAVE_SSIZE_T:INTERNAL=TRUE
//Have function statfs
HAVE_STATFS:INTERNAL=1
//Have function statvfs
HAVE_STATVFS:INTERNAL=1
//Have include sys/types.h;ctype.h;copyfile.h;dlfcn.h;errno.h;fcntl.h;grp.h;inttypes.h;langinfo.h;limits.h;locale.h;memory.h;paths.h;poll.h;pwd.h;regex.h;signal.h;stdarg.h
HAVE_STDARG_H:INTERNAL=1
//Have include stddef.h
HAVE_STDDEF_H:INTERNAL=1
//Have include stdint.h
HAVE_STDINT_H:INTERNAL=1
//Have include ;stdio.h
HAVE_STDIO_H:INTERNAL=1
//Have include stdio.h;stddef.h;sys/types.h;inttypes.h;alloca.h;arpa/inet.h;dlfcn.h;fcntl.h;memory.h;netdb.h;sys/poll.h;assert.h;limits.h;sys/socket.h;netinet/in.h;net/if.h;netinet/tcp.h;sys/select.h;utime.h;netinet/in.h;pwd.h;stdint.h;stdlib.h
HAVE_STDLIB_H:INTERNAL=1
//Have symbol strcasecmp
HAVE_STRCASECMP:INTERNAL=1
//Have function strchr
HAVE_STRCHR:INTERNAL=1
//Have symbol strcmpi
HAVE_STRCMPI:INTERNAL=
//Have symbol strdup
HAVE_STRDUP:INTERNAL=1
//Have function strerror
HAVE_STRERROR:INTERNAL=1
//Have symbol strerror_r
HAVE_STRERROR_R:INTERNAL=1
//Have symbol strftime
HAVE_STRFTIME:INTERNAL=1
//Have symbol stricmp
HAVE_STRICMP:INTERNAL=
//Have include stdio.h;stddef.h;sys/types.h;inttypes.h;alloca.h;arpa/inet.h;dlfcn.h;fcntl.h;memory.h;netdb.h;sys/poll.h;assert.h;limits.h;sys/socket.h;netinet/in.h;net/if.h;netinet/tcp.h;sys/select.h;utime.h;netinet/in.h;pwd.h;stdint.h;stdlib.h;string.h;strings.h
HAVE_STRINGS_H:INTERNAL=1
//Have include stdio.h;stddef.h;sys/types.h;inttypes.h;alloca.h;arpa/inet.h;dlfcn.h;fcntl.h;memory.h;netdb.h;sys/poll.h;assert.h;limits.h;sys/socket.h;netinet/in.h;net/if.h;netinet/tcp.h;sys/select.h;utime.h;netinet/in.h;pwd.h;stdint.h;stdlib.h;string.h
HAVE_STRING_H:INTERNAL=1
//Have symbol strlcat
HAVE_STRLCAT:INTERNAL=1
//Have symbol strncmpi
HAVE_STRNCMPI:INTERNAL=
//Have function strncpy_s
HAVE_STRNCPY_S:INTERNAL=
//Have function strrchr
HAVE_STRRCHR:INTERNAL=1
//Have symbol strstr
HAVE_STRSTR:INTERNAL=1
//Have symbol strtok_r
HAVE_STRTOK_R:INTERNAL=1
//Have symbol strtoll
HAVE_STRTOLL:INTERNAL=1
//Test HAVE_STRUCT_STATFS_F_NAMEMAX
HAVE_STRUCT_STATFS_F_NAMEMAX:INTERNAL=
//Test HAVE_STRUCT_STATVFS_F_IOSIZE
HAVE_STRUCT_STATVFS_F_IOSIZE:INTERNAL=
//Test HAVE_STRUCT_STAT_ST_BIRTHTIME
HAVE_STRUCT_STAT_ST_BIRTHTIME:INTERNAL=1
//Test HAVE_STRUCT_STAT_ST_BIRTHTIMESPEC_TV_NSEC
HAVE_STRUCT_STAT_ST_BIRTHTIMESPEC_TV_NSEC:INTERNAL=1
//Test HAVE_STRUCT_STAT_ST_BLKSIZE
HAVE_STRUCT_STAT_ST_BLKSIZE:INTERNAL=1
//Test HAVE_STRUCT_STAT_ST_FLAGS
HAVE_STRUCT_STAT_ST_FLAGS:INTERNAL=1
//Test HAVE_STRUCT_STAT_ST_MTIMESPEC_TV_NSEC
HAVE_STRUCT_STAT_ST_MTIMESPEC_TV_NSEC:INTERNAL=1
//Test HAVE_STRUCT_STAT_ST_MTIME_N
HAVE_STRUCT_STAT_ST_MTIME_N:INTERNAL=
//Test HAVE_STRUCT_STAT_ST_MTIME_USEC
HAVE_STRUCT_STAT_ST_MTIME_USEC:INTERNAL=
//Test HAVE_STRUCT_STAT_ST_MTIM_TV_NSEC
HAVE_STRUCT_STAT_ST_MTIM_TV_NSEC:INTERNAL=
//Test HAVE_STRUCT_STAT_ST_UMTIME
HAVE_STRUCT_STAT_ST_UMTIME:INTERNAL=
//Test HAVE_STRUCT_TIMEVAL
HAVE_STRUCT_TIMEVAL:INTERNAL=1
//Test HAVE_STRUCT_TM_TM_GMTOFF
HAVE_STRUCT_TM_TM_GMTOFF:INTERNAL=1
//Test HAVE_STRUCT_TM___TM_GMTOFF
HAVE_STRUCT_TM___TM_GMTOFF:INTERNAL=
//Have function symlink
HAVE_SYMLINK:INTERNAL=1
//Have include sys/types.h;ctype.h;copyfile.h;dlfcn.h;errno.h;fcntl.h;grp.h;inttypes.h;langinfo.h;limits.h;locale.h;memory.h;paths.h;poll.h;pwd.h;regex.h;signal.h;stdarg.h;stdint.h;stdlib.h;string.h;strings.h;sys/acl.h
HAVE_SYS_ACL_H:INTERNAL=1
//Have include sys/types.h;ctype.h;copyfile.h;dlfcn.h;errno.h;fcntl.h;grp.h;inttypes.h;langinfo.h;limits.h;locale.h;memory.h;paths.h;poll.h;pwd.h;regex.h;signal.h;stdarg.h;stdint.h;stdlib.h;string.h;strings.h;sys/acl.h;sys/cdefs.h
HAVE_SYS_CDEFS_H:INTERNAL=1
//Have include stdio.h;stddef.h;sys/types.h;inttypes.h;alloca.h;arpa/inet.h;dlfcn.h;fcntl.h;memory.h;netdb.h;sys/poll.h;assert.h;limits.h;sys/socket.h;netinet/in.h;net/if.h;netinet/tcp.h;sys/select.h;utime.h;netinet/in.h;pwd.h;stdint.h;stdlib.h;string.h;strings.h;sys/param.h;sys/stat.h;sys/time.h;sys/resource.h;termios.h;time.h;unistd.h;sys/sockio.h;locale.h;setjmp.h;signal.h;sys/ioctl.h;sys/utsname.h;errno.h;libgen.h;sys/filio.h
HAVE_SYS_FILIO_H:INTERNAL=1
//Have include stdio.h;stddef.h;sys/types.h;inttypes.h;alloca.h;arpa/inet.h;dlfcn.h;fcntl.h;memory.h;netdb.h;sys/poll.h;assert.h;limits.h;sys/socket.h;netinet/in.h;net/if.h;netinet/tcp.h;sys/select.h;utime.h;netinet/in.h;pwd.h;stdint.h;stdlib.h;string.h;strings.h;sys/param.h;sys/stat.h;sys/time.h;sys/resource.h;termios.h;time.h;unistd.h;sys/sockio.h;locale.h;setjmp.h;signal.h;sys/ioctl.h
HAVE_SYS_IOCTL_H:INTERNAL=1
//Have includes sys/types.h;ctype.h;copyfile.h;dlfcn.h;errno.h;fcntl.h;grp.h;inttypes.h;langinfo.h;limits.h;locale.h;memory.h;paths.h;poll.h;pwd.h;regex.h;signal.h;stdarg.h;stdint.h;stdlib.h;string.h;strings.h;sys/acl.h;sys/cdefs.h;sys/ioctl.h;sys/mkdev.h
HAVE_SYS_MKDEV_H:INTERNAL=
//Have include sys/types.h;ctype.h;copyfile.h;dlfcn.h;errno.h;fcntl.h;grp.h;inttypes.h;langinfo.h;limits.h;locale.h;memory.h;paths.h;poll.h;pwd.h;regex.h;signal.h;stdarg.h;stdint.h;stdlib.h;string.h;strings.h;sys/acl.h;sys/cdefs.h;sys/ioctl.h;sys/mount.h
HAVE_SYS_MOUNT_H:INTERNAL=1
//Have include stdio.h;stddef.h;sys/types.h;inttypes.h;alloca.h;arpa/inet.h;dlfcn.h;fcntl.h;memory.h;netdb.h;sys/poll.h;assert.h;limits.h;sys/socket.h;netinet/in.h;net/if.h;netinet/tcp.h;sys/select.h;utime.h;netinet/in.h;pwd.h;stdint.h;stdlib.h;string.h;strings.h;sys/param.h
HAVE_SYS_PARAM_H:INTERNAL=1
//Have include stdio.h;stddef.h;sys/types.h;inttypes.h;alloca.h;arpa/inet.h;dlfcn.h;fcntl.h;memory.h;netdb.h;sys/poll.h
HAVE_SYS_POLL_H:INTERNAL=1
//Have include stdio.h;stddef.h;sys/types.h;inttypes.h;alloca.h;arpa/inet.h;dlfcn.h;fcntl.h;memory.h;netdb.h;sys/poll.h;assert.h;limits.h;sys/socket.h;netinet/in.h;net/if.h;netinet/tcp.h;sys/select.h;utime.h;netinet/in.h;pwd.h;stdint.h;stdlib.h;string.h;strings.h;sys/param.h;sys/stat.h;sys/time.h;sys/resource.h
HAVE_SYS_RESOURCE_H:INTERNAL=1
//Have include stdio.h;stddef.h;sys/types.h;inttypes.h;alloca.h;arpa/inet.h;dlfcn.h;fcntl.h;memory.h;netdb.h;sys/poll.h;assert.h;limits.h;sys/socket.h;netinet/in.h;net/if.h;netinet/tcp.h;sys/select.h
HAVE_SYS_SELECT_H:INTERNAL=1
//Have include stdio.h;stddef.h;sys/types.h;inttypes.h;alloca.h;arpa/inet.h;dlfcn.h;fcntl.h;memory.h;netdb.h;sys/poll.h;assert.h;limits.h;sys/socket.h
HAVE_SYS_SOCKET_H:INTERNAL=1
//Have include stdio.h;stddef.h;sys/types.h;inttypes.h;alloca.h;arpa/inet.h;dlfcn.h;fcntl.h;memory.h;netdb.h;sys/poll.h;assert.h;limits.h;sys/socket.h;netinet/in.h;net/if.h;netinet/tcp.h;sys/select.h;utime.h;netinet/in.h;pwd.h;stdint.h;stdlib.h;string.h;strings.h;sys/param.h;sys/stat.h;sys/time.h;sys/resource.h;termios.h;time.h;unistd.h;sys/sockio.h
HAVE_SYS_SOCKIO_H:INTERNAL=1
//Have includes sys/types.h;ctype.h;copyfile.h;dlfcn.h;errno.h;fcntl.h;grp.h;inttypes.h;langinfo.h;limits.h;locale.h;memory.h;paths.h;poll.h;pwd.h;regex.h;signal.h;stdarg.h;stdint.h;stdlib.h;string.h;strings.h;sys/acl.h;sys/cdefs.h;sys/ioctl.h;sys/mount.h;sys/param.h;sys/poll.h;sys/select.h;sys/stat.h;sys/statfs.h
HAVE_SYS_STATFS_H:INTERNAL=
//Have include sys/types.h;ctype.h;copyfile.h;dlfcn.h;errno.h;fcntl.h;grp.h;inttypes.h;langinfo.h;limits.h;locale.h;memory.h;paths.h;poll.h;pwd.h;regex.h;signal.h;stdarg.h;stdint.h;stdlib.h;string.h;strings.h;sys/acl.h;sys/cdefs.h;sys/ioctl.h;sys/mount.h;sys/param.h;sys/poll.h;sys/select.h;sys/stat.h;sys/statvfs.h
HAVE_SYS_STATVFS_H:INTERNAL=1
//Have include stdio.h;stddef.h;sys/types.h;inttypes.h;alloca.h;arpa/inet.h;dlfcn.h;fcntl.h;memory.h;netdb.h;sys/poll.h;assert.h;limits.h;sys/socket.h;netinet/in.h;net/if.h;netinet/tcp.h;sys/select.h;utime.h;netinet/in.h;pwd.h;stdint.h;stdlib.h;string.h;strings.h;sys/param.h;sys/stat.h
HAVE_SYS_STAT_H:INTERNAL=1
//Have include stdio.h;stddef.h;sys/types.h;inttypes.h;alloca.h;arpa/inet.h;dlfcn.h;fcntl.h;memory.h;netdb.h;sys/poll.h;assert.h;limits.h;sys/socket.h;netinet/in.h;net/if.h;netinet/tcp.h;sys/select.h;utime.h;netinet/in.h;pwd.h;stdint.h;stdlib.h;string.h;strings.h;sys/param.h;sys/stat.h;sys/time.h
HAVE_SYS_TIME_H:INTERNAL=1
//Have include sys/types.h
HAVE_SYS_TYPES_H:INTERNAL=1
//Have includes stdio.h;stddef.h;sys/types.h;inttypes.h;alloca.h;arpa/inet.h;dlfcn.h;fcntl.h;memory.h;netdb.h;sys/poll.h;assert.h;limits.h;sys/socket.h;netinet/in.h;net/if.h;netinet/tcp.h;sys/select.h;utime.h;netinet/in.h;pwd.h;stdint.h;stdlib.h;string.h;strings.h;sys/param.h;sys/stat.h;sys/time.h;sys/resource.h;termios.h;time.h;unistd.h;sys/utime.h
HAVE_SYS_UTIME_H:INTERNAL=
//Have include stdio.h;stddef.h;sys/types.h;inttypes.h;alloca.h;arpa/inet.h;dlfcn.h;fcntl.h;memory.h;netdb.h;sys/poll.h;assert.h;limits.h;sys/socket.h;netinet/in.h;net/if.h;netinet/tcp.h;sys/select.h;utime.h;netinet/in.h;pwd.h;stdint.h;stdlib.h;string.h;strings.h;sys/param.h;sys/stat.h;sys/time.h;sys/resource.h;termios.h;time.h;unistd.h;sys/sockio.h;locale.h;setjmp.h;signal.h;sys/ioctl.h;sys/utsname.h
HAVE_SYS_UTSNAME_H:INTERNAL=1
//Have includes sys/types.h;ctype.h;copyfile.h;dlfcn.h;errno.h;fcntl.h;grp.h;inttypes.h;langinfo.h;limits.h;locale.h;memory.h;paths.h;poll.h;pwd.h;regex.h;signal.h;stdarg.h;stdint.h;stdlib.h;string.h;strings.h;sys/acl.h;sys/cdefs.h;sys/ioctl.h;sys/mount.h;sys/param.h;sys/poll.h;sys/select.h;sys/stat.h;sys/statvfs.h;sys/time.h;sys/utsname.h;sys/vfs.h
HAVE_SYS_VFS_H:INTERNAL=
//Have include sys/types.h;ctype.h;copyfile.h;dlfcn.h;errno.h;fcntl.h;grp.h;inttypes.h;langinfo.h;limits.h;locale.h;memory.h;paths.h;poll.h;pwd.h;regex.h;signal.h;stdarg.h;stdint.h;stdlib.h;string.h;strings.h;sys/acl.h;sys/cdefs.h;sys/ioctl.h;sys/mount.h;sys/param.h;sys/poll.h;sys/select.h;sys/stat.h;sys/statvfs.h;sys/time.h;sys/utsname.h;sys/wait.h
HAVE_SYS_WAIT_H:INTERNAL=1
//Have symbol tcgetattr
HAVE_TCGETATTR:INTERNAL=1
//Have symbol tcsetattr
HAVE_TCSETATTR:INTERNAL=1
//Have include stdio.h;stddef.h;sys/types.h;inttypes.h;alloca.h;arpa/inet.h;dlfcn.h;fcntl.h;memory.h;netdb.h;sys/poll.h;assert.h;limits.h;sys/socket.h;netinet/in.h;net/if.h;netinet/tcp.h;sys/select.h;utime.h;netinet/in.h;pwd.h;stdint.h;stdlib.h;string.h;strings.h;sys/param.h;sys/stat.h;sys/time.h;sys/resource.h;termios.h
HAVE_TERMIOS_H:INTERNAL=1
//Have includes stdio.h;stddef.h;sys/types.h;inttypes.h;alloca.h;arpa/inet.h;dlfcn.h;fcntl.h;memory.h;netdb.h;sys/poll.h;assert.h;limits.h;sys/socket.h;netinet/in.h;net/if.h;netinet/tcp.h;sys/select.h;utime.h;netinet/in.h;pwd.h;stdint.h;stdlib.h;string.h;strings.h;sys/param.h;sys/stat.h;sys/time.h;sys/resource.h;termios.h;termio.h
HAVE_TERMIO_H:INTERNAL=
//Have function timegm
HAVE_TIMEGM:INTERNAL=1
//Have include stdio.h;stddef.h;sys/types.h;inttypes.h;alloca.h;arpa/inet.h;dlfcn.h;fcntl.h;memory.h;netdb.h;sys/poll.h;assert.h;limits.h;sys/socket.h;netinet/in.h;net/if.h;netinet/tcp.h;sys/select.h;utime.h;netinet/in.h;pwd.h;stdint.h;stdlib.h;string.h;strings.h;sys/param.h;sys/stat.h;sys/time.h;sys/resource.h;termios.h;time.h
HAVE_TIME_H:INTERNAL=1
//Have includes stdio.h;stddef.h;sys/types.h;inttypes.h;alloca.h;arpa/inet.h;dlfcn.h;fcntl.h;memory.h;netdb.h;sys/poll.h;assert.h;limits.h;sys/socket.h;netinet/in.h;net/if.h;netinet/tcp.h;sys/select.h;utime.h;netinet/in.h;pwd.h;stdint.h;stdlib.h;string.h;strings.h;sys/param.h;sys/stat.h;sys/time.h;sys/resource.h;termios.h;time.h;unistd.h;sys/sockio.h;locale.h;setjmp.h;signal.h;sys/ioctl.h;sys/utsname.h;tld.h
HAVE_TLD_H:INTERNAL=
//Have symbol tld_strerror
HAVE_TLD_STRERROR:INTERNAL=
//Have function tzset
HAVE_TZSET:INTERNAL=1
//Result of TRY_COMPILE
HAVE_UID_T:INTERNAL=TRUE
//Result of TRY_COMPILE
HAVE_UINT16_T:INTERNAL=TRUE
//Result of TRY_COMPILE
HAVE_UINT32_T:INTERNAL=TRUE
//Result of TRY_COMPILE
HAVE_UINT64_T:INTERNAL=TRUE
//Result of TRY_COMPILE
HAVE_UINT8_T:INTERNAL=TRUE
//Result of TRY_COMPILE
HAVE_UINTMAX_T:INTERNAL=TRUE
//Result of TRY_COMPILE
HAVE_UINTPTR_T:INTERNAL=TRUE
//Have symbol uname
HAVE_UNAME:INTERNAL=1
//Have include stdio.h;stddef.h;sys/types.h;inttypes.h;alloca.h;arpa/inet.h;dlfcn.h;fcntl.h;memory.h;netdb.h;sys/poll.h;assert.h;limits.h;sys/socket.h;netinet/in.h;net/if.h;netinet/tcp.h;sys/select.h;utime.h;netinet/in.h;pwd.h;stdint.h;stdlib.h;string.h;strings.h;sys/param.h;sys/stat.h;sys/time.h;sys/resource.h;termios.h;time.h;unistd.h
HAVE_UNISTD_H:INTERNAL=1
//Have symbol unsetenv
HAVE_UNSETENV:INTERNAL=1
//Result of TRY_COMPILE
HAVE_UNSIGNED___INT64:INTERNAL=FALSE
//Have symbol utime
HAVE_UTIME:INTERNAL=1
//Have function utimensat
HAVE_UTIMENSAT:INTERNAL=
//Have function utimes
HAVE_UTIMES:INTERNAL=1
//Have include stdio.h;stddef.h;sys/types.h;inttypes.h;alloca.h;arpa/inet.h;dlfcn.h;fcntl.h;memory.h;netdb.h;sys/poll.h;assert.h;limits.h;sys/socket.h;netinet/in.h;net/if.h;netinet/tcp.h;sys/select.h;utime.h
HAVE_UTIME_H:INTERNAL=1
//Have function vfork
HAVE_VFORK:INTERNAL=1
//Have function vprintf
HAVE_VPRINTF:INTERNAL=1
//Have include sys/types.h;ctype.h;copyfile.h;dlfcn.h;errno.h;fcntl.h;grp.h;inttypes.h;langinfo.h;limits.h;locale.h;memory.h;paths.h;poll.h;pwd.h;regex.h;signal.h;stdarg.h;stdint.h;stdlib.h;string.h;strings.h;sys/acl.h;sys/cdefs.h;sys/ioctl.h;sys/mount.h;sys/param.h;sys/poll.h;sys/select.h;sys/stat.h;sys/statvfs.h;sys/time.h;sys/utsname.h;sys/wait.h;time.h;unistd.h;utime.h;wchar.h
HAVE_WCHAR_H:INTERNAL=1
//Have function wcrtomb
HAVE_WCRTOMB:INTERNAL=1
//Have function wcscmp
HAVE_WCSCMP:INTERNAL=1
//Have function wcscpy
HAVE_WCSCPY:INTERNAL=1
//Have function wcslen
HAVE_WCSLEN:INTERNAL=1
//Have function wcsnrtombs
HAVE_WCSNRTOMBS:INTERNAL=1
//Have function wctomb
HAVE_WCTOMB:INTERNAL=1
//Have include sys/types.h;ctype.h;copyfile.h;dlfcn.h;errno.h;fcntl.h;grp.h;inttypes.h;langinfo.h;limits.h;locale.h;memory.h;paths.h;poll.h;pwd.h;regex.h;signal.h;stdarg.h;stdint.h;stdlib.h;string.h;strings.h;sys/acl.h;sys/cdefs.h;sys/ioctl.h;sys/mount.h;sys/param.h;sys/poll.h;sys/select.h;sys/stat.h;sys/statvfs.h;sys/time.h;sys/utsname.h;sys/wait.h;time.h;unistd.h;utime.h;wchar.h;wctype.h
HAVE_WCTYPE_H:INTERNAL=1
//Have includes sys/types.h;ctype.h;copyfile.h;dlfcn.h;errno.h;fcntl.h;grp.h;inttypes.h;langinfo.h;limits.h;locale.h;memory.h;paths.h;poll.h;pwd.h;regex.h;signal.h;stdarg.h;stdint.h;stdlib.h;string.h;strings.h;sys/acl.h;sys/cdefs.h;sys/ioctl.h;sys/mount.h;sys/param.h;sys/poll.h;sys/select.h;sys/stat.h;sys/statvfs.h;sys/time.h;sys/utsname.h;sys/wait.h;time.h;unistd.h;utime.h;wchar.h;wctype.h;wincrypt.h
HAVE_WINCRYPT_H:INTERNAL=
//Have includes sys/types.h;ctype.h;copyfile.h;dlfcn.h;errno.h;fcntl.h;grp.h;inttypes.h;langinfo.h;limits.h;locale.h;memory.h;paths.h;poll.h;pwd.h;regex.h;signal.h;stdarg.h;stdint.h;stdlib.h;string.h;strings.h;sys/acl.h;sys/cdefs.h;sys/ioctl.h;sys/mount.h;sys/param.h;sys/poll.h;sys/select.h;sys/stat.h;sys/statvfs.h;sys/time.h;sys/utsname.h;sys/wait.h;time.h;unistd.h;utime.h;wchar.h;wctype.h;windows.h
HAVE_WINDOWS_H:INTERNAL=
//Have includes sys/types.h;ctype.h;copyfile.h;dlfcn.h;errno.h;fcntl.h;grp.h;inttypes.h;langinfo.h;limits.h;locale.h;memory.h;paths.h;poll.h;pwd.h;regex.h;signal.h;stdarg.h;stdint.h;stdlib.h;string.h;strings.h;sys/acl.h;sys/cdefs.h;sys/ioctl.h;sys/mount.h;sys/param.h;sys/poll.h;sys/select.h;sys/stat.h;sys/statvfs.h;sys/time.h;sys/utsname.h;sys/wait.h;time.h;unistd.h;utime.h;wchar.h;wctype.h;winioctl.h
HAVE_WINIOCTL_H:INTERNAL=
//Have function wmemcmp
HAVE_WMEMCMP:INTERNAL=1
//Have function wmemcpy
HAVE_WMEMCPY:INTERNAL=1
//Test HAVE_WORKING_EXT2_IOC_GETFLAGS
HAVE_WORKING_EXT2_IOC_GETFLAGS:INTERNAL=
//Have includes stdio.h;stddef.h;sys/types.h;inttypes.h;alloca.h;arpa/inet.h;dlfcn.h;fcntl.h;memory.h;netdb.h;sys/poll.h;assert.h;limits.h;sys/socket.h;netinet/in.h;net/if.h;netinet/tcp.h;sys/select.h;utime.h;netinet/in.h;pwd.h;stdint.h;stdlib.h;string.h;strings.h;sys/param.h;sys/stat.h;sys/time.h;sys/resource.h;termios.h;time.h;unistd.h;sys/sockio.h;x509.h
HAVE_X509_H:INTERNAL=
//Have function _ctime64_s
HAVE__CTIME64_S:INTERNAL=
//Have symbol _CrtSetReportMode
HAVE__CrtSetReportMode:INTERNAL=
//Have function _fseeki64
HAVE__FSEEKI64:INTERNAL=
//Have function _get_timezone
HAVE__GET_TIMEZONE:INTERNAL=
//Have function _localtime64_s
HAVE__LOCALTIME64_S:INTERNAL=
//Have function _mkgmtime64
HAVE__MKGMTIME64:INTERNAL=
//Have symbol _strtoi64
HAVE__STRTOI64:INTERNAL=
//Result of TRY_COMPILE
HAVE___INT64:INTERNAL=FALSE
//ADVANCED property for variable: HGCOMMAND
HGCOMMAND-ADVANCED:INTERNAL=1
//ADVANCED property for variable: HG_EXECUTABLE
HG_EXECUTABLE-ADVANCED:INTERNAL=1
//CHECK_TYPE_SIZE: sizeof(id_t)
ID_T:INTERNAL=4
//CHECK_TYPE_SIZE: sizeof(int16_t)
INT16_T:INTERNAL=2
//CHECK_TYPE_SIZE: sizeof(int32_t)
INT32_T:INTERNAL=4
//CHECK_TYPE_SIZE: sizeof(int64_t)
INT64_T:INTERNAL=8
//CHECK_TYPE_SIZE: sizeof(intmax_t)
INTMAX_T:INTERNAL=8
//CHECK_TYPE_SIZE: sizeof(intptr_t)
INTPTR_T:INTERNAL=4
//ADVANCED property for variable: JAVACOMMAND
JAVACOMMAND-ADVANCED:INTERNAL=1
//ADVANCED property for variable: Java_JAR_EXECUTABLE
Java_JAR_EXECUTABLE-ADVANCED:INTERNAL=1
//ADVANCED property for variable: Java_JAVAC_EXECUTABLE
Java_JAVAC_EXECUTABLE-ADVANCED:INTERNAL=1
//ADVANCED property for variable: Java_JAVADOC_EXECUTABLE
Java_JAVADOC_EXECUTABLE-ADVANCED:INTERNAL=1
//ADVANCED property for variable: Java_JAVAH_EXECUTABLE
Java_JAVAH_EXECUTABLE-ADVANCED:INTERNAL=1
//ADVANCED property for variable: Java_JAVA_EXECUTABLE
Java_JAVA_EXECUTABLE-ADVANCED:INTERNAL=1
//ADVANCED property for variable: KWSTYLE_EXECUTABLE
KWSTYLE_EXECUTABLE-ADVANCED:INTERNAL=1
//Result of TRY_RUN
KWSYS_CHAR_IS_SIGNED:INTERNAL=FAILED_TO_RUN
//Result of TRY_COMPILE
KWSYS_CHAR_IS_SIGNED_COMPILED:INTERNAL=TRUE
//Result of TRY_COMPILE
KWSYS_CXX_HAS_ARGUMENT_DEPENDENT_LOOKUP_COMPILED:INTERNAL=TRUE
//Result of TRY_COMPILE
KWSYS_CXX_HAS_CSTDDEF_COMPILED:INTERNAL=TRUE
//Result of TRY_COMPILE
KWSYS_CXX_HAS_CSTDIO_COMPILED:INTERNAL=TRUE
//Result of TRY_COMPILE
KWSYS_CXX_HAS_ENVIRON_IN_STDLIB_H_COMPILED:INTERNAL=FALSE
//Result of TRY_COMPILE
KWSYS_CXX_HAS_FULL_SPECIALIZATION_COMPILED:INTERNAL=TRUE
//Result of TRY_COMPILE
KWSYS_CXX_HAS_LONG_LONG_COMPILED:INTERNAL=TRUE
//Result of TRY_COMPILE
KWSYS_CXX_HAS_MEMBER_TEMPLATES_COMPILED:INTERNAL=TRUE
//Result of TRY_COMPILE
KWSYS_CXX_HAS_NULL_TEMPLATE_ARGS_COMPILED:INTERNAL=FALSE
//Result of TRY_COMPILE
KWSYS_CXX_HAS_SETENV_COMPILED:INTERNAL=TRUE
//Result of TRY_COMPILE
KWSYS_CXX_HAS_UNSETENV_COMPILED:INTERNAL=TRUE
//Result of TRY_COMPILE
KWSYS_CXX_HAS___INT64_COMPILED:INTERNAL=FALSE
//Result of TRY_COMPILE
KWSYS_C_HAS_PTRDIFF_T_COMPILED:INTERNAL=TRUE
//Result of TRY_COMPILE
KWSYS_C_HAS_SSIZE_T_COMPILED:INTERNAL=TRUE
//Result of TRY_COMPILE
KWSYS_C_TYPE_MACROS_COMPILED:INTERNAL=TRUE
//Result of TRY_COMPILE
KWSYS_IOS_HAS_ISTREAM_LONG_LONG_COMPILED:INTERNAL=TRUE
//Result of TRY_COMPILE
KWSYS_IOS_HAS_OSTREAM_LONG_LONG_COMPILED:INTERNAL=TRUE
//Result of TRY_COMPILE
KWSYS_IOS_HAVE_BINARY_COMPILED:INTERNAL=TRUE
//Result of TRY_COMPILE
KWSYS_IOS_HAVE_STD_COMPILED:INTERNAL=TRUE
//Result of TRY_COMPILE
KWSYS_IOS_USE_ANSI_COMPILED:INTERNAL=TRUE
//Result of TRY_COMPILE
KWSYS_IOS_USE_SSTREAM_COMPILED:INTERNAL=TRUE
//Result of TRY_RUN
KWSYS_LFS_WORKS:INTERNAL=FAILED_TO_RUN
//Result of TRY_COMPILE
KWSYS_LFS_WORKS_COMPILED:INTERNAL=TRUE
//CHECK_TYPE_SIZE: sizeof(char)
KWSYS_SIZEOF_CHAR:INTERNAL=1
//CHECK_TYPE_SIZE: sizeof(short)
KWSYS_SIZEOF_SHORT:INTERNAL=2
//CHECK_TYPE_SIZE: __int64 unknown
KWSYS_SIZEOF___INT64:INTERNAL=
//Result of TRY_COMPILE
KWSYS_STAT_HAS_ST_MTIM_COMPILED:INTERNAL=FALSE
//Result of TRY_COMPILE
KWSYS_STL_HAS_ALLOCATOR_MAX_SIZE_ARGUMENT_COMPILED:INTERNAL=FALSE
//Result of TRY_COMPILE
KWSYS_STL_HAS_ALLOCATOR_OBJECTS_COMPILED:INTERNAL=TRUE
//Result of TRY_COMPILE
KWSYS_STL_HAS_ALLOCATOR_REBIND_COMPILED:INTERNAL=TRUE
//Result of TRY_COMPILE
KWSYS_STL_HAS_ALLOCATOR_TEMPLATE_COMPILED:INTERNAL=TRUE
//Result of TRY_COMPILE
KWSYS_STL_HAS_ITERATOR_TRAITS_COMPILED:INTERNAL=TRUE
//Result of TRY_COMPILE
KWSYS_STL_HAVE_STD_COMPILED:INTERNAL=TRUE
//Result of TRY_COMPILE
KWSYS_STL_STRING_HAVE_NEQ_CHAR_COMPILED:INTERNAL=TRUE
//Have library md
LIBMD_FOUND:INTERNAL=
//Where to put the libraries for CMake
LIBRARY_OUTPUT_PATH:INTERNAL=
//ADVANCED property for variable: LIBXML2_INCLUDE_DIR
LIBXML2_INCLUDE_DIR-ADVANCED:INTERNAL=1
//ADVANCED property for variable: LIBXML2_LIBRARIES
LIBXML2_LIBRARIES-ADVANCED:INTERNAL=1
//ADVANCED property for variable: LIBXML2_XMLLINT_EXECUTABLE
LIBXML2_XMLLINT_EXECUTABLE-ADVANCED:INTERNAL=1
//Test MAJOR_IN_MKDEV
MAJOR_IN_MKDEV:INTERNAL=
//Test MAJOR_IN_SYSMACROS
MAJOR_IN_SYSMACROS:INTERNAL=
//ADVANCED property for variable: MAKECOMMAND
MAKECOMMAND-ADVANCED:INTERNAL=1
//ADVANCED property for variable: MEMORYCHECK_COMMAND
MEMORYCHECK_COMMAND-ADVANCED:INTERNAL=1
//ADVANCED property for variable: MEMORYCHECK_SUPPRESSIONS_FILE
MEMORYCHECK_SUPPRESSIONS_FILE-ADVANCED:INTERNAL=1
//ADVANCED property for variable: MINGW_CC_LINUX2WIN_EXECUTABLE
MINGW_CC_LINUX2WIN_EXECUTABLE-ADVANCED:INTERNAL=1
//ADVANCED property for variable: MINGW_CXX_LINUX2WIN_EXECUTABLE
MINGW_CXX_LINUX2WIN_EXECUTABLE-ADVANCED:INTERNAL=1
//ADVANCED property for variable: MINGW_RC_LINUX2WIN_EXECUTABLE
MINGW_RC_LINUX2WIN_EXECUTABLE-ADVANCED:INTERNAL=1
//CHECK_TYPE_SIZE: sizeof(mode_t)
MODE_T:INTERNAL=2
//Have library c
NOT_NEED_LIBNSL:INTERNAL=1
//CHECK_TYPE_SIZE: sizeof(off_t)
OFF_T:INTERNAL=8
PC_LIBXML_CFLAGS:INTERNAL=-I/usr/local/include/libxml2
PC_LIBXML_CFLAGS_I:INTERNAL=
PC_LIBXML_CFLAGS_OTHER:INTERNAL=
PC_LIBXML_FOUND:INTERNAL=1
PC_LIBXML_INCLUDEDIR:INTERNAL=/usr/local/include
PC_LIBXML_INCLUDE_DIRS:INTERNAL=/usr/local/include/libxml2
PC_LIBXML_LDFLAGS:INTERNAL=-L/usr/local/lib;-lxml2
PC_LIBXML_LDFLAGS_OTHER:INTERNAL=
PC_LIBXML_LIBDIR:INTERNAL=/usr/local/lib
PC_LIBXML_LIBRARIES:INTERNAL=xml2
PC_LIBXML_LIBRARY_DIRS:INTERNAL=/usr/local/lib
PC_LIBXML_LIBS:INTERNAL=
PC_LIBXML_LIBS_L:INTERNAL=
PC_LIBXML_LIBS_OTHER:INTERNAL=
PC_LIBXML_LIBS_PATHS:INTERNAL=
PC_LIBXML_PREFIX:INTERNAL=/usr/local
PC_LIBXML_STATIC_CFLAGS:INTERNAL=-I/usr/local/include/libxml2
PC_LIBXML_STATIC_CFLAGS_I:INTERNAL=
PC_LIBXML_STATIC_CFLAGS_OTHER:INTERNAL=
PC_LIBXML_STATIC_INCLUDE_DIRS:INTERNAL=/usr/local/include/libxml2
PC_LIBXML_STATIC_LDFLAGS:INTERNAL=-L/usr/local/lib;-lxml2;-lpthread;-lz;-lm
PC_LIBXML_STATIC_LDFLAGS_OTHER:INTERNAL=
PC_LIBXML_STATIC_LIBDIR:INTERNAL=
PC_LIBXML_STATIC_LIBRARIES:INTERNAL=xml2;pthread;z;m
PC_LIBXML_STATIC_LIBRARY_DIRS:INTERNAL=/usr/local/lib
PC_LIBXML_STATIC_LIBS:INTERNAL=
PC_LIBXML_STATIC_LIBS_L:INTERNAL=
PC_LIBXML_STATIC_LIBS_OTHER:INTERNAL=
PC_LIBXML_STATIC_LIBS_PATHS:INTERNAL=
PC_LIBXML_VERSION:INTERNAL=2.7.8
PC_LIBXML_libxml-2.0_INCLUDEDIR:INTERNAL=
PC_LIBXML_libxml-2.0_LIBDIR:INTERNAL=
PC_LIBXML_libxml-2.0_PREFIX:INTERNAL=
PC_LIBXML_libxml-2.0_VERSION:INTERNAL=
//CHECK_TYPE_SIZE: sizeof(pid_t)
PID_T:INTERNAL=4
//ADVANCED property for variable: PKG_CONFIG_EXECUTABLE
PKG_CONFIG_EXECUTABLE-ADVANCED:INTERNAL=1
//ADVANCED property for variable: RANDOM_FILE
RANDOM_FILE-ADVANCED:INTERNAL=1
//Curl test 
RETSIGTYPE_TEST:INTERNAL=1
//Test SAFE_TO_DEFINE_EXTENSIONS
SAFE_TO_DEFINE_EXTENSIONS:INTERNAL=1
//ADVANCED property for variable: SCPCOMMAND
SCPCOMMAND-ADVANCED:INTERNAL=1
//ADVANCED property for variable: SDCC_EXECUTABLE
SDCC_EXECUTABLE-ADVANCED:INTERNAL=1
//ADVANCED property for variable: SITE
SITE-ADVANCED:INTERNAL=1
//CHECK_TYPE_SIZE: sizeof(curl_off_t)
SIZEOF_CURL_OFF_T:INTERNAL=8
//CHECK_TYPE_SIZE: sizeof(long)
SIZEOF_LONG:INTERNAL=4
//CHECK_TYPE_SIZE: sizeof(long long)
SIZEOF_LONG_LONG:INTERNAL=8
//CHECK_TYPE_SIZE: sizeof(sig_atomic_t)
SIZEOF_SIG_ATOMIC_T:INTERNAL=4
//CHECK_TYPE_SIZE: sizeof(size_t)
SIZEOF_SIZE_T:INTERNAL=4
//CHECK_TYPE_SIZE: sizeof(ssize_t)
SIZEOF_SSIZE_T:INTERNAL=4
//CHECK_TYPE_SIZE: sizeof(struct sockaddr_storage)
SIZEOF_STRUCT_SOCKADDR_STORAGE:INTERNAL=128
//CHECK_TYPE_SIZE: sizeof(time_t)
SIZEOF_TIME_T:INTERNAL=4
//CHECK_TYPE_SIZE: sizeof(wchar_t)
SIZEOF_WCHAR_T:INTERNAL=4
//CHECK_TYPE_SIZE: __int64 unknown
SIZEOF___INT64:INTERNAL=
//CHECK_TYPE_SIZE: sizeof(int)
SIZE_OF_INT:INTERNAL=4
//CHECK_TYPE_SIZE: sizeof(long)
SIZE_OF_LONG:INTERNAL=4
//CHECK_TYPE_SIZE: sizeof(long long)
SIZE_OF_LONG_LONG:INTERNAL=8
//CHECK_TYPE_SIZE: sizeof(short)
SIZE_OF_SHORT:INTERNAL=2
//CHECK_TYPE_SIZE: sizeof(unsigned)
SIZE_OF_UNSIGNED:INTERNAL=4
//CHECK_TYPE_SIZE: sizeof(unsigned long)
SIZE_OF_UNSIGNED_LONG:INTERNAL=4
//CHECK_TYPE_SIZE: sizeof(unsigned long long)
SIZE_OF_UNSIGNED_LONG_LONG:INTERNAL=8
//CHECK_TYPE_SIZE: sizeof(unsigned short)
SIZE_OF_UNSIGNED_SHORT:INTERNAL=2
//CHECK_TYPE_SIZE: sizeof(size_t)
SIZE_T:INTERNAL=4
//ADVANCED property for variable: SLURM_SBATCH_COMMAND
SLURM_SBATCH_COMMAND-ADVANCED:INTERNAL=1
//ADVANCED property for variable: SLURM_SRUN_COMMAND
SLURM_SRUN_COMMAND-ADVANCED:INTERNAL=1
//CHECK_TYPE_SIZE: sizeof(ssize_t)
SSIZE_T:INTERNAL=4
//Curl test 
STDC_HEADERS:INTERNAL=1
//ADVANCED property for variable: SVNCOMMAND
SVNCOMMAND-ADVANCED:INTERNAL=1
//ADVANCED property for variable: Subversion_SVNADMIN_EXECUTABLE
Subversion_SVNADMIN_EXECUTABLE-ADVANCED:INTERNAL=1
//ADVANCED property for variable: Subversion_SVN_EXECUTABLE
Subversion_SVN_EXECUTABLE-ADVANCED:INTERNAL=1
//Curl test 
TIME_WITH_SYS_TIME:INTERNAL=1
//CHECK_TYPE_SIZE: sizeof(uid_t)
UID_T:INTERNAL=4
//CHECK_TYPE_SIZE: sizeof(uint16_t)
UINT16_T:INTERNAL=2
//CHECK_TYPE_SIZE: sizeof(uint32_t)
UINT32_T:INTERNAL=4
//CHECK_TYPE_SIZE: sizeof(uint64_t)
UINT64_T:INTERNAL=8
//CHECK_TYPE_SIZE: sizeof(uint8_t)
UINT8_T:INTERNAL=1
//CHECK_TYPE_SIZE: sizeof(uintmax_t)
UINTMAX_T:INTERNAL=8
//CHECK_TYPE_SIZE: sizeof(uintptr_t)
UINTPTR_T:INTERNAL=4
//CHECK_TYPE_SIZE: unsigned __int64 unknown
UNSIGNED___INT64:INTERNAL=
//_FILE_OFFSET_BITS macro needed for large files
_FILE_OFFSET_BITS:INTERNAL=
//CHECK_TYPE_SIZE: __int64 unknown
__INT64:INTERNAL=
//Result of TRY_COMPILE
__WITHOUT_FILE_OFFSET_BITS_64:INTERNAL=TRUE
__pkg_config_checked_PC_LIBXML:INTERNAL=1
//Result of TRY_COMPILE
__stub:INTERNAL=FALSE
//Arguments for recv
curl_cv_func_recv_args:INTERNAL=int,void *,size_t,int,ssize_t
//Test ssize_t recv(int, void *, size_t, int) (curl_cv_func_recv_test)
curl_cv_func_recv_test:INTERNAL=1
//Arguments for send
curl_cv_func_send_args:INTERNAL=int,void *,size_t,int,ssize_t,const
//Test ssize_t send(int, const void *, size_t, int) (curl_cv_func_send_test)
curl_cv_func_send_test:INTERNAL=1
//Test curl_cv_recv
curl_cv_recv:INTERNAL=1
//Test curl_cv_send
curl_cv_send:INTERNAL=1
//Test run_pic_test
run_pic_test:INTERNAL=1

