This file contains any messages produced by compilers while
running configure, to aid debugging if configure makes a mistake.

It was created by configure, which was
generated by GNU Autoconf 2.61.  Invocation command line was

  $ ./configure 

## --------- ##
## Platform. ##
## --------- ##

hostname = Chriss-iPad
uname -m = iPad1,1
uname -r = 10.4.0
uname -s = Darwin
uname -v = Darwin Kernel Version 10.4.0: Wed Oct 20 20:14:45 PDT 2010; root:xnu-1504.58.28~3/RELEASE_ARM_S5L8930X

/usr/bin/uname -p = unknown
/bin/uname -X     = unknown

/bin/arch              = unknown
/usr/bin/arch -k       = unknown
/usr/convex/getsysinfo = unknown
/usr/bin/hostinfo      = Mach kernel version:
	 Darwin Kernel Version 10.4.0: Wed Oct 20 20:14:45 PDT 2010; root:xnu-1504.58.28~3/RELEASE_ARM_S5L8930X
Kernel configured for a single processor only.
1 processor is physically available.
1 processor is logically available.
Processor type: armv7 (arm v7)
Processor active: 0
Primary memory available: 247.00 megabytes
Default processor set: 33 tasks, 244 threads, 1 processors
Load average: 1.46, Mach factor: 0.29
/bin/machine           = unknown
/usr/bin/oslevel       = unknown
/bin/universe          = unknown

PATH: /usr/local/sbin
PATH: /usr/local/bin
PATH: /usr/sbin
PATH: /usr/bin
PATH: /sbin
PATH: /bin
PATH: /usr/bin/X11
PATH: /usr/games
PATH: /var/mobile/ocaml-3.12.0/bin


## ----------- ##
## Core tests. ##
## ----------- ##

configure:2031: checking build system type
configure:2049: result: arm-apple-darwin10.4.0
configure:2071: checking host system type
configure:2086: result: arm-apple-darwin10.4.0
configure:2186: checking for a BSD-compatible install
configure:2242: result: /usr/bin/install -c
configure:2253: checking whether build environment is sane
configure:2296: result: yes
configure:2324: checking for a thread-safe mkdir -p
configure:2363: result: /bin/mkdir -p
configure:2376: checking for gawk
configure:2392: found /usr/bin/gawk
configure:2403: result: gawk
configure:2414: checking whether make sets $(MAKE)
configure:2435: result: yes
configure:2654: checking for style of include used by make
configure:2682: result: GNU
configure:2752: checking for gcc
configure:2779: result: /usr/bin/gcc
configure:3017: checking for C compiler version
configure:3024: /usr/bin/gcc --version >&5
gcc (GCC) 4.2.1 (Based on Apple Inc. build 5555)
Copyright (C) 2007 Free Software Foundation, Inc.
This is free software; see the source for copying conditions.  There is NO
warranty; not even for MERCHANTABILITY or FITNESS FOR A PARTICULAR PURPOSE.

configure:3027: $? = 0
configure:3034: /usr/bin/gcc -v >&5
Using built-in specs.
Target: arm-apple-darwin9
Configured with: ../llvm-gcc-4.2/configure --build=x86_64-unknown-linux-gnu --host=arm-apple-darwin9 --enable-static=no --enable-shared=yes --prefix=/usr --localstatedir=/var/cache/iphone-gcc --enable-languages=c,c++,objc,obj-c++ --enable-wchar_t=no --with-gxx-include-dir=/usr/include/c++/4.0.0
Thread model: posix
gcc version 4.2.1 (Based on Apple Inc. build 5555)
configure:3037: $? = 0
configure:3044: /usr/bin/gcc -V >&5
gcc: '-V' option must have argument
configure:3047: $? = 1
configure:3070: checking for C compiler default output file name
configure:3097: /usr/bin/gcc    conftest.c  >&5
configure:3100: $? = 0
configure:3138: result: a.out
configure:3155: checking whether the C compiler works
configure:3165: ./a.out
configure:3168: $? = 0
configure:3185: result: yes
configure:3192: checking whether we are cross compiling
configure:3194: result: no
configure:3197: checking for suffix of executables
configure:3204: /usr/bin/gcc -o conftest    conftest.c  >&5
configure:3207: $? = 0
configure:3231: result: 
configure:3237: checking for suffix of object files
configure:3263: /usr/bin/gcc -c   conftest.c >&5
configure:3266: $? = 0
configure:3289: result: o
configure:3293: checking whether we are using the GNU C compiler
configure:3322: /usr/bin/gcc -c   conftest.c >&5
configure:3328: $? = 0
configure:3345: result: yes
configure:3350: checking whether /usr/bin/gcc accepts -g
configure:3380: /usr/bin/gcc -c -g  conftest.c >&5
configure:3386: $? = 0
configure:3485: result: yes
configure:3502: checking for /usr/bin/gcc option to accept ISO C89
configure:3576: /usr/bin/gcc  -c -g -O2  conftest.c >&5
configure:3582: $? = 0
configure:3605: result: none needed
configure:3625: checking dependency style of /usr/bin/gcc
configure:3716: result: gcc3
configure:3732: checking for library containing strerror
configure:3773: /usr/bin/gcc -o conftest -g -O2   conftest.c  >&5
configure:3779: $? = 0
configure:3807: result: none required
configure:3863: checking for gcc
configure:3890: result: /usr/bin/gcc
configure:4128: checking for C compiler version
configure:4135: /usr/bin/gcc --version >&5
gcc (GCC) 4.2.1 (Based on Apple Inc. build 5555)
Copyright (C) 2007 Free Software Foundation, Inc.
This is free software; see the source for copying conditions.  There is NO
warranty; not even for MERCHANTABILITY or FITNESS FOR A PARTICULAR PURPOSE.

configure:4138: $? = 0
configure:4145: /usr/bin/gcc -v >&5
Using built-in specs.
Target: arm-apple-darwin9
Configured with: ../llvm-gcc-4.2/configure --build=x86_64-unknown-linux-gnu --host=arm-apple-darwin9 --enable-static=no --enable-shared=yes --prefix=/usr --localstatedir=/var/cache/iphone-gcc --enable-languages=c,c++,objc,obj-c++ --enable-wchar_t=no --with-gxx-include-dir=/usr/include/c++/4.0.0
Thread model: posix
gcc version 4.2.1 (Based on Apple Inc. build 5555)
configure:4148: $? = 0
configure:4155: /usr/bin/gcc -V >&5
gcc: '-V' option must have argument
configure:4158: $? = 1
configure:4161: checking whether we are using the GNU C compiler
configure:4213: result: yes
configure:4218: checking whether /usr/bin/gcc accepts -g
configure:4353: result: yes
configure:4370: checking for /usr/bin/gcc option to accept ISO C89
configure:4473: result: none needed
configure:4493: checking dependency style of /usr/bin/gcc
configure:4584: result: gcc3
configure:4612: checking for a BSD-compatible install
configure:4668: result: /usr/bin/install -c
configure:4684: checking how to run the C preprocessor
configure:4724: /usr/bin/gcc -E  conftest.c
configure:4730: $? = 0
configure:4761: /usr/bin/gcc -E  conftest.c
conftest.c:10:28: error: ac_nonexistent.h: No such file or directory
configure:4767: $? = 1
configure: failed program was:
| /* confdefs.h.  */
| #define PACKAGE_NAME ""
| #define PACKAGE_TARNAME ""
| #define PACKAGE_VERSION ""
| #define PACKAGE_STRING ""
| #define PACKAGE_BUGREPORT ""
| #define PACKAGE "libxslt"
| #define VERSION "1.1.23"
| /* end confdefs.h.  */
| #include <ac_nonexistent.h>
configure:4800: result: /usr/bin/gcc -E
configure:4829: /usr/bin/gcc -E  conftest.c
configure:4835: $? = 0
configure:4866: /usr/bin/gcc -E  conftest.c
conftest.c:10:28: error: ac_nonexistent.h: No such file or directory
configure:4872: $? = 1
configure: failed program was:
| /* confdefs.h.  */
| #define PACKAGE_NAME ""
| #define PACKAGE_TARNAME ""
| #define PACKAGE_VERSION ""
| #define PACKAGE_STRING ""
| #define PACKAGE_BUGREPORT ""
| #define PACKAGE "libxslt"
| #define VERSION "1.1.23"
| /* end confdefs.h.  */
| #include <ac_nonexistent.h>
configure:4911: checking for rm
configure:4929: found /bin/rm
configure:4942: result: /bin/rm
configure:4952: checking for mv
configure:4970: found /bin/mv
configure:4983: result: /bin/mv
configure:4993: checking for tar
configure:5011: found /usr/bin/tar
configure:5024: result: /usr/bin/tar
configure:5034: checking for grep that handles long lines and -e
configure:5108: result: /bin/grep
configure:5113: checking for egrep
configure:5191: result: /bin/grep -E
configure:5196: checking for ANSI C header files
configure:5226: /usr/bin/gcc -c -g -O2  conftest.c >&5
configure:5232: $? = 0
configure:5331: /usr/bin/gcc -o conftest -g -O2   conftest.c  >&5
configure:5334: $? = 0
configure:5340: ./conftest
configure:5343: $? = 0
configure:5360: result: yes
configure:5442: checking for a sed that does not truncate output
configure:5498: result: /bin/sed
configure:5512: checking for ld used by /usr/bin/gcc
configure:5579: result: /usr/bin/ld
configure:5588: checking if the linker (/usr/bin/ld) is GNU ld
configure:5603: result: no
configure:5608: checking for /usr/bin/ld option to reload object files
configure:5615: result: -r
configure:5633: checking for BSD-compatible nm
configure:5682: result: /usr/bin/nm -p
configure:5686: checking whether ln -s works
configure:5690: result: yes
configure:5697: checking how to recognize dependent libraries
configure:5883: result: pass_all
configure:6133: checking for sys/types.h
configure:6154: /usr/bin/gcc -c -g -O2  conftest.c >&5
configure:6160: $? = 0
configure:6176: result: yes
configure:6133: checking for sys/stat.h
configure:6154: /usr/bin/gcc -c -g -O2  conftest.c >&5
configure:6160: $? = 0
configure:6176: result: yes
configure:6133: checking for stdlib.h
configure:6154: /usr/bin/gcc -c -g -O2  conftest.c >&5
configure:6160: $? = 0
configure:6176: result: yes
configure:6133: checking for string.h
configure:6154: /usr/bin/gcc -c -g -O2  conftest.c >&5
configure:6160: $? = 0
configure:6176: result: yes
configure:6133: checking for memory.h
configure:6154: /usr/bin/gcc -c -g -O2  conftest.c >&5
configure:6160: $? = 0
configure:6176: result: yes
configure:6133: checking for strings.h
configure:6154: /usr/bin/gcc -c -g -O2  conftest.c >&5
configure:6160: $? = 0
configure:6176: result: yes
configure:6133: checking for inttypes.h
configure:6154: /usr/bin/gcc -c -g -O2  conftest.c >&5
configure:6160: $? = 0
configure:6176: result: yes
configure:6133: checking for stdint.h
configure:6154: /usr/bin/gcc -c -g -O2  conftest.c >&5
configure:6160: $? = 0
configure:6176: result: yes
configure:6133: checking for unistd.h
configure:6154: /usr/bin/gcc -c -g -O2  conftest.c >&5
configure:6160: $? = 0
configure:6176: result: yes
configure:6203: checking dlfcn.h usability
configure:6220: /usr/bin/gcc -c -g -O2  conftest.c >&5
configure:6226: $? = 0
configure:6240: result: yes
configure:6244: checking dlfcn.h presence
configure:6259: /usr/bin/gcc -E  conftest.c
configure:6265: $? = 0
configure:6279: result: yes
configure:6307: checking for dlfcn.h
configure:6315: result: yes
configure:6386: checking for g++
configure:6402: found /usr/bin/g++
configure:6413: result: g++
configure:6444: checking for C++ compiler version
configure:6451: g++ --version >&5
g++ (GCC) 4.2.1 (Based on Apple Inc. build 5555)
Copyright (C) 2007 Free Software Foundation, Inc.
This is free software; see the source for copying conditions.  There is NO
warranty; not even for MERCHANTABILITY or FITNESS FOR A PARTICULAR PURPOSE.

configure:6454: $? = 0
configure:6461: g++ -v >&5
Using built-in specs.
Target: arm-apple-darwin9
Configured with: ../llvm-gcc-4.2/configure --build=x86_64-unknown-linux-gnu --host=arm-apple-darwin9 --enable-static=no --enable-shared=yes --prefix=/usr --localstatedir=/var/cache/iphone-gcc --enable-languages=c,c++,objc,obj-c++ --enable-wchar_t=no --with-gxx-include-dir=/usr/include/c++/4.0.0
Thread model: posix
gcc version 4.2.1 (Based on Apple Inc. build 5555)
configure:6464: $? = 0
configure:6471: g++ -V >&5
g++: '-V' option must have argument
configure:6474: $? = 1
configure:6477: checking whether we are using the GNU C++ compiler
configure:6506: g++ -c   conftest.cpp >&5
configure:6512: $? = 0
configure:6529: result: yes
configure:6534: checking whether g++ accepts -g
configure:6564: g++ -c -g  conftest.cpp >&5
configure:6570: $? = 0
configure:6669: result: yes
configure:6694: checking dependency style of g++
configure:6785: result: gcc3
configure:6810: checking how to run the C++ preprocessor
configure:6846: g++ -E  conftest.cpp
configure:6852: $? = 0
configure:6883: g++ -E  conftest.cpp
conftest.cpp:21:28: error: ac_nonexistent.h: No such file or directory
configure:6889: $? = 1
configure: failed program was:
| /* confdefs.h.  */
| #define PACKAGE_NAME ""
| #define PACKAGE_TARNAME ""
| #define PACKAGE_VERSION ""
| #define PACKAGE_STRING ""
| #define PACKAGE_BUGREPORT ""
| #define PACKAGE "libxslt"
| #define VERSION "1.1.23"
| #define STDC_HEADERS 1
| #define HAVE_SYS_TYPES_H 1
| #define HAVE_SYS_STAT_H 1
| #define HAVE_STDLIB_H 1
| #define HAVE_STRING_H 1
| #define HAVE_MEMORY_H 1
| #define HAVE_STRINGS_H 1
| #define HAVE_INTTYPES_H 1
| #define HAVE_STDINT_H 1
| #define HAVE_UNISTD_H 1
| #define HAVE_DLFCN_H 1
| /* end confdefs.h.  */
| #include <ac_nonexistent.h>
configure:6922: result: g++ -E
configure:6951: g++ -E  conftest.cpp
configure:6957: $? = 0
configure:6988: g++ -E  conftest.cpp
conftest.cpp:21:28: error: ac_nonexistent.h: No such file or directory
configure:6994: $? = 1
configure: failed program was:
| /* confdefs.h.  */
| #define PACKAGE_NAME ""
| #define PACKAGE_TARNAME ""
| #define PACKAGE_VERSION ""
| #define PACKAGE_STRING ""
| #define PACKAGE_BUGREPORT ""
| #define PACKAGE "libxslt"
| #define VERSION "1.1.23"
| #define STDC_HEADERS 1
| #define HAVE_SYS_TYPES_H 1
| #define HAVE_SYS_STAT_H 1
| #define HAVE_STDLIB_H 1
| #define HAVE_STRING_H 1
| #define HAVE_MEMORY_H 1
| #define HAVE_STRINGS_H 1
| #define HAVE_INTTYPES_H 1
| #define HAVE_STDINT_H 1
| #define HAVE_UNISTD_H 1
| #define HAVE_DLFCN_H 1
| /* end confdefs.h.  */
| #include <ac_nonexistent.h>
configure:7087: checking for g77
configure:7117: result: no
configure:7087: checking for xlf
configure:7117: result: no
configure:7087: checking for f77
configure:7117: result: no
configure:7087: checking for frt
configure:7117: result: no
configure:7087: checking for pgf77
configure:7117: result: no
configure:7087: checking for cf77
configure:7117: result: no
configure:7087: checking for fort77
configure:7117: result: no
configure:7087: checking for fl32
configure:7117: result: no
configure:7087: checking for af77
configure:7117: result: no
configure:7087: checking for xlf90
configure:7117: result: no
configure:7087: checking for f90
configure:7117: result: no
configure:7087: checking for pgf90
configure:7117: result: no
configure:7087: checking for pghpf
configure:7117: result: no
configure:7087: checking for epcf90
configure:7117: result: no
configure:7087: checking for gfortran
configure:7117: result: no
configure:7087: checking for g95
configure:7117: result: no
configure:7087: checking for xlf95
configure:7117: result: no
configure:7087: checking for f95
configure:7117: result: no
configure:7087: checking for fort
configure:7117: result: no
configure:7087: checking for ifort
configure:7117: result: no
configure:7087: checking for ifc
configure:7117: result: no
configure:7087: checking for efc
configure:7117: result: no
configure:7087: checking for pgf95
configure:7117: result: no
configure:7087: checking for lf95
configure:7117: result: no
configure:7087: checking for ftn
configure:7117: result: no
configure:7144: checking for Fortran 77 compiler version
configure:7151:  --version >&5
./configure: line 7152: --version: command not found
configure:7154: $? = 127
configure:7161:  -v >&5
./configure: line 7162: -v: command not found
configure:7164: $? = 127
configure:7171:  -V >&5
./configure: line 7172: -V: command not found
configure:7174: $? = 127
configure:7182: checking whether we are using the GNU Fortran 77 compiler
configure:7201:  -c  conftest.F >&5
./configure: line 7202: -c: command not found
configure:7207: $? = 127
configure: failed program was:
|       program main
| #ifndef __GNUC__
|        choke me
| #endif
| 
|       end
configure:7224: result: no
configure:7230: checking whether  accepts -g
configure:7247:  -c -g conftest.f >&5
./configure: line 7248: -c: command not found
configure:7253: $? = 127
configure: failed program was:
|       program main
| 
|       end
configure:7269: result: no
configure:7299: checking the maximum length of command line arguments
configure:7411: result: 196608
configure:7423: checking command to parse /usr/bin/nm -p output from /usr/bin/gcc object
configure:7528: /usr/bin/gcc -c -g -O2  conftest.c >&5
configure:7531: $? = 0
configure:7535: /usr/bin/nm -p conftest.o \| sed -n -e 's/^.*[ 	]\([BCDEGRST][BCDEGRST]*\)[ 	][ 	]*\([_A-Za-z][_A-Za-z0-9]*\)$/\1 \2 \2/p' \> conftest.nm
configure:7538: $? = 0
cannot find nm_test_var in conftest.nm
configure:7528: /usr/bin/gcc -c -g -O2  conftest.c >&5
configure:7531: $? = 0
configure:7535: /usr/bin/nm -p conftest.o \| sed -n -e 's/^.*[ 	]\([BCDEGRST][BCDEGRST]*\)[ 	][ 	]*_\([_A-Za-z][_A-Za-z0-9]*\)$/\1 _\2 \2/p' \> conftest.nm
configure:7538: $? = 0
configure:7590: /usr/bin/gcc -o conftest -g -O2   conftest.c conftstm.o >&5
configure:7593: $? = 0
configure:7631: result: ok
configure:7635: checking for objdir
configure:7650: result: .libs
configure:7742: checking for ar
configure:7758: found /usr/bin/ar
configure:7769: result: ar
configure:7838: checking for ranlib
configure:7854: found /usr/bin/ranlib
configure:7865: result: ranlib
configure:7934: checking for strip
configure:7950: found /usr/bin/strip
configure:7961: result: strip
configure:8247: checking if /usr/bin/gcc supports -fno-rtti -fno-exceptions
configure:8265: /usr/bin/gcc -c -g -O2  -fno-rtti -fno-exceptions conftest.c >&5
cc1: warning: command line option "-fno-rtti" is valid for C++/ObjC++ but not for C
configure:8269: $? = 0
configure:8282: result: no
configure:8297: checking for /usr/bin/gcc option to produce PIC
configure:8529: result: -fno-common
configure:8537: checking if /usr/bin/gcc PIC flag -fno-common works
configure:8555: /usr/bin/gcc -c -g -O2  -fno-common -DPIC conftest.c >&5
configure:8559: $? = 0
configure:8572: result: yes
configure:8600: checking if /usr/bin/gcc static flag -static works
configure:8628: result: no
configure:8638: checking if /usr/bin/gcc supports -c -o file.o
configure:8659: /usr/bin/gcc -c -g -O2  -o out/conftest2.o conftest.c >&5
configure:8663: $? = 0
configure:8685: result: yes
configure:8711: checking whether the /usr/bin/gcc linker (/usr/bin/ld) supports shared libraries
configure:9691: result: yes
configure:9758: checking dynamic linker characteristics
configure:10362: result: darwin10.4.0 dyld
configure:10371: checking how to hardcode library paths into programs
configure:10396: result: immediate
configure:10410: checking whether stripping libraries is possible
configure:10424: result: yes
configure:11217: checking if libtool supports shared libraries
configure:11219: result: yes
configure:11222: checking whether to build shared libraries
configure:11243: result: yes
configure:11246: checking whether to build static libraries
configure:11250: result: yes
configure:11343: creating libtool
configure:11931: checking for ld used by g++
configure:11998: result: /usr/bin/ld
configure:12007: checking if the linker (/usr/bin/ld) is GNU ld
configure:12022: result: no
configure:12073: checking whether the g++ linker (/usr/bin/ld) supports shared libraries
configure:13047: result: yes
configure:13065: g++ -c -g -O2  conftest.cpp >&5
configure:13068: $? = 0
configure:13220: checking for g++ option to produce PIC
configure:13504: result: -fno-common
configure:13512: checking if g++ PIC flag -fno-common works
configure:13530: g++ -c -g -O2  -fno-common -DPIC conftest.cpp >&5
configure:13534: $? = 0
configure:13547: result: yes
configure:13575: checking if g++ static flag -static works
configure:13603: result: no
configure:13613: checking if g++ supports -c -o file.o
configure:13634: g++ -c -g -O2  -o out/conftest2.o conftest.cpp >&5
configure:13638: $? = 0
configure:13660: result: yes
configure:13686: checking whether the g++ linker (/usr/bin/ld) supports shared libraries
configure:13711: result: yes
configure:13778: checking dynamic linker characteristics
configure:14330: result: darwin10.4.0 dyld
configure:14339: checking how to hardcode library paths into programs
configure:14364: result: immediate
configure:20550: checking for sys/types.h
configure:20556: result: yes
configure:20560: checking sys/time.h usability
configure:20577: /usr/bin/gcc -c -g -O2  conftest.c >&5
configure:20583: $? = 0
configure:20597: result: yes
configure:20601: checking sys/time.h presence
configure:20616: /usr/bin/gcc -E  conftest.c
configure:20622: $? = 0
configure:20636: result: yes
configure:20664: checking for sys/time.h
configure:20672: result: yes
configure:20550: checking for stdlib.h
configure:20556: result: yes
configure:20550: checking for unistd.h
configure:20556: result: yes
configure:20550: checking for string.h
configure:20556: result: yes
configure:20705: checking ieeefp.h usability
configure:20722: /usr/bin/gcc -c -g -O2  conftest.c >&5
conftest.c:59:20: error: ieeefp.h: No such file or directory
configure:20728: $? = 1
configure: failed program was:
| /* confdefs.h.  */
| #define PACKAGE_NAME ""
| #define PACKAGE_TARNAME ""
| #define PACKAGE_VERSION ""
| #define PACKAGE_STRING ""
| #define PACKAGE_BUGREPORT ""
| #define PACKAGE "libxslt"
| #define VERSION "1.1.23"
| #define STDC_HEADERS 1
| #define HAVE_SYS_TYPES_H 1
| #define HAVE_SYS_STAT_H 1
| #define HAVE_STDLIB_H 1
| #define HAVE_STRING_H 1
| #define HAVE_MEMORY_H 1
| #define HAVE_STRINGS_H 1
| #define HAVE_INTTYPES_H 1
| #define HAVE_STDINT_H 1
| #define HAVE_UNISTD_H 1
| #define HAVE_DLFCN_H 1
| #define HAVE_SYS_TYPES_H 1
| #define HAVE_SYS_TIME_H 1
| #define HAVE_STDLIB_H 1
| #define HAVE_UNISTD_H 1
| #define HAVE_STRING_H 1
| /* end confdefs.h.  */
| #include <stdio.h>
| #ifdef HAVE_SYS_TYPES_H
| # include <sys/types.h>
| #endif
| #ifdef HAVE_SYS_STAT_H
| # include <sys/stat.h>
| #endif
| #ifdef STDC_HEADERS
| # include <stdlib.h>
| # include <stddef.h>
| #else
| # ifdef HAVE_STDLIB_H
| #  include <stdlib.h>
| # endif
| #endif
| #ifdef HAVE_STRING_H
| # if !defined STDC_HEADERS && defined HAVE_MEMORY_H
| #  include <memory.h>
| # endif
| # include <string.h>
| #endif
| #ifdef HAVE_STRINGS_H
| # include <strings.h>
| #endif
| #ifdef HAVE_INTTYPES_H
| # include <inttypes.h>
| #endif
| #ifdef HAVE_STDINT_H
| # include <stdint.h>
| #endif
| #ifdef HAVE_UNISTD_H
| # include <unistd.h>
| #endif
| #include <ieeefp.h>
configure:20742: result: no
configure:20746: checking ieeefp.h presence
configure:20761: /usr/bin/gcc -E  conftest.c
conftest.c:26:20: error: ieeefp.h: No such file or directory
configure:20767: $? = 1
configure: failed program was:
| /* confdefs.h.  */
| #define PACKAGE_NAME ""
| #define PACKAGE_TARNAME ""
| #define PACKAGE_VERSION ""
| #define PACKAGE_STRING ""
| #define PACKAGE_BUGREPORT ""
| #define PACKAGE "libxslt"
| #define VERSION "1.1.23"
| #define STDC_HEADERS 1
| #define HAVE_SYS_TYPES_H 1
| #define HAVE_SYS_STAT_H 1
| #define HAVE_STDLIB_H 1
| #define HAVE_STRING_H 1
| #define HAVE_MEMORY_H 1
| #define HAVE_STRINGS_H 1
| #define HAVE_INTTYPES_H 1
| #define HAVE_STDINT_H 1
| #define HAVE_UNISTD_H 1
| #define HAVE_DLFCN_H 1
| #define HAVE_SYS_TYPES_H 1
| #define HAVE_SYS_TIME_H 1
| #define HAVE_STDLIB_H 1
| #define HAVE_UNISTD_H 1
| #define HAVE_STRING_H 1
| /* end confdefs.h.  */
| #include <ieeefp.h>
configure:20781: result: no
configure:20809: checking for ieeefp.h
configure:20817: result: no
configure:20705: checking nan.h usability
configure:20722: /usr/bin/gcc -c -g -O2  conftest.c >&5
conftest.c:59:17: error: nan.h: No such file or directory
configure:20728: $? = 1
configure: failed program was:
| /* confdefs.h.  */
| #define PACKAGE_NAME ""
| #define PACKAGE_TARNAME ""
| #define PACKAGE_VERSION ""
| #define PACKAGE_STRING ""
| #define PACKAGE_BUGREPORT ""
| #define PACKAGE "libxslt"
| #define VERSION "1.1.23"
| #define STDC_HEADERS 1
| #define HAVE_SYS_TYPES_H 1
| #define HAVE_SYS_STAT_H 1
| #define HAVE_STDLIB_H 1
| #define HAVE_STRING_H 1
| #define HAVE_MEMORY_H 1
| #define HAVE_STRINGS_H 1
| #define HAVE_INTTYPES_H 1
| #define HAVE_STDINT_H 1
| #define HAVE_UNISTD_H 1
| #define HAVE_DLFCN_H 1
| #define HAVE_SYS_TYPES_H 1
| #define HAVE_SYS_TIME_H 1
| #define HAVE_STDLIB_H 1
| #define HAVE_UNISTD_H 1
| #define HAVE_STRING_H 1
| /* end confdefs.h.  */
| #include <stdio.h>
| #ifdef HAVE_SYS_TYPES_H
| # include <sys/types.h>
| #endif
| #ifdef HAVE_SYS_STAT_H
| # include <sys/stat.h>
| #endif
| #ifdef STDC_HEADERS
| # include <stdlib.h>
| # include <stddef.h>
| #else
| # ifdef HAVE_STDLIB_H
| #  include <stdlib.h>
| # endif
| #endif
| #ifdef HAVE_STRING_H
| # if !defined STDC_HEADERS && defined HAVE_MEMORY_H
| #  include <memory.h>
| # endif
| # include <string.h>
| #endif
| #ifdef HAVE_STRINGS_H
| # include <strings.h>
| #endif
| #ifdef HAVE_INTTYPES_H
| # include <inttypes.h>
| #endif
| #ifdef HAVE_STDINT_H
| # include <stdint.h>
| #endif
| #ifdef HAVE_UNISTD_H
| # include <unistd.h>
| #endif
| #include <nan.h>
configure:20742: result: no
configure:20746: checking nan.h presence
configure:20761: /usr/bin/gcc -E  conftest.c
conftest.c:26:17: error: nan.h: No such file or directory
configure:20767: $? = 1
configure: failed program was:
| /* confdefs.h.  */
| #define PACKAGE_NAME ""
| #define PACKAGE_TARNAME ""
| #define PACKAGE_VERSION ""
| #define PACKAGE_STRING ""
| #define PACKAGE_BUGREPORT ""
| #define PACKAGE "libxslt"
| #define VERSION "1.1.23"
| #define STDC_HEADERS 1
| #define HAVE_SYS_TYPES_H 1
| #define HAVE_SYS_STAT_H 1
| #define HAVE_STDLIB_H 1
| #define HAVE_STRING_H 1
| #define HAVE_MEMORY_H 1
| #define HAVE_STRINGS_H 1
| #define HAVE_INTTYPES_H 1
| #define HAVE_STDINT_H 1
| #define HAVE_UNISTD_H 1
| #define HAVE_DLFCN_H 1
| #define HAVE_SYS_TYPES_H 1
| #define HAVE_SYS_TIME_H 1
| #define HAVE_STDLIB_H 1
| #define HAVE_UNISTD_H 1
| #define HAVE_STRING_H 1
| /* end confdefs.h.  */
| #include <nan.h>
configure:20781: result: no
configure:20809: checking for nan.h
configure:20817: result: no
configure:20705: checking math.h usability
configure:20722: /usr/bin/gcc -c -g -O2  conftest.c >&5
configure:20728: $? = 0
configure:20742: result: yes
configure:20746: checking math.h presence
configure:20761: /usr/bin/gcc -E  conftest.c
configure:20767: $? = 0
configure:20781: result: yes
configure:20809: checking for math.h
configure:20817: result: yes
configure:20705: checking fp_class.h usability
configure:20722: /usr/bin/gcc -c -g -O2  conftest.c >&5
conftest.c:60:22: error: fp_class.h: No such file or directory
configure:20728: $? = 1
configure: failed program was:
| /* confdefs.h.  */
| #define PACKAGE_NAME ""
| #define PACKAGE_TARNAME ""
| #define PACKAGE_VERSION ""
| #define PACKAGE_STRING ""
| #define PACKAGE_BUGREPORT ""
| #define PACKAGE "libxslt"
| #define VERSION "1.1.23"
| #define STDC_HEADERS 1
| #define HAVE_SYS_TYPES_H 1
| #define HAVE_SYS_STAT_H 1
| #define HAVE_STDLIB_H 1
| #define HAVE_STRING_H 1
| #define HAVE_MEMORY_H 1
| #define HAVE_STRINGS_H 1
| #define HAVE_INTTYPES_H 1
| #define HAVE_STDINT_H 1
| #define HAVE_UNISTD_H 1
| #define HAVE_DLFCN_H 1
| #define HAVE_SYS_TYPES_H 1
| #define HAVE_SYS_TIME_H 1
| #define HAVE_STDLIB_H 1
| #define HAVE_UNISTD_H 1
| #define HAVE_STRING_H 1
| #define HAVE_MATH_H 1
| /* end confdefs.h.  */
| #include <stdio.h>
| #ifdef HAVE_SYS_TYPES_H
| # include <sys/types.h>
| #endif
| #ifdef HAVE_SYS_STAT_H
| # include <sys/stat.h>
| #endif
| #ifdef STDC_HEADERS
| # include <stdlib.h>
| # include <stddef.h>
| #else
| # ifdef HAVE_STDLIB_H
| #  include <stdlib.h>
| # endif
| #endif
| #ifdef HAVE_STRING_H
| # if !defined STDC_HEADERS && defined HAVE_MEMORY_H
| #  include <memory.h>
| # endif
| # include <string.h>
| #endif
| #ifdef HAVE_STRINGS_H
| # include <strings.h>
| #endif
| #ifdef HAVE_INTTYPES_H
| # include <inttypes.h>
| #endif
| #ifdef HAVE_STDINT_H
| # include <stdint.h>
| #endif
| #ifdef HAVE_UNISTD_H
| # include <unistd.h>
| #endif
| #include <fp_class.h>
configure:20742: result: no
configure:20746: checking fp_class.h presence
configure:20761: /usr/bin/gcc -E  conftest.c
conftest.c:27:22: error: fp_class.h: No such file or directory
configure:20767: $? = 1
configure: failed program was:
| /* confdefs.h.  */
| #define PACKAGE_NAME ""
| #define PACKAGE_TARNAME ""
| #define PACKAGE_VERSION ""
| #define PACKAGE_STRING ""
| #define PACKAGE_BUGREPORT ""
| #define PACKAGE "libxslt"
| #define VERSION "1.1.23"
| #define STDC_HEADERS 1
| #define HAVE_SYS_TYPES_H 1
| #define HAVE_SYS_STAT_H 1
| #define HAVE_STDLIB_H 1
| #define HAVE_STRING_H 1
| #define HAVE_MEMORY_H 1
| #define HAVE_STRINGS_H 1
| #define HAVE_INTTYPES_H 1
| #define HAVE_STDINT_H 1
| #define HAVE_UNISTD_H 1
| #define HAVE_DLFCN_H 1
| #define HAVE_SYS_TYPES_H 1
| #define HAVE_SYS_TIME_H 1
| #define HAVE_STDLIB_H 1
| #define HAVE_UNISTD_H 1
| #define HAVE_STRING_H 1
| #define HAVE_MATH_H 1
| /* end confdefs.h.  */
| #include <fp_class.h>
configure:20781: result: no
configure:20809: checking for fp_class.h
configure:20817: result: no
configure:20705: checking float.h usability
configure:20722: /usr/bin/gcc -c -g -O2  conftest.c >&5
configure:20728: $? = 0
configure:20742: result: yes
configure:20746: checking float.h presence
configure:20761: /usr/bin/gcc -E  conftest.c
configure:20767: $? = 0
configure:20781: result: yes
configure:20809: checking for float.h
configure:20817: result: yes
configure:20705: checking ansidecl.h usability
configure:20722: /usr/bin/gcc -c -g -O2  conftest.c >&5
configure:20728: $? = 0
configure:20742: result: yes
configure:20746: checking ansidecl.h presence
configure:20761: /usr/bin/gcc -E  conftest.c
configure:20767: $? = 0
configure:20781: result: yes
configure:20809: checking for ansidecl.h
configure:20817: result: yes
configure:20849: checking sys/timeb.h usability
configure:20866: /usr/bin/gcc -c -g -O2  conftest.c >&5
configure:20872: $? = 0
configure:20886: result: yes
configure:20890: checking sys/timeb.h presence
configure:20905: /usr/bin/gcc -E  conftest.c
configure:20911: $? = 0
configure:20925: result: yes
configure:20953: checking for sys/timeb.h
configure:20961: result: yes
configure:20849: checking time.h usability
configure:20866: /usr/bin/gcc -c -g -O2  conftest.c >&5
configure:20872: $? = 0
configure:20886: result: yes
configure:20890: checking time.h presence
configure:20905: /usr/bin/gcc -E  conftest.c
configure:20911: $? = 0
configure:20925: result: yes
configure:20953: checking for time.h
configure:20961: result: yes
configure:20839: checking for sys/stat.h
configure:20845: result: yes
configure:20849: checking sys/select.h usability
configure:20866: /usr/bin/gcc -c -g -O2  conftest.c >&5
configure:20872: $? = 0
configure:20886: result: yes
configure:20890: checking sys/select.h presence
configure:20905: /usr/bin/gcc -E  conftest.c
configure:20911: $? = 0
configure:20925: result: yes
configure:20953: checking for sys/select.h
configure:20961: result: yes
configure:20849: checking stdarg.h usability
configure:20866: /usr/bin/gcc -c -g -O2  conftest.c >&5
configure:20872: $? = 0
configure:20886: result: yes
configure:20890: checking stdarg.h presence
configure:20905: /usr/bin/gcc -E  conftest.c
configure:20911: $? = 0
configure:20925: result: yes
configure:20953: checking for stdarg.h
configure:20961: result: yes
configure:20979: checking for stat
configure:21035: /usr/bin/gcc -o conftest -g -O2   conftest.c  >&5
configure:21041: $? = 0
configure:21059: result: yes
configure:20979: checking for _stat
configure:21035: /usr/bin/gcc -o conftest -g -O2   conftest.c  >&5
Undefined symbols:
  "__stat", referenced from:
      _main in cc4a1vdT.o
ld: symbol(s) not found
collect2: ld returned 1 exit status
configure:21041: $? = 1
configure: failed program was:
| /* confdefs.h.  */
| #define PACKAGE_NAME ""
| #define PACKAGE_TARNAME ""
| #define PACKAGE_VERSION ""
| #define PACKAGE_STRING ""
| #define PACKAGE_BUGREPORT ""
| #define PACKAGE "libxslt"
| #define VERSION "1.1.23"
| #define STDC_HEADERS 1
| #define HAVE_SYS_TYPES_H 1
| #define HAVE_SYS_STAT_H 1
| #define HAVE_STDLIB_H 1
| #define HAVE_STRING_H 1
| #define HAVE_MEMORY_H 1
| #define HAVE_STRINGS_H 1
| #define HAVE_INTTYPES_H 1
| #define HAVE_STDINT_H 1
| #define HAVE_UNISTD_H 1
| #define HAVE_DLFCN_H 1
| #define HAVE_SYS_TYPES_H 1
| #define HAVE_SYS_TIME_H 1
| #define HAVE_STDLIB_H 1
| #define HAVE_UNISTD_H 1
| #define HAVE_STRING_H 1
| #define HAVE_MATH_H 1
| #define HAVE_FLOAT_H 1
| #define HAVE_ANSIDECL_H 1
| #define HAVE_SYS_TIMEB_H 1
| #define HAVE_TIME_H 1
| #define HAVE_SYS_STAT_H 1
| #define HAVE_SYS_SELECT_H 1
| #define HAVE_STDARG_H 1
| #define HAVE_STAT 1
| /* end confdefs.h.  */
| /* Define _stat to an innocuous variant, in case <limits.h> declares _stat.
|    For example, HP-UX 11i <limits.h> declares gettimeofday.  */
| #define _stat innocuous__stat
| 
| /* System header to define __stub macros and hopefully few prototypes,
|     which can conflict with char _stat (); below.
|     Prefer <limits.h> to <assert.h> if __STDC__ is defined, since
|     <limits.h> exists even on freestanding compilers.  */
| 
| #ifdef __STDC__
| # include <limits.h>
| #else
| # include <assert.h>
| #endif
| 
| #undef _stat
| 
| /* Override any GCC internal prototype to avoid an error.
|    Use char because int might match the return type of a GCC
|    builtin and then its argument prototype would still apply.  */
| #ifdef __cplusplus
| extern "C"
| #endif
| char _stat ();
| /* The GNU C library defines this for functions which it implements
|     to always fail with ENOSYS.  Some functions are actually named
|     something starting with __ and the normal name is an alias.  */
| #if defined __stub__stat || defined __stub____stat
| choke me
| #endif
| 
| int
| main ()
| {
| return _stat ();
|   ;
|   return 0;
| }
configure:21059: result: no
configure:21069: checking for isnan
configure:21125: /usr/bin/gcc -o conftest -g -O2   conftest.c  >&5
conftest.c:58: warning: conflicting types for built-in function 'isnan'
configure:21131: $? = 0
configure:21148: result: yes
configure:21224: checking for isinf
configure:21280: /usr/bin/gcc -o conftest -g -O2   conftest.c  >&5
conftest.c:58: warning: conflicting types for built-in function 'isinf'
configure:21286: $? = 0
configure:21303: result: yes
configure:21379: checking for pow
configure:21435: /usr/bin/gcc -o conftest -g -O2   conftest.c  >&5
conftest.c:58: warning: conflicting types for built-in function 'pow'
configure:21441: $? = 0
configure:21458: result: yes
configure:21534: checking for floor
configure:21590: /usr/bin/gcc -o conftest -g -O2   conftest.c  >&5
conftest.c:58: warning: conflicting types for built-in function 'floor'
configure:21596: $? = 0
configure:21613: result: yes
configure:21689: checking for fabs
configure:21745: /usr/bin/gcc -o conftest -g -O2   conftest.c  >&5
conftest.c:58: warning: conflicting types for built-in function 'fabs'
configure:21751: $? = 0
configure:21768: result: yes
configure:21847: checking for gettimeofday
configure:21903: /usr/bin/gcc -o conftest -g -O2   conftest.c  >&5
configure:21909: $? = 0
configure:21927: result: yes
configure:21947: checking for mktime
configure:22003: /usr/bin/gcc -o conftest -g -O2   conftest.c  >&5
configure:22009: $? = 0
configure:22027: result: yes
configure:21947: checking for localtime
configure:22003: /usr/bin/gcc -o conftest -g -O2   conftest.c  >&5
configure:22009: $? = 0
configure:22027: result: yes
configure:21947: checking for localtime_r
configure:22003: /usr/bin/gcc -o conftest -g -O2   conftest.c  >&5
configure:22009: $? = 0
configure:22027: result: yes
configure:21947: checking for asctime
configure:22003: /usr/bin/gcc -o conftest -g -O2   conftest.c  >&5
configure:22009: $? = 0
configure:22027: result: yes
configure:21947: checking for time
configure:22003: /usr/bin/gcc -o conftest -g -O2   conftest.c  >&5
configure:22009: $? = 0
configure:22027: result: yes
configure:21947: checking for gmtime_r
configure:22003: /usr/bin/gcc -o conftest -g -O2   conftest.c  >&5
configure:22009: $? = 0
configure:22027: result: yes
configure:21947: checking for ftime
configure:22003: /usr/bin/gcc -o conftest -g -O2   conftest.c  >&5
configure:22009: $? = 0
configure:22027: result: yes
configure:22049: checking for printf
configure:22105: /usr/bin/gcc -o conftest -g -O2   conftest.c  >&5
conftest.c:66: warning: conflicting types for built-in function 'printf'
configure:22111: $? = 0
configure:22129: result: yes
configure:22049: checking for sprintf
configure:22105: /usr/bin/gcc -o conftest -g -O2   conftest.c  >&5
conftest.c:67: warning: conflicting types for built-in function 'sprintf'
configure:22111: $? = 0
configure:22129: result: yes
configure:22049: checking for fprintf
configure:22105: /usr/bin/gcc -o conftest -g -O2   conftest.c  >&5
conftest.c:68: warning: conflicting types for built-in function 'fprintf'
configure:22111: $? = 0
configure:22129: result: yes
configure:22049: checking for snprintf
configure:22105: /usr/bin/gcc -o conftest -g -O2   conftest.c  >&5
conftest.c:69: warning: conflicting types for built-in function 'snprintf'
configure:22111: $? = 0
configure:22129: result: yes
configure:22049: checking for vfprintf
configure:22105: /usr/bin/gcc -o conftest -g -O2   conftest.c  >&5
conftest.c:70: warning: conflicting types for built-in function 'vfprintf'
configure:22111: $? = 0
configure:22129: result: yes
configure:22049: checking for vsprintf
configure:22105: /usr/bin/gcc -o conftest -g -O2   conftest.c  >&5
conftest.c:71: warning: conflicting types for built-in function 'vsprintf'
configure:22111: $? = 0
configure:22129: result: yes
configure:22049: checking for vsnprintf
configure:22105: /usr/bin/gcc -o conftest -g -O2   conftest.c  >&5
conftest.c:72: warning: conflicting types for built-in function 'vsnprintf'
configure:22111: $? = 0
configure:22129: result: yes
configure:22049: checking for sscanf
configure:22105: /usr/bin/gcc -o conftest -g -O2   conftest.c  >&5
conftest.c:73: warning: conflicting types for built-in function 'sscanf'
configure:22111: $? = 0
configure:22129: result: yes
configure:22156: checking for perl
configure:22172: found /usr/bin/perl
configure:22184: result: perl
configure:22230: checking for python
configure:22248: found /usr/bin/python
configure:22260: result: /usr/bin/python
configure:22350: checking for libgcrypt-config
configure:22381: result: no
configure:22527: checking for libxml libraries >= 2.6.27
configure:22583: result: 2.7.8 found
configure:22612: checking whether shared libraries will be built (required for plugins)
configure:22623: result: yes
configure:22628: checking libxml2 module support
configure:22632: result: yes
configure:22885: creating ./config.status

## ---------------------- ##
## Running config.status. ##
## ---------------------- ##

This file was extended by config.status, which was
generated by GNU Autoconf 2.61.  Invocation command line was

  CONFIG_FILES    = 
  CONFIG_HEADERS  = 
  CONFIG_LINKS    = 
  CONFIG_COMMANDS = 
  $ ./config.status 

on Chriss-iPad

config.status:762: creating Makefile
config.status:762: creating libxslt.pc
config.status:762: creating libexslt.pc
config.status:762: creating libxslt/Makefile
config.status:762: creating libxslt/xsltconfig.h
config.status:762: creating libxslt/xsltwin32config.h
config.status:762: creating libexslt/Makefile
config.status:762: creating libexslt/exsltconfig.h
config.status:762: creating xsltproc/Makefile
config.status:762: creating python/Makefile
config.status:762: creating python/tests/Makefile
config.status:762: creating tests/Makefile
config.status:762: creating tests/docs/Makefile
config.status:762: creating tests/REC1/Makefile
config.status:762: creating tests/REC2/Makefile
config.status:762: creating tests/REC/Makefile
config.status:762: creating tests/general/Makefile
config.status:762: creating tests/reports/Makefile
config.status:762: creating tests/extensions/Makefile
config.status:762: creating tests/namespaces/Makefile
config.status:762: creating tests/keys/Makefile
config.status:762: creating tests/numbers/Makefile
config.status:762: creating tests/documents/Makefile
config.status:762: creating tests/xmlspec/Makefile
config.status:762: creating tests/multiple/Makefile
config.status:762: creating tests/xinclude/Makefile
config.status:762: creating tests/XSLTMark/Makefile
config.status:762: creating tests/docbook/Makefile
config.status:762: creating tests/exslt/Makefile
config.status:762: creating tests/exslt/common/Makefile
config.status:762: creating tests/exslt/functions/Makefile
config.status:762: creating tests/exslt/math/Makefile
config.status:762: creating tests/exslt/sets/Makefile
config.status:762: creating tests/exslt/strings/Makefile
config.status:762: creating tests/exslt/date/Makefile
config.status:762: creating tests/exslt/dynamic/Makefile
config.status:762: creating tests/plugins/Makefile
config.status:762: creating doc/Makefile
config.status:762: creating xslt-config
config.status:762: creating libxslt.spec
config.status:762: creating config.h
config.status:1074: executing depfiles commands

## ---------------- ##
## Cache variables. ##
## ---------------- ##

ac_cv_build=arm-apple-darwin10.4.0
ac_cv_c_compiler_gnu=yes
ac_cv_cxx_compiler_gnu=yes
ac_cv_env_CCC_set=
ac_cv_env_CCC_value=
ac_cv_env_CC_set=set
ac_cv_env_CC_value=/usr/bin/gcc
ac_cv_env_CFLAGS_set=
ac_cv_env_CFLAGS_value=
ac_cv_env_CPPFLAGS_set=
ac_cv_env_CPPFLAGS_value=
ac_cv_env_CPP_set=
ac_cv_env_CPP_value=
ac_cv_env_CXXCPP_set=
ac_cv_env_CXXCPP_value=
ac_cv_env_CXXFLAGS_set=
ac_cv_env_CXXFLAGS_value=
ac_cv_env_CXX_set=
ac_cv_env_CXX_value=
ac_cv_env_F77_set=
ac_cv_env_F77_value=
ac_cv_env_FFLAGS_set=
ac_cv_env_FFLAGS_value=
ac_cv_env_LDFLAGS_set=
ac_cv_env_LDFLAGS_value=
ac_cv_env_LIBS_set=
ac_cv_env_LIBS_value=
ac_cv_env_build_alias_set=
ac_cv_env_build_alias_value=
ac_cv_env_host_alias_set=
ac_cv_env_host_alias_value=
ac_cv_env_target_alias_set=
ac_cv_env_target_alias_value=
ac_cv_f77_compiler_gnu=no
ac_cv_func__stat=no
ac_cv_func_asctime=yes
ac_cv_func_fabs=yes
ac_cv_func_floor=yes
ac_cv_func_fprintf=yes
ac_cv_func_ftime=yes
ac_cv_func_gettimeofday=yes
ac_cv_func_gmtime_r=yes
ac_cv_func_isinf=yes
ac_cv_func_isnan=yes
ac_cv_func_localtime=yes
ac_cv_func_localtime_r=yes
ac_cv_func_mktime=yes
ac_cv_func_pow=yes
ac_cv_func_printf=yes
ac_cv_func_snprintf=yes
ac_cv_func_sprintf=yes
ac_cv_func_sscanf=yes
ac_cv_func_stat=yes
ac_cv_func_time=yes
ac_cv_func_vfprintf=yes
ac_cv_func_vsnprintf=yes
ac_cv_func_vsprintf=yes
ac_cv_header_ansidecl_h=yes
ac_cv_header_dlfcn_h=yes
ac_cv_header_float_h=yes
ac_cv_header_fp_class_h=no
ac_cv_header_ieeefp_h=no
ac_cv_header_inttypes_h=yes
ac_cv_header_math_h=yes
ac_cv_header_memory_h=yes
ac_cv_header_nan_h=no
ac_cv_header_stdarg_h=yes
ac_cv_header_stdc=yes
ac_cv_header_stdint_h=yes
ac_cv_header_stdlib_h=yes
ac_cv_header_string_h=yes
ac_cv_header_strings_h=yes
ac_cv_header_sys_select_h=yes
ac_cv_header_sys_stat_h=yes
ac_cv_header_sys_time_h=yes
ac_cv_header_sys_timeb_h=yes
ac_cv_header_sys_types_h=yes
ac_cv_header_time_h=yes
ac_cv_header_unistd_h=yes
ac_cv_host=arm-apple-darwin10.4.0
ac_cv_objext=o
ac_cv_path_EGREP='/bin/grep -E'
ac_cv_path_GREP=/bin/grep
ac_cv_path_LIBGCRYPT_CONFIG=no
ac_cv_path_MV=/bin/mv
ac_cv_path_PYTHON=/usr/bin/python
ac_cv_path_RM=/bin/rm
ac_cv_path_TAR=/usr/bin/tar
ac_cv_path_install='/usr/bin/install -c'
ac_cv_path_mkdir=/bin/mkdir
ac_cv_prog_AWK=gawk
ac_cv_prog_CPP='/usr/bin/gcc -E'
ac_cv_prog_CXXCPP='g++ -E'
ac_cv_prog_PERL=perl
ac_cv_prog_ac_ct_AR=ar
ac_cv_prog_ac_ct_CC=/usr/bin/gcc
ac_cv_prog_ac_ct_CXX=g++
ac_cv_prog_ac_ct_RANLIB=ranlib
ac_cv_prog_ac_ct_STRIP=strip
ac_cv_prog_cc_c89=
ac_cv_prog_cc_g=yes
ac_cv_prog_cxx_g=yes
ac_cv_prog_f77_g=no
ac_cv_prog_make_make_set=yes
ac_cv_search_strerror='none required'
am_cv_CC_dependencies_compiler_type=gcc3
am_cv_CXX_dependencies_compiler_type=gcc3
lt_cv_deplibs_check_method=pass_all
lt_cv_file_magic_cmd='$MAGIC_CMD'
lt_cv_file_magic_test_file=
lt_cv_ld_reload_flag=-r
lt_cv_objdir=.libs
lt_cv_path_LD=/usr/bin/ld
lt_cv_path_LDCXX=/usr/bin/ld
lt_cv_path_NM='/usr/bin/nm -p'
lt_cv_path_SED=/bin/sed
lt_cv_prog_compiler_c_o=yes
lt_cv_prog_compiler_c_o_CXX=yes
lt_cv_prog_compiler_rtti_exceptions=no
lt_cv_prog_gnu_ld=no
lt_cv_prog_gnu_ldcxx=no
lt_cv_sys_global_symbol_pipe='sed -n -e '\''s/^.*[ 	]\([BCDEGRST][BCDEGRST]*\)[ 	][ 	]*_\([_A-Za-z][_A-Za-z0-9]*\)$/\1 _\2 \2/p'\'''
lt_cv_sys_global_symbol_to_c_name_address='sed -n -e '\''s/^: \([^ ]*\) $/  {\"\1\", (lt_ptr) 0},/p'\'' -e '\''s/^[BCDEGRST] \([^ ]*\) \([^ ]*\)$/  {"\2", (lt_ptr) \&\2},/p'\'''
lt_cv_sys_global_symbol_to_cdecl='sed -n -e '\''s/^. .* \(.*\)$/extern int \1;/p'\'''
lt_cv_sys_max_cmd_len=196608
lt_lt_cv_prog_compiler_c_o='"yes"'
lt_lt_cv_prog_compiler_c_o_CXX='"yes"'
lt_lt_cv_sys_global_symbol_pipe='"sed -n -e '\''s/^.*[ 	]\\([BCDEGRST][BCDEGRST]*\\)[ 	][ 	]*_\\([_A-Za-z][_A-Za-z0-9]*\\)\$/\\1 _\\2 \\2/p'\''"'
lt_lt_cv_sys_global_symbol_to_c_name_address='"sed -n -e '\''s/^: \\([^ ]*\\) \$/  {\\\"\\1\\\", (lt_ptr) 0},/p'\'' -e '\''s/^[BCDEGRST] \\([^ ]*\\) \\([^ ]*\\)\$/  {\"\\2\", (lt_ptr) \\&\\2},/p'\''"'
lt_lt_cv_sys_global_symbol_to_cdecl='"sed -n -e '\''s/^. .* \\(.*\\)\$/extern int \\1;/p'\''"'

## ----------------- ##
## Output variables. ##
## ----------------- ##

ACLOCAL='${SHELL} /home/chris/libxslt-1.1.23/missing --run aclocal-1.10'
AMDEPBACKSLASH='\'
AMDEP_FALSE='#'
AMDEP_TRUE=''
AMTAR='${SHELL} /home/chris/libxslt-1.1.23/missing --run tar'
AR='ar'
AUTOCONF='${SHELL} /home/chris/libxslt-1.1.23/missing --run autoconf'
AUTOHEADER='${SHELL} /home/chris/libxslt-1.1.23/missing --run autoheader'
AUTOMAKE='${SHELL} /home/chris/libxslt-1.1.23/missing --run automake-1.10'
AWK='gawk'
CC='/usr/bin/gcc'
CCDEPMODE='depmode=gcc3'
CFLAGS='-g -O2 -Wall'
CPP='/usr/bin/gcc -E'
CPPFLAGS=''
CXX='g++'
CXXCPP='g++ -E'
CXXDEPMODE='depmode=gcc3'
CXXFLAGS='-g -O2'
CYGPATH_W='echo'
DEFS='-DHAVE_CONFIG_H'
DEPDIR='.deps'
ECHO='echo'
ECHO_C=''
ECHO_N='-n'
ECHO_T=''
EGREP='/bin/grep -E'
EXEEXT=''
EXSLT_INCLUDEDIR='-I${includedir}'
EXSLT_LIBDIR='-L${libdir}'
EXSLT_LIBS='-lexslt -lxslt  -L/usr/local/lib -lxml2 -lz -lpthread -lm  '
EXTRA_LIBS='  -L/usr/local/lib -lxml2 -lz -lpthread -lm '
F77=''
FFLAGS=''
GREP='/bin/grep'
HTML_DIR='$(prefix)/doc'
INSTALL_DATA='${INSTALL} -m 644'
INSTALL_PROGRAM='${INSTALL}'
INSTALL_SCRIPT='${INSTALL}'
INSTALL_STRIP_PROGRAM='$(install_sh) -c -s'
LDFLAGS=''
LIBEXSLT_MAJOR_VERSION='0'
LIBEXSLT_MICRO_VERSION='13'
LIBEXSLT_MINOR_VERSION='8'
LIBEXSLT_VERSION='0.8.13'
LIBEXSLT_VERSION_EXTRA=''
LIBEXSLT_VERSION_INFO='8:13:8'
LIBEXSLT_VERSION_NUMBER='813'
LIBGCRYPT_CFLAGS=''
LIBGCRYPT_CONFIG='no'
LIBGCRYPT_LIBS=''
LIBOBJS=''
LIBS=''
LIBTOOL='$(SHELL) $(top_builddir)/libtool'
LIBXML_CFLAGS=' -I/usr/local/include/libxml2'
LIBXML_LIBS=' -L/usr/local/lib -lxml2 -lz -lpthread -lm'
LIBXML_REQUIRED_VERSION='2.6.27'
LIBXML_SRC=''
LIBXSLT_DEFAULT_PLUGINS_PATH='/usr/local/lib/libxslt-plugins'
LIBXSLT_MAJOR_MINOR_VERSION='1.1'
LIBXSLT_MAJOR_VERSION='1'
LIBXSLT_MICRO_VERSION='23'
LIBXSLT_MINOR_VERSION='1'
LIBXSLT_VERSION='1.1.23'
LIBXSLT_VERSION_EXTRA=''
LIBXSLT_VERSION_INFO='2:23:1'
LIBXSLT_VERSION_NUMBER='10123'
LN_S='ln -s'
LTLIBOBJS=''
MAKEINFO='${SHELL} /home/chris/libxslt-1.1.23/missing --run makeinfo'
MV='/bin/mv'
M_LIBS=''
OBJEXT='o'
PACKAGE='libxslt'
PACKAGE_BUGREPORT=''
PACKAGE_NAME=''
PACKAGE_STRING=''
PACKAGE_TARNAME=''
PACKAGE_VERSION=''
PATH_SEPARATOR=':'
PERL='perl'
PYTHON='/usr/bin/python'
PYTHONSODV=''
PYTHON_INCLUDES='/usr/include/python2.5'
PYTHON_SITE_PACKAGES='/usr/lib/python2.5/site-packages'
PYTHON_SUBDIR='python'
PYTHON_VERSION='2.5'
RANLIB='ranlib'
RELDATE='Mon Nov 14 2011'
RM='/bin/rm'
SED='/bin/sed'
SET_MAKE=''
SHELL='/bin/sh'
STATIC_BINARIES=''
STRIP='strip'
TAR='/usr/bin/tar'
VERSION='1.1.23'
WIN32_EXTRA_LDFLAGS=''
WIN32_EXTRA_LIBADD=''
WITH_CRYPTO='0'
WITH_DEBUGGER='1'
WITH_MEM_DEBUG='0'
WITH_MODULES='1'
WITH_MODULES_FALSE='#'
WITH_MODULES_TRUE=''
WITH_PERL_FALSE='#'
WITH_PERL_TRUE=''
WITH_PYTHON_FALSE='#'
WITH_PYTHON_TRUE=''
WITH_TRIO='0'
WITH_XSLT_DEBUG='1'
XML_CONFIG='xml2-config'
XSLTPROCDV=''
XSLT_INCLUDEDIR='-I${includedir}'
XSLT_LIBDIR='-L${libdir}'
XSLT_LIBS='-lxslt  -L/usr/local/lib -lxml2 -lz -lpthread -lm '
ac_ct_CC='/usr/bin/gcc'
ac_ct_CXX='g++'
ac_ct_F77=''
am__fastdepCC_FALSE='#'
am__fastdepCC_TRUE=''
am__fastdepCXX_FALSE='#'
am__fastdepCXX_TRUE=''
am__include='include'
am__isrc=''
am__leading_dot='.'
am__quote=''
am__tar='${AMTAR} chof - "$$tardir"'
am__untar='${AMTAR} xf -'
bindir='${exec_prefix}/bin'
build='arm-apple-darwin10.4.0'
build_alias=''
build_cpu='arm'
build_os='darwin10.4.0'
build_vendor='apple'
datadir='${datarootdir}'
datarootdir='${prefix}/share'
docdir='${datarootdir}/doc/${PACKAGE}'
dvidir='${docdir}'
exec_prefix='${prefix}'
host='arm-apple-darwin10.4.0'
host_alias=''
host_cpu='arm'
host_os='darwin10.4.0'
host_vendor='apple'
htmldir='${docdir}'
includedir='${prefix}/include'
infodir='${datarootdir}/info'
install_sh='$(SHELL) /home/chris/libxslt-1.1.23/install-sh'
libdir='${exec_prefix}/lib'
libexecdir='${exec_prefix}/libexec'
localedir='${datarootdir}/locale'
localstatedir='${prefix}/var'
mandir='${datarootdir}/man'
mkdir_p='/bin/mkdir -p'
oldincludedir='/usr/include'
pdfdir='${docdir}'
prefix='/usr/local'
program_transform_name='s,x,x,'
psdir='${docdir}'
pythondir='$(libdir)/python$(PYTHON_VERSION)/site-packages'
sbindir='${exec_prefix}/sbin'
sharedstatedir='${prefix}/com'
sysconfdir='${prefix}/etc'
target_alias=''

## ----------- ##
## confdefs.h. ##
## ----------- ##

#define PACKAGE_NAME ""
#define PACKAGE_TARNAME ""
#define PACKAGE_VERSION ""
#define PACKAGE_STRING ""
#define PACKAGE_BUGREPORT ""
#define PACKAGE "libxslt"
#define VERSION "1.1.23"
#define STDC_HEADERS 1
#define HAVE_SYS_TYPES_H 1
#define HAVE_SYS_STAT_H 1
#define HAVE_STDLIB_H 1
#define HAVE_STRING_H 1
#define HAVE_MEMORY_H 1
#define HAVE_STRINGS_H 1
#define HAVE_INTTYPES_H 1
#define HAVE_STDINT_H 1
#define HAVE_UNISTD_H 1
#define HAVE_DLFCN_H 1
#define HAVE_SYS_TYPES_H 1
#define HAVE_SYS_TIME_H 1
#define HAVE_STDLIB_H 1
#define HAVE_UNISTD_H 1
#define HAVE_STRING_H 1
#define HAVE_MATH_H 1
#define HAVE_FLOAT_H 1
#define HAVE_ANSIDECL_H 1
#define HAVE_SYS_TIMEB_H 1
#define HAVE_TIME_H 1
#define HAVE_SYS_STAT_H 1
#define HAVE_SYS_SELECT_H 1
#define HAVE_STDARG_H 1
#define HAVE_STAT 1
#define HAVE_GETTIMEOFDAY 1
#define HAVE_MKTIME 1
#define HAVE_LOCALTIME 1
#define HAVE_LOCALTIME_R 1
#define HAVE_ASCTIME 1
#define HAVE_TIME 1
#define HAVE_GMTIME_R 1
#define HAVE_FTIME 1
#define HAVE_PRINTF 1
#define HAVE_SPRINTF 1
#define HAVE_FPRINTF 1
#define HAVE_SNPRINTF 1
#define HAVE_VFPRINTF 1
#define HAVE_VSPRINTF 1
#define HAVE_VSNPRINTF 1
#define HAVE_SSCANF 1
#define WITH_DEBUGGER 1

configure: exit 0
